17:36:55.745 [main                     ] DEBUG Logger               - Configured Logger
17:36:55.796 [main                     ] DEBUG GameApplication      - Logging settings
Title: Untitled
Version: 0.0
Width: 800
Height: 600
Fullscreen: false
Intro: false
Profiling: false
Single step:false
App Mode: DEVELOPER
Menu Key: ESCAPE
Stage Style: DECORATED
Scene Factory: class com.almasb.fxgl.app.scene.SceneFactory

17:36:56.962 [JavaFX Application Thread] DEBUG FXGLApplication      - Initializing FXGL
17:36:56.974 [JavaFX Application Thread] INFO  Engine               - FXGL-17 (31.12.2021 18.16) on WINDOWS (J:17.0.10 FX:17.0.0.1)
17:36:56.975 [JavaFX Application Thread] DEBUG Engine               - JRE Vendor Name: Oracle Corporation
17:36:56.976 [JavaFX Application Thread] DEBUG Engine               - Running on OS: Windows 11 version 10.0
17:36:56.976 [JavaFX Application Thread] DEBUG Engine               - Architecture: amd64
17:36:56.976 [JavaFX Application Thread] INFO  Engine               - Source code and latest versions at: https://github.com/AlmasB/FXGL
17:36:56.977 [JavaFX Application Thread] INFO  Engine               -       Ask questions and discuss at: https://github.com/AlmasB/FXGL/discussions
17:36:56.977 [JavaFX Application Thread] INFO  Engine               -              Join the FXGL chat at: https://gitter.im/AlmasB/FXGL
17:36:57.129 [JavaFX Application Thread] DEBUG PrimaryStageWindow   - Creating a JavaFX scene
17:36:57.202 [JavaFX Application Thread] DEBUG PrimaryStageWindow   - Target settings size: 800.0 x 600.0
17:36:57.203 [JavaFX Application Thread] DEBUG PrimaryStageWindow   - Scaled scene size:    800.0 x 600.0
17:36:57.204 [JavaFX Application Thread] DEBUG PrimaryStageWindow   - Scaled ratio: (1.0, 1.0)
17:36:57.206 [JavaFX Application Thread] DEBUG PrimaryStageWindow   - Set initial scene to FXGLStartupScene
17:36:57.220 [JavaFX Application Thread] DEBUG PrimaryStageWindow   - Opening main window
17:36:57.368 [JavaFX Application Thread] DEBUG PrimaryStageWindow   - Window border size: (14.4000244140625, 37.5999755859375)
17:36:57.368 [JavaFX Application Thread] DEBUG PrimaryStageWindow   - Scaled size: 800.0 x 600.0
17:36:57.369 [JavaFX Application Thread] DEBUG PrimaryStageWindow   - Scaled ratio: (1.0, 1.0)
17:36:57.369 [JavaFX Application Thread] DEBUG PrimaryStageWindow   - Scene size: 800.0 x 600.0
17:36:57.370 [JavaFX Application Thread] DEBUG PrimaryStageWindow   - Stage size: 814.4000244140625 x 637.5999755859375
17:36:57.386 [FXGL Background Thread 1 ] DEBUG Engine               - Initializing environment variables
17:36:57.455 [FXGL Background Thread 1 ] DEBUG FXGLAssetLoaderServi - User app class for loading assets: class com.alatus.game.ImageGame
17:36:57.455 [FXGL Background Thread 1 ] DEBUG GameApplicationServi - Applying CSS: fxgl_dark.css
17:36:57.456 [FXGL Background Thread 1 ] DEBUG FXGLAssetLoaderServi - Loading from file system: jar:file:///C:/Maven/repository/com/github/almasb/fxgl/17/fxgl-17.jar!/fxglassets/ui/css/fxgl_dark.css
17:36:57.524 [FXGL Background Thread 1 ] DEBUG GameApplicationServi - Initializing application scenes
17:36:57.643 [FXGL Background Thread 1 ] DEBUG GameWorld            - Game world initialized
17:36:57.754 [FXGL Background Thread 1 ] DEBUG PhysicsWorld         - Physics world initialized: appHeight=600, physics.ppm=50.0
17:36:57.754 [FXGL Background Thread 1 ] DEBUG PhysicsWorld         - Using strategy: BRUTE_FORCE
17:36:57.766 [FXGL Background Thread 1 ] DEBUG GameScene            - Game scene initialized: 800x600
17:36:57.803 [FXGL Background Thread 1 ] DEBUG FXGL.DefaultMenu     - createMenuBodyGameMenu()
17:36:57.830 [FXGL Background Thread 1 ] DEBUG FXGL.DefaultMenu     - createOptionsMenu()
17:36:57.849 [FXGL Background Thread 1 ] DEBUG FXGLAssetLoaderServi - Loading from file system: jar:file:///C:/Maven/repository/com/github/almasb/fxgl/17/fxgl-17.jar!/fxglassets/textures/particles/smoke.png
17:36:58.050 [FXGL Background Thread 1 ] DEBUG FXGLAssetLoaderServi - Loading from file system: jar:file:///C:/Maven/repository/com/github/almasb/fxgl/17/fxgl-17.jar!/fxglassets/textures/particles/trace_horizontal.png
17:36:58.097 [FXGL Background Thread 1 ] DEBUG GameApplicationServi - Application scenes initialized
17:36:58.118 [FXGL Background Thread 1 ] DEBUG SystemBundleService  - Loading FXGL system data
17:36:58.126 [FXGL Background Thread 1 ] DEBUG FileSystemAccess     - Reading from: C:\Users\15713\IdeaProjects\FXGL\system\fxgl.bundle
17:36:58.137 [FXGL Background Thread 1 ] DEBUG SystemBundleService  - Bundle FXGL: {}
17:36:58.137 [FXGL Background Thread 1 ] DEBUG UpdaterService       - Checking for updates
17:36:58.143 [FXGL Background Thread 4 ] DEBUG FXGLApplication      - Loading fonts
17:36:58.144 [FXGL Background Thread 1 ] DEBUG FXGLApplication      - Loading default localization
17:36:58.144 [FXGL Background Thread 4 ] DEBUG FXGLAssetLoaderServi - Loading from file system: jar:file:///C:/Maven/repository/com/github/almasb/fxgl/17/fxgl-17.jar!/fxglassets/ui/fonts/VarelaRound-Regular.ttf
17:36:58.145 [FXGL Background Thread 1 ] DEBUG FXGLAssetLoaderServi - Loading from file system: jar:file:///C:/Maven/repository/com/github/almasb/fxgl/17/fxgl-17.jar!/fxglassets/languages/english.lang
17:36:58.218 [FXGL Background Thread 1 ] INFO  FXGLApplication      - FXGL initialization took: 0.832 sec
17:36:58.221 [JavaFX Application Thread] DEBUG FXGLAssetLoaderServi - Loading from file system: jar:file:///C:/Maven/repository/com/github/almasb/fxgl/17/fxgl-17.jar!/fxglassets/textures/fxgl_icon.png
17:36:58.268 [JavaFX Application Thread] DEBUG FXGLAssetLoaderServi - Loading from file system: jar:file:///C:/Maven/repository/com/github/almasb/fxgl/17/fxgl-17.jar!/fxglassets/textures/fxgl_default_cursor.png
17:36:58.294 [JavaFX Application Thread] DEBUG Input                - Registered new binding: Screenshot - CTRL+8
17:36:58.295 [JavaFX Application Thread] DEBUG Input                - Registered new binding: System info dump - CTRL+9
17:36:58.296 [JavaFX Application Thread] DEBUG Input                - Registered new binding: Restart - CTRL+R
17:36:58.299 [JavaFX Application Thread] DEBUG Input                - Registered new binding: Toggle Debug Camera - CTRL+7
17:36:58.308 [JavaFX Application Thread] DEBUG LoopRunner           - Starting loop
17:36:58.308 [JavaFX Application Thread] DEBUG LoopRunner           - Initializing JavaFX AnimationTimerLoop
17:36:58.314 [JavaFX Application Thread] DEBUG GameApplicationServi - Starting new game
17:36:58.316 [JavaFX Application Thread] DEBUG Input                - Clearing active input actions
17:36:58.330 [FXGL Background Thread 4 ] DEBUG FXGLAssetLoaderServi - Loading from file system: jar:file:///C:/Maven/repository/com/github/almasb/fxgl/17/fxgl-17.jar!/fxglassets/ui/fonts/Abel-Regular.ttf
17:36:58.336 [FXGL Background Thread 4 ] DEBUG FXGLAssetLoaderServi - Loading from file system: jar:file:///C:/Maven/repository/com/github/almasb/fxgl/17/fxgl-17.jar!/fxglassets/ui/fonts/TerminalLandMono-Regular.otf
17:36:58.339 [JavaFX Application Thread] DEBUG GameApplicationServi - Removing overlay from FXGLStartupScene and adding to FXGLLoadingScene
17:36:58.339 [JavaFX Application Thread] DEBUG PrimaryStageWindow   - FXGLStartupScene -> FXGLLoadingScene
17:36:58.340 [JavaFX Application Thread] DEBUG GameApplicationServi - Clearing previous game
17:36:58.340 [JavaFX Application Thread] DEBUG GameScene            - Clearing game scene
17:36:58.340 [JavaFX Application Thread] DEBUG GameWorld            - Clearing game world
17:36:58.340 [JavaFX Application Thread] DEBUG PhysicsWorld         - Clearing physics world
17:36:58.343 [FXGL Background Thread 1 ] DEBUG FXGLApplication      - Initializing game
17:36:58.344 [FXGL Background Thread 4 ] DEBUG FXGLAssetLoaderServi - Loading from file system: jar:file:///C:/Maven/repository/com/github/almasb/fxgl/17/fxgl-17.jar!/fxglassets/ui/fonts/Courier-Prime.ttf
17:36:58.369 [FXGL Background Thread 1 ] DEBUG FXGLAssetLoaderServi - Loading from file system: file:/C:/Users/15713/IdeaProjects/FXGL/ImageGame/target/classes/assets/textures/Nahida/image0.png
17:36:58.377 [FXGL Background Thread 1 ] DEBUG FXGLAssetLoaderServi - Loading from file system: file:/C:/Users/15713/IdeaProjects/FXGL/ImageGame/target/classes/assets/textures/Nahida/image1.png
17:36:58.383 [FXGL Background Thread 1 ] DEBUG FXGLAssetLoaderServi - Loading from file system: file:/C:/Users/15713/IdeaProjects/FXGL/ImageGame/target/classes/assets/textures/Nahida/image2.png
17:36:58.389 [FXGL Background Thread 1 ] DEBUG FXGLAssetLoaderServi - Loading from file system: file:/C:/Users/15713/IdeaProjects/FXGL/ImageGame/target/classes/assets/textures/Nahida/image3.png
17:36:58.395 [FXGL Background Thread 1 ] DEBUG FXGLAssetLoaderServi - Loading from file system: file:/C:/Users/15713/IdeaProjects/FXGL/ImageGame/target/classes/assets/textures/Nahida/image4.png
17:36:58.401 [FXGL Background Thread 1 ] DEBUG FXGLAssetLoaderServi - Loading from file system: file:/C:/Users/15713/IdeaProjects/FXGL/ImageGame/target/classes/assets/textures/Nahida/image5.png
17:36:58.406 [FXGL Background Thread 1 ] DEBUG FXGLAssetLoaderServi - Loading from file system: file:/C:/Users/15713/IdeaProjects/FXGL/ImageGame/target/classes/assets/textures/Nahida/image6.png
17:36:58.412 [FXGL Background Thread 1 ] DEBUG FXGLAssetLoaderServi - Loading from file system: file:/C:/Users/15713/IdeaProjects/FXGL/ImageGame/target/classes/assets/textures/Nahida/image7.png
17:36:58.417 [FXGL Background Thread 1 ] DEBUG FXGLAssetLoaderServi - Loading from file system: file:/C:/Users/15713/IdeaProjects/FXGL/ImageGame/target/classes/assets/textures/Nahida/image8.png
17:36:58.423 [FXGL Background Thread 1 ] DEBUG FXGLAssetLoaderServi - Loading from file system: file:/C:/Users/15713/IdeaProjects/FXGL/ImageGame/target/classes/assets/textures/Nahida/image9.png
17:36:58.430 [FXGL Background Thread 1 ] DEBUG FXGLAssetLoaderServi - Loading from file system: file:/C:/Users/15713/IdeaProjects/FXGL/ImageGame/target/classes/assets/textures/Nahida/image10.png
17:36:58.436 [FXGL Background Thread 1 ] DEBUG FXGLAssetLoaderServi - Loading from file system: file:/C:/Users/15713/IdeaProjects/FXGL/ImageGame/target/classes/assets/textures/Nahida/image11.png
17:36:58.446 [JavaFX Application Thread] DEBUG FXGLApplication      - Registering font factories with UI factory
17:36:58.446 [FXGL Background Thread 1 ] DEBUG FXGLAssetLoaderServi - Loading from file system: file:/C:/Users/15713/IdeaProjects/FXGL/ImageGame/target/classes/assets/textures/Nahida/image12.png
17:36:58.452 [FXGL Background Thread 1 ] DEBUG FXGLAssetLoaderServi - Loading from file system: file:/C:/Users/15713/IdeaProjects/FXGL/ImageGame/target/classes/assets/textures/Nahida/image13.png
17:36:58.459 [FXGL Background Thread 1 ] DEBUG FXGLAssetLoaderServi - Loading from file system: file:/C:/Users/15713/IdeaProjects/FXGL/ImageGame/target/classes/assets/textures/Nahida/image14.png
17:36:58.465 [FXGL Background Thread 1 ] DEBUG FXGLAssetLoaderServi - Loading from file system: file:/C:/Users/15713/IdeaProjects/FXGL/ImageGame/target/classes/assets/textures/Nahida/image15.png
17:36:58.471 [FXGL Background Thread 1 ] DEBUG FXGLAssetLoaderServi - Loading from file system: file:/C:/Users/15713/IdeaProjects/FXGL/ImageGame/target/classes/assets/textures/Nahida/image16.png
17:36:58.477 [FXGL Background Thread 1 ] DEBUG FXGLAssetLoaderServi - Loading from file system: file:/C:/Users/15713/IdeaProjects/FXGL/ImageGame/target/classes/assets/textures/Nahida/image17.png
17:36:58.482 [FXGL Background Thread 1 ] DEBUG FXGLAssetLoaderServi - Loading from file system: file:/C:/Users/15713/IdeaProjects/FXGL/ImageGame/target/classes/assets/textures/Nahida/image18.png
17:36:58.487 [FXGL Background Thread 1 ] DEBUG FXGLAssetLoaderServi - Loading from file system: file:/C:/Users/15713/IdeaProjects/FXGL/ImageGame/target/classes/assets/textures/Nahida/image19.png
17:36:58.493 [FXGL Background Thread 1 ] DEBUG FXGLAssetLoaderServi - Loading from file system: file:/C:/Users/15713/IdeaProjects/FXGL/ImageGame/target/classes/assets/textures/Nahida/image20.png
17:36:58.499 [FXGL Background Thread 1 ] DEBUG FXGLAssetLoaderServi - Loading from file system: file:/C:/Users/15713/IdeaProjects/FXGL/ImageGame/target/classes/assets/textures/Nahida/image21.png
17:36:58.505 [FXGL Background Thread 1 ] DEBUG FXGLAssetLoaderServi - Loading from file system: file:/C:/Users/15713/IdeaProjects/FXGL/ImageGame/target/classes/assets/textures/Nahida/image22.png
17:36:58.509 [FXGL Background Thread 1 ] DEBUG FXGLAssetLoaderServi - Loading from file system: file:/C:/Users/15713/IdeaProjects/FXGL/ImageGame/target/classes/assets/textures/Nahida/image23.png
17:36:58.513 [FXGL Background Thread 1 ] DEBUG FXGLAssetLoaderServi - Loading from file system: file:/C:/Users/15713/IdeaProjects/FXGL/ImageGame/target/classes/assets/textures/Nahida/image24.png
17:36:58.630 [FXGL Background Thread 1 ] DEBUG FXGLAssetLoaderServi - Loading from file system: file:/C:/Users/15713/IdeaProjects/FXGL/ImageGame/target/classes/assets/textures/car.png
17:36:58.660 [FXGL Background Thread 1 ] DEBUG FXGLAssetLoaderServi - Loading from file system: file:/C:/Users/15713/IdeaProjects/FXGL/ImageGame/target/classes/assets/textures/fat_car.png
17:36:58.671 [FXGL Background Thread 1 ] WARN  FXGLAssetLoaderServi - Asset "/assets/textures/Boom.png" was not found!
17:36:58.671 [FXGL Background Thread 1 ] WARN  FXGLAssetLoaderServi - Failed to load IMAGE
17:36:58.726 [FXGL Background Thread 1 ] DEBUG FXGLAssetLoaderServi - Loading from file system: file:/C:/Users/15713/IdeaProjects/FXGL/ImageGame/target/classes/assets/textures/warrior.png
17:36:58.734 [FXGL Background Thread 1 ] DEBUG FXGLAssetLoaderServi - Loading from file system: file:/C:/Users/15713/IdeaProjects/FXGL/ImageGame/target/classes/assets/textures/Tank.png
17:36:58.763 [FXGL Background Thread 1 ] INFO  FXGLApplication      - Game initialization took: 0.419 sec
17:36:58.764 [JavaFX Application Thread] DEBUG Input                - Clearing active input actions
17:36:58.781 [JavaFX Application Thread] DEBUG GameApplicationServi - Removing overlay from FXGLLoadingScene and adding to GameScene
17:36:58.782 [JavaFX Application Thread] DEBUG PrimaryStageWindow   - FXGLLoadingScene -> GameScene
17:37:01.141 [FXGL Background Thread 3 ] DEBUG Engine               - Logging environment variables
17:37:01.142 [FXGL Background Thread 3 ] DEBUG Engine               - achievements: []
17:37:01.142 [FXGL Background Thread 3 ] DEBUG Engine               - actualHeight: 600.0
17:37:01.142 [FXGL Background Thread 3 ] DEBUG Engine               - actualHeightProperty: ReadOnlyDoubleProperty [value: 600.0]
17:37:01.142 [FXGL Background Thread 3 ] DEBUG Engine               - actualWidth: 800.0
17:37:01.142 [FXGL Background Thread 3 ] DEBUG Engine               - actualWidthProperty: ReadOnlyDoubleProperty [value: 800.0]
17:37:01.142 [FXGL Background Thread 3 ] DEBUG Engine               - appIcon: fxgl_icon.png
17:37:01.143 [FXGL Background Thread 3 ] DEBUG Engine               - applicationMode: DEVELOPER
17:37:01.143 [FXGL Background Thread 3 ] DEBUG Engine               - cSSList: [fxgl_dark.css]
17:37:01.143 [FXGL Background Thread 3 ] DEBUG Engine               - collisionDetectionStrategy: BRUTE_FORCE
17:37:01.143 [FXGL Background Thread 3 ] DEBUG Engine               - configClass: Optional.empty
17:37:01.143 [FXGL Background Thread 3 ] DEBUG Engine               - credits: []
17:37:01.144 [FXGL Background Thread 3 ] DEBUG Engine               - defaultCursor: CursorInfo(imageName=fxgl_default_cursor.png, hotspotX=7.0, hotspotY=6.0)
17:37:01.144 [FXGL Background Thread 3 ] DEBUG Engine               - devBBoxColorProperty: ObjectProperty [value: 0xff0000ff]
17:37:01.144 [FXGL Background Thread 3 ] DEBUG Engine               - devEnableDebugCameraProperty: BooleanProperty [value: false]
17:37:01.144 [FXGL Background Thread 3 ] DEBUG Engine               - devSensorColorProperty: ObjectProperty [value: 0xffff00ff]
17:37:01.144 [FXGL Background Thread 3 ] DEBUG Engine               - devShowBBoxProperty: BooleanProperty [value: false]
17:37:01.145 [FXGL Background Thread 3 ] DEBUG Engine               - devShowPositionProperty: BooleanProperty [value: false]
17:37:01.145 [FXGL Background Thread 3 ] DEBUG Engine               - enabledMenuItems: []
17:37:01.145 [FXGL Background Thread 3 ] DEBUG Engine               - engineServices: [class com.almasb.fxgl.app.services.FXGLAssetLoaderService, class com.almasb.fxgl.app.FXGLApplication$GameApplicationService, class com.almasb.fxgl.app.services.FXGLDialogService, class com.almasb.fxgl.app.services.IOTaskExecutorService, class com.almasb.fxgl.io.FileSystemService, class com.almasb.fxgl.localization.LocalizationService, class com.almasb.fxgl.app.services.SystemBundleService, class com.almasb.fxgl.profile.SaveLoadService, class com.almasb.fxgl.ui.FXGLUIFactoryServiceProvider, class com.almasb.fxgl.ui.FXGLDialogFactoryServiceProvider, class com.almasb.fxgl.audio.AudioPlayer, class com.almasb.fxgl.notification.impl.NotificationServiceProvider, class com.almasb.fxgl.achievement.AchievementService, class com.almasb.fxgl.cutscene.CutsceneService, class com.almasb.fxgl.minigames.MiniGameService, class com.almasb.fxgl.net.NetService, class com.almasb.fxgl.app.services.UpdaterService, class com.almasb.fxgl.dev.DevService]
17:37:01.145 [FXGL Background Thread 3 ] DEBUG Engine               - fontGame: Abel-Regular.ttf
17:37:01.145 [FXGL Background Thread 3 ] DEBUG Engine               - fontMono: TerminalLandMono-Regular.otf
17:37:01.145 [FXGL Background Thread 3 ] DEBUG Engine               - fontText: Courier-Prime.ttf
17:37:01.145 [FXGL Background Thread 3 ] DEBUG Engine               - fontUI: VarelaRound-Regular.ttf
17:37:01.145 [FXGL Background Thread 3 ] DEBUG Engine               - fullScreen: BooleanProperty [value: false]
17:37:01.145 [FXGL Background Thread 3 ] DEBUG Engine               - gameDifficulty: MEDIUM
17:37:01.145 [FXGL Background Thread 3 ] DEBUG Engine               - gameDifficultyProperty: ObjectProperty [value: MEDIUM]
17:37:01.146 [FXGL Background Thread 3 ] DEBUG Engine               - globalMusicVolume: 0.5
17:37:01.146 [FXGL Background Thread 3 ] DEBUG Engine               - globalMusicVolumeProperty: DoubleProperty [value: 0.5]
17:37:01.146 [FXGL Background Thread 3 ] DEBUG Engine               - globalSoundVolume: 0.5
17:37:01.146 [FXGL Background Thread 3 ] DEBUG Engine               - globalSoundVolumeProperty: DoubleProperty [value: 0.5]
17:37:01.146 [FXGL Background Thread 3 ] DEBUG Engine               - height: 600
17:37:01.146 [FXGL Background Thread 3 ] DEBUG Engine               - is3D: false
17:37:01.146 [FXGL Background Thread 3 ] DEBUG Engine               - isAndroid: false
17:37:01.146 [FXGL Background Thread 3 ] DEBUG Engine               - isBrowser: false
17:37:01.146 [FXGL Background Thread 3 ] DEBUG Engine               - isClickFeedbackEnabled: false
17:37:01.146 [FXGL Background Thread 3 ] DEBUG Engine               - isCloseConfirmation: false
17:37:01.146 [FXGL Background Thread 3 ] DEBUG Engine               - isDesktop: true
17:37:01.147 [FXGL Background Thread 3 ] DEBUG Engine               - isDeveloperMenuEnabled: false
17:37:01.147 [FXGL Background Thread 3 ] DEBUG Engine               - isEmbedded: false
17:37:01.147 [FXGL Background Thread 3 ] DEBUG Engine               - isEntityPreloadEnabled: true
17:37:01.147 [FXGL Background Thread 3 ] DEBUG Engine               - isExperimentalTiledLargeMap: false
17:37:01.147 [FXGL Background Thread 3 ] DEBUG Engine               - isFileSystemWriteAllowed: true
17:37:01.147 [FXGL Background Thread 3 ] DEBUG Engine               - isFullScreenAllowed: false
17:37:01.147 [FXGL Background Thread 3 ] DEBUG Engine               - isFullScreenFromStart: false
17:37:01.147 [FXGL Background Thread 3 ] DEBUG Engine               - isGameMenuEnabled: true
17:37:01.147 [FXGL Background Thread 3 ] DEBUG Engine               - isIOS: false
17:37:01.147 [FXGL Background Thread 3 ] DEBUG Engine               - isIntroEnabled: false
17:37:01.147 [FXGL Background Thread 3 ] DEBUG Engine               - isLinux: false
17:37:01.147 [FXGL Background Thread 3 ] DEBUG Engine               - isMac: false
17:37:01.147 [FXGL Background Thread 3 ] DEBUG Engine               - isMainMenuEnabled: false
17:37:01.147 [FXGL Background Thread 3 ] DEBUG Engine               - isManualResizeEnabled: false
17:37:01.147 [FXGL Background Thread 3 ] DEBUG Engine               - isMobile: false
17:37:01.148 [FXGL Background Thread 3 ] DEBUG Engine               - isNative: false
17:37:01.148 [FXGL Background Thread 3 ] DEBUG Engine               - isPauseMusicWhenMinimized: true
17:37:01.148 [FXGL Background Thread 3 ] DEBUG Engine               - isPreserveResizeRatio: false
17:37:01.148 [FXGL Background Thread 3 ] DEBUG Engine               - isProfilingEnabled: false
17:37:01.148 [FXGL Background Thread 3 ] DEBUG Engine               - isScaleAffectedOnResize: true
17:37:01.148 [FXGL Background Thread 3 ] DEBUG Engine               - isSingleStep: false
17:37:01.148 [FXGL Background Thread 3 ] DEBUG Engine               - isUserProfileEnabled: false
17:37:01.148 [FXGL Background Thread 3 ] DEBUG Engine               - isWindows: true
17:37:01.148 [FXGL Background Thread 3 ] DEBUG Engine               - language: ObjectProperty [value: ENGLISH]
17:37:01.148 [FXGL Background Thread 3 ] DEBUG Engine               - menuKey: ESCAPE
17:37:01.148 [FXGL Background Thread 3 ] DEBUG Engine               - mouseSensitivity: 0.2
17:37:01.148 [FXGL Background Thread 3 ] DEBUG Engine               - notificationViewClass: class com.almasb.fxgl.notification.view.XboxNotificationView
17:37:01.148 [FXGL Background Thread 3 ] DEBUG Engine               - pixelsPerMeter: 50.0
17:37:01.148 [FXGL Background Thread 3 ] DEBUG Engine               - platform: WINDOWS
17:37:01.148 [FXGL Background Thread 3 ] DEBUG Engine               - prefHeightProperty: ReadOnlyDoubleProperty [value: 600.0]
17:37:01.149 [FXGL Background Thread 3 ] DEBUG Engine               - prefWidthProperty: ReadOnlyDoubleProperty [value: 800.0]
17:37:01.149 [FXGL Background Thread 3 ] DEBUG Engine               - profileDir: profiles/
17:37:01.149 [FXGL Background Thread 3 ] DEBUG Engine               - profileName: StringProperty [value: DEFAULT]
17:37:01.149 [FXGL Background Thread 3 ] DEBUG Engine               - randomSeed: -1
17:37:01.150 [FXGL Background Thread 3 ] DEBUG Engine               - runtimeInfo: RuntimeInfo(platform=WINDOWS, version=17, build=31.12.2021 18.16)
17:37:01.150 [FXGL Background Thread 3 ] DEBUG Engine               - saveFileExt: sav
17:37:01.150 [FXGL Background Thread 3 ] DEBUG Engine               - scaledHeightProp$fxgl: DoubleProperty [bound, value: 600.0]
17:37:01.150 [FXGL Background Thread 3 ] DEBUG Engine               - scaledWidthProp$fxgl: DoubleProperty [bound, value: 800.0]
17:37:01.150 [FXGL Background Thread 3 ] DEBUG Engine               - sceneFactory: com.almasb.fxgl.app.scene.SceneFactory@40c22359
17:37:01.150 [FXGL Background Thread 3 ] DEBUG Engine               - secondsIn24h: 60
17:37:01.150 [FXGL Background Thread 3 ] DEBUG Engine               - soundMenuBack: menu/back.wav
17:37:01.150 [FXGL Background Thread 3 ] DEBUG Engine               - soundMenuPress: menu/press.wav
17:37:01.150 [FXGL Background Thread 3 ] DEBUG Engine               - soundMenuSelect: menu/select.wav
17:37:01.150 [FXGL Background Thread 3 ] DEBUG Engine               - soundNotification: core/notification.wav
17:37:01.150 [FXGL Background Thread 3 ] DEBUG Engine               - stageStyle: DECORATED
17:37:01.150 [FXGL Background Thread 3 ] DEBUG Engine               - supportedLanguages: [ENGLISH, FRENCH, GERMAN, HUNGARIAN, RUSSIAN]
17:37:01.151 [FXGL Background Thread 3 ] DEBUG Engine               - ticksPerSecond: -1
17:37:01.151 [FXGL Background Thread 3 ] DEBUG Engine               - title: Untitled
17:37:01.151 [FXGL Background Thread 3 ] DEBUG Engine               - urlGithub: https://github.com/AlmasB/FXGL
17:37:01.151 [FXGL Background Thread 3 ] DEBUG Engine               - urlLeaderboard: http://fxgl-top.herokuapp.com/
17:37:01.151 [FXGL Background Thread 3 ] DEBUG Engine               - urlPOM: https://raw.githubusercontent.com/AlmasB/FXGL/release/README.md
17:37:01.151 [FXGL Background Thread 3 ] DEBUG Engine               - userAppClass: class com.alatus.game.ImageGame
17:37:01.151 [FXGL Background Thread 3 ] DEBUG Engine               - version: 0.0
17:37:01.151 [FXGL Background Thread 3 ] DEBUG Engine               - versionCheckDays: 7
17:37:01.151 [FXGL Background Thread 3 ] DEBUG Engine               - width: 800
17:37:01.151 [FXGL Background Thread 3 ] DEBUG Engine               - Logging services
17:37:01.151 [FXGL Background Thread 3 ] DEBUG Engine               - class com.almasb.fxgl.app.services.FXGLAssetLoaderService
17:37:01.151 [FXGL Background Thread 3 ] DEBUG Engine               - class com.almasb.fxgl.app.FXGLApplication$GameApplicationService
17:37:01.151 [FXGL Background Thread 3 ] DEBUG Engine               - class com.almasb.fxgl.app.services.FXGLDialogService
17:37:01.151 [FXGL Background Thread 3 ] DEBUG Engine               - class com.almasb.fxgl.app.services.IOTaskExecutorService
17:37:01.151 [FXGL Background Thread 3 ] DEBUG Engine               - class com.almasb.fxgl.io.FileSystemService
17:37:01.151 [FXGL Background Thread 3 ] DEBUG Engine               - class com.almasb.fxgl.localization.LocalizationService
17:37:01.151 [FXGL Background Thread 3 ] DEBUG Engine               - class com.almasb.fxgl.app.services.SystemBundleService
17:37:01.152 [FXGL Background Thread 3 ] DEBUG Engine               - class com.almasb.fxgl.profile.SaveLoadService
17:37:01.152 [FXGL Background Thread 3 ] DEBUG Engine               - class com.almasb.fxgl.ui.FXGLUIFactoryServiceProvider
17:37:01.152 [FXGL Background Thread 3 ] DEBUG Engine               - class com.almasb.fxgl.ui.FXGLDialogFactoryServiceProvider
17:37:01.152 [FXGL Background Thread 3 ] DEBUG Engine               - class com.almasb.fxgl.audio.AudioPlayer
17:37:01.152 [FXGL Background Thread 3 ] DEBUG Engine               - class com.almasb.fxgl.notification.impl.NotificationServiceProvider
17:37:01.152 [FXGL Background Thread 3 ] DEBUG Engine               - class com.almasb.fxgl.achievement.AchievementService
17:37:01.152 [FXGL Background Thread 3 ] DEBUG Engine               - class com.almasb.fxgl.cutscene.CutsceneService
17:37:01.152 [FXGL Background Thread 3 ] DEBUG Engine               - class com.almasb.fxgl.minigames.MiniGameService
17:37:01.152 [FXGL Background Thread 3 ] DEBUG Engine               - class com.almasb.fxgl.net.NetService
17:37:01.152 [FXGL Background Thread 3 ] DEBUG Engine               - class com.almasb.fxgl.app.services.UpdaterService
17:37:01.152 [FXGL Background Thread 3 ] DEBUG Engine               - class com.almasb.fxgl.dev.DevService
17:37:03.622 [JavaFX Application Thread] DEBUG FXGLApplication      - Exiting FXGL
17:37:03.622 [JavaFX Application Thread] DEBUG LoopRunner           - Stopping loop
17:37:03.622 [JavaFX Application Thread] DEBUG SystemBundleService  - Saving FXGL system data
17:37:03.625 [JavaFX Application Thread] DEBUG FileSystemAccess     - Writing to: C:\Users\15713\IdeaProjects\FXGL\system\fxgl.bundle
17:37:03.626 [JavaFX Application Thread] DEBUG Async                - Shutting down background threads
17:37:03.626 [JavaFX Application Thread] DEBUG PrimaryStageWindow   - Closing main window
17:37:03.648 [JavaFX Application Thread] DEBUG Logger               - Closing Logger
