20:10:38.023 [main                     ] DEBUG Logger               - Configured Logger
20:10:38.097 [main                     ] DEBUG GameApplication      - Logging settings
Title: Untitled
Version: 0.0
Width: 800
Height: 600
Fullscreen: false
Intro: false
Profiling: false
Single step:false
App Mode: DEVELOPER
Menu Key: ESCAPE
Stage Style: DECORATED
Scene Factory: class com.almasb.fxgl.app.scene.SceneFactory

20:10:39.684 [JavaFX Application Thread] DEBUG FXGLApplication      - Initializing FXGL
20:10:39.699 [JavaFX Application Thread] INFO  Engine               - FXGL-17.1 (24.03.2022 17.34) on WINDOWS (J:17.0.10 FX:18)
20:10:39.699 [JavaFX Application Thread] DEBUG Engine               - JRE Vendor Name: Oracle Corporation
20:10:39.699 [JavaFX Application Thread] DEBUG Engine               - Running on OS: Windows 11 version 10.0
20:10:39.701 [JavaFX Application Thread] DEBUG Engine               - Architecture: amd64
20:10:39.701 [JavaFX Application Thread] INFO  Engine               - Source code and latest versions at: https://github.com/AlmasB/FXGL
20:10:39.702 [JavaFX Application Thread] INFO  Engine               -       Ask questions and discuss at: https://github.com/AlmasB/FXGL/discussions
20:10:39.702 [JavaFX Application Thread] INFO  Engine               -              Join the FXGL chat at: https://gitter.im/AlmasB/FXGL
20:10:39.867 [JavaFX Application Thread] DEBUG PrimaryStageWindow   - Creating a JavaFX scene
20:10:39.939 [JavaFX Application Thread] DEBUG PrimaryStageWindow   - Target settings size: 800.0 x 600.0
20:10:39.940 [JavaFX Application Thread] DEBUG PrimaryStageWindow   - Scaled scene size:    800.0 x 600.0
20:10:39.940 [JavaFX Application Thread] DEBUG PrimaryStageWindow   - Scaled ratio: (1.0, 1.0)
20:10:39.942 [JavaFX Application Thread] DEBUG PrimaryStageWindow   - Set initial scene to FXGLStartupScene
20:10:39.962 [JavaFX Application Thread] DEBUG PrimaryStageWindow   - Opening main window
20:10:40.116 [JavaFX Application Thread] DEBUG PrimaryStageWindow   - Window border size: (14.4000244140625, 37.5999755859375)
20:10:40.117 [JavaFX Application Thread] DEBUG PrimaryStageWindow   - Scaled size: 800.0 x 600.0
20:10:40.118 [JavaFX Application Thread] DEBUG PrimaryStageWindow   - Scaled ratio: (1.0, 1.0)
20:10:40.118 [JavaFX Application Thread] DEBUG PrimaryStageWindow   - Scene size: 800.0 x 600.0
20:10:40.118 [JavaFX Application Thread] DEBUG PrimaryStageWindow   - Stage size: 814.4000244140625 x 637.5999755859375
20:10:40.131 [FXGL Background Thread 1 ] DEBUG Engine               - Initializing environment variables
20:10:40.192 [FXGL Background Thread 1 ] DEBUG FXGLAssetLoaderServi - User app class for loading assets: class com.alatus.game.ImageGame
20:10:40.193 [FXGL Background Thread 1 ] DEBUG GameApplicationServi - Applying CSS: fxgl_dark.css
20:10:40.193 [FXGL Background Thread 1 ] DEBUG FXGLAssetLoaderServi - Loading from file system: jar:file:///C:/Maven/repository/com/github/almasb/fxgl/17.1/fxgl-17.1.jar!/fxglassets/ui/css/fxgl_dark.css
20:10:40.276 [FXGL Background Thread 1 ] DEBUG GameApplicationServi - Initializing application scenes
20:10:40.410 [FXGL Background Thread 1 ] DEBUG GameWorld            - Game world initialized
20:10:40.522 [FXGL Background Thread 1 ] DEBUG PhysicsWorld         - Physics world initialized: appHeight=600, physics.ppm=50.0
20:10:40.522 [FXGL Background Thread 1 ] DEBUG PhysicsWorld         - Using strategy: BRUTE_FORCE
20:10:40.531 [FXGL Background Thread 1 ] DEBUG GameScene            - Game scene initialized: 800x600
20:10:40.554 [FXGL Background Thread 1 ] DEBUG FXGL.DefaultMenu     - createMenuBodyGameMenu()
20:10:40.577 [FXGL Background Thread 1 ] DEBUG FXGL.DefaultMenu     - createOptionsMenu()
20:10:40.601 [FXGL Background Thread 1 ] DEBUG FXGLAssetLoaderServi - Loading from file system: jar:file:///C:/Maven/repository/com/github/almasb/fxgl/17.1/fxgl-17.1.jar!/fxglassets/textures/particles/smoke.png
20:10:40.773 [FXGL Background Thread 1 ] DEBUG FXGLAssetLoaderServi - Loading from file system: jar:file:///C:/Maven/repository/com/github/almasb/fxgl/17.1/fxgl-17.1.jar!/fxglassets/textures/particles/trace_horizontal.png
20:10:40.833 [FXGL Background Thread 1 ] DEBUG GameApplicationServi - Application scenes initialized
20:10:40.853 [FXGL Background Thread 1 ] DEBUG SystemBundleService  - Loading FXGL system data
20:10:40.861 [FXGL Background Thread 1 ] DEBUG FileSystemAccess     - Reading from: C:\Users\15713\IdeaProjects\FXGL\system\fxgl.bundle
20:10:40.871 [FXGL Background Thread 1 ] DEBUG SystemBundleService  - Bundle FXGL: {}
20:10:40.871 [FXGL Background Thread 1 ] DEBUG UpdaterService       - Checking for updates
20:10:40.877 [FXGL Background Thread 4 ] DEBUG FXGLApplication      - Loading fonts
20:10:40.878 [FXGL Background Thread 4 ] DEBUG FXGLAssetLoaderServi - Loading from file system: jar:file:///C:/Maven/repository/com/github/almasb/fxgl/17.1/fxgl-17.1.jar!/fxglassets/ui/fonts/VarelaRound-Regular.ttf
20:10:40.878 [FXGL Background Thread 1 ] DEBUG FXGLApplication      - Loading default localization
20:10:40.879 [FXGL Background Thread 1 ] DEBUG FXGLAssetLoaderServi - Loading from file system: jar:file:///C:/Maven/repository/com/github/almasb/fxgl/17.1/fxgl-17.1.jar!/fxglassets/languages/english.lang
20:10:40.945 [FXGL Background Thread 1 ] INFO  FXGLApplication      - FXGL initialization took: 0.813 sec
20:10:40.947 [JavaFX Application Thread] DEBUG FXGLAssetLoaderServi - Loading from file system: file:/C:/Users/15713/IdeaProjects/FXGL/ImageGame/target/classes/assets/textures/Tank.png
20:10:40.954 [JavaFX Application Thread] DEBUG FXGLAssetLoaderServi - Loading from file system: jar:file:///C:/Maven/repository/com/github/almasb/fxgl/17.1/fxgl-17.1.jar!/fxglassets/textures/fxgl_icon.png
20:10:40.987 [JavaFX Application Thread] DEBUG FXGLAssetLoaderServi - Loading from file system: jar:file:///C:/Maven/repository/com/github/almasb/fxgl/17.1/fxgl-17.1.jar!/fxglassets/textures/fxgl_default_cursor.png
20:10:41.016 [JavaFX Application Thread] DEBUG Input                - Registered new binding: Screenshot - CTRL+8
20:10:41.017 [JavaFX Application Thread] DEBUG Input                - Registered new binding: System info dump - CTRL+9
20:10:41.018 [JavaFX Application Thread] DEBUG Input                - Registered new binding: Restart - CTRL+R
20:10:41.021 [JavaFX Application Thread] DEBUG Input                - Registered new binding: Toggle Debug Camera - CTRL+7
20:10:41.026 [JavaFX Application Thread] DEBUG LoopRunner           - Starting loop
20:10:41.026 [JavaFX Application Thread] DEBUG LoopRunner           - Initializing JavaFX AnimationTimerLoop
20:10:41.029 [JavaFX Application Thread] DEBUG GameApplicationServi - Starting new game
20:10:41.029 [JavaFX Application Thread] DEBUG Input                - Clearing active input actions
20:10:41.054 [JavaFX Application Thread] DEBUG GameApplicationServi - Removing overlay from FXGLStartupScene and adding to FXGLLoadingScene
20:10:41.054 [JavaFX Application Thread] DEBUG PrimaryStageWindow   - FXGLStartupScene -> FXGLLoadingScene
20:10:41.054 [JavaFX Application Thread] DEBUG GameApplicationServi - Clearing previous game
20:10:41.055 [JavaFX Application Thread] DEBUG GameScene            - Clearing game scene
20:10:41.055 [JavaFX Application Thread] DEBUG GameWorld            - Clearing game world
20:10:41.055 [JavaFX Application Thread] DEBUG PhysicsWorld         - Clearing physics world
20:10:41.059 [FXGL Background Thread 4 ] DEBUG FXGLAssetLoaderServi - Loading from file system: jar:file:///C:/Maven/repository/com/github/almasb/fxgl/17.1/fxgl-17.1.jar!/fxglassets/ui/fonts/Abel-Regular.ttf
20:10:41.062 [FXGL Background Thread 1 ] DEBUG FXGLApplication      - Initializing game
20:10:41.066 [FXGL Background Thread 4 ] DEBUG FXGLAssetLoaderServi - Loading from file system: jar:file:///C:/Maven/repository/com/github/almasb/fxgl/17.1/fxgl-17.1.jar!/fxglassets/ui/fonts/TerminalLandMono-Regular.otf
20:10:41.072 [FXGL Background Thread 4 ] DEBUG FXGLAssetLoaderServi - Loading from file system: jar:file:///C:/Maven/repository/com/github/almasb/fxgl/17.1/fxgl-17.1.jar!/fxglassets/ui/fonts/Courier-Prime.ttf
20:10:41.085 [FXGL Background Thread 1 ] DEBUG FXGLAssetLoaderServi - Loading from file system: file:/C:/Users/15713/IdeaProjects/FXGL/ImageGame/target/classes/assets/textures/Nahida/image0.png
20:10:41.091 [FXGL Background Thread 1 ] DEBUG FXGLAssetLoaderServi - Loading from file system: file:/C:/Users/15713/IdeaProjects/FXGL/ImageGame/target/classes/assets/textures/Nahida/image1.png
20:10:41.097 [FXGL Background Thread 1 ] DEBUG FXGLAssetLoaderServi - Loading from file system: file:/C:/Users/15713/IdeaProjects/FXGL/ImageGame/target/classes/assets/textures/Nahida/image2.png
20:10:41.104 [FXGL Background Thread 1 ] DEBUG FXGLAssetLoaderServi - Loading from file system: file:/C:/Users/15713/IdeaProjects/FXGL/ImageGame/target/classes/assets/textures/Nahida/image3.png
20:10:41.112 [FXGL Background Thread 1 ] DEBUG FXGLAssetLoaderServi - Loading from file system: file:/C:/Users/15713/IdeaProjects/FXGL/ImageGame/target/classes/assets/textures/Nahida/image4.png
20:10:41.120 [FXGL Background Thread 1 ] DEBUG FXGLAssetLoaderServi - Loading from file system: file:/C:/Users/15713/IdeaProjects/FXGL/ImageGame/target/classes/assets/textures/Nahida/image5.png
20:10:41.131 [FXGL Background Thread 1 ] DEBUG FXGLAssetLoaderServi - Loading from file system: file:/C:/Users/15713/IdeaProjects/FXGL/ImageGame/target/classes/assets/textures/Nahida/image6.png
20:10:41.138 [FXGL Background Thread 1 ] DEBUG FXGLAssetLoaderServi - Loading from file system: file:/C:/Users/15713/IdeaProjects/FXGL/ImageGame/target/classes/assets/textures/Nahida/image7.png
20:10:41.143 [FXGL Background Thread 1 ] DEBUG FXGLAssetLoaderServi - Loading from file system: file:/C:/Users/15713/IdeaProjects/FXGL/ImageGame/target/classes/assets/textures/Nahida/image8.png
20:10:41.151 [FXGL Background Thread 1 ] DEBUG FXGLAssetLoaderServi - Loading from file system: file:/C:/Users/15713/IdeaProjects/FXGL/ImageGame/target/classes/assets/textures/Nahida/image9.png
20:10:41.164 [FXGL Background Thread 1 ] DEBUG FXGLAssetLoaderServi - Loading from file system: file:/C:/Users/15713/IdeaProjects/FXGL/ImageGame/target/classes/assets/textures/Nahida/image10.png
20:10:41.175 [FXGL Background Thread 1 ] DEBUG FXGLAssetLoaderServi - Loading from file system: file:/C:/Users/15713/IdeaProjects/FXGL/ImageGame/target/classes/assets/textures/Nahida/image11.png
20:10:41.181 [FXGL Background Thread 1 ] DEBUG FXGLAssetLoaderServi - Loading from file system: file:/C:/Users/15713/IdeaProjects/FXGL/ImageGame/target/classes/assets/textures/Nahida/image12.png
20:10:41.188 [FXGL Background Thread 1 ] DEBUG FXGLAssetLoaderServi - Loading from file system: file:/C:/Users/15713/IdeaProjects/FXGL/ImageGame/target/classes/assets/textures/Nahida/image13.png
20:10:41.195 [FXGL Background Thread 1 ] DEBUG FXGLAssetLoaderServi - Loading from file system: file:/C:/Users/15713/IdeaProjects/FXGL/ImageGame/target/classes/assets/textures/Nahida/image14.png
20:10:41.201 [FXGL Background Thread 1 ] DEBUG FXGLAssetLoaderServi - Loading from file system: file:/C:/Users/15713/IdeaProjects/FXGL/ImageGame/target/classes/assets/textures/Nahida/image15.png
20:10:41.209 [FXGL Background Thread 1 ] DEBUG FXGLAssetLoaderServi - Loading from file system: file:/C:/Users/15713/IdeaProjects/FXGL/ImageGame/target/classes/assets/textures/Nahida/image16.png
20:10:41.215 [FXGL Background Thread 1 ] DEBUG FXGLAssetLoaderServi - Loading from file system: file:/C:/Users/15713/IdeaProjects/FXGL/ImageGame/target/classes/assets/textures/Nahida/image17.png
20:10:41.221 [FXGL Background Thread 1 ] DEBUG FXGLAssetLoaderServi - Loading from file system: file:/C:/Users/15713/IdeaProjects/FXGL/ImageGame/target/classes/assets/textures/Nahida/image18.png
20:10:41.226 [FXGL Background Thread 1 ] DEBUG FXGLAssetLoaderServi - Loading from file system: file:/C:/Users/15713/IdeaProjects/FXGL/ImageGame/target/classes/assets/textures/Nahida/image19.png
20:10:41.233 [FXGL Background Thread 1 ] DEBUG FXGLAssetLoaderServi - Loading from file system: file:/C:/Users/15713/IdeaProjects/FXGL/ImageGame/target/classes/assets/textures/Nahida/image20.png
20:10:41.240 [FXGL Background Thread 1 ] DEBUG FXGLAssetLoaderServi - Loading from file system: file:/C:/Users/15713/IdeaProjects/FXGL/ImageGame/target/classes/assets/textures/Nahida/image21.png
20:10:41.246 [FXGL Background Thread 1 ] DEBUG FXGLAssetLoaderServi - Loading from file system: file:/C:/Users/15713/IdeaProjects/FXGL/ImageGame/target/classes/assets/textures/Nahida/image22.png
20:10:41.246 [JavaFX Application Thread] DEBUG FXGLApplication      - Registering font factories with UI factory
20:10:41.251 [FXGL Background Thread 1 ] DEBUG FXGLAssetLoaderServi - Loading from file system: file:/C:/Users/15713/IdeaProjects/FXGL/ImageGame/target/classes/assets/textures/Nahida/image23.png
20:10:41.257 [FXGL Background Thread 1 ] DEBUG FXGLAssetLoaderServi - Loading from file system: file:/C:/Users/15713/IdeaProjects/FXGL/ImageGame/target/classes/assets/textures/Nahida/image24.png
20:10:41.361 [FXGL Background Thread 1 ] DEBUG FXGLAssetLoaderServi - Loading from file system: file:/C:/Users/15713/IdeaProjects/FXGL/ImageGame/target/classes/assets/textures/car.png
20:10:41.409 [FXGL Background Thread 1 ] DEBUG FXGLAssetLoaderServi - Loading from file system: file:/C:/Users/15713/IdeaProjects/FXGL/ImageGame/target/classes/assets/textures/fat_car.png
20:10:41.418 [FXGL Background Thread 1 ] DEBUG FXGLAssetLoaderServi - Loading from file system: file:/C:/Users/15713/IdeaProjects/FXGL/ImageGame/target/classes/assets/textures/Boom.png
20:10:41.424 [FXGL Background Thread 1 ] DEBUG FXGLAssetLoaderServi - Loading from file system: file:/C:/Users/15713/IdeaProjects/FXGL/ImageGame/target/classes/assets/textures/warrior.png
20:10:41.431 [FXGL Background Thread 1 ] DEBUG FXGLAssetLoaderServi - Loading from file system: file:/C:/Users/15713/IdeaProjects/FXGL/ImageGame/target/classes/assets/textures/Tank.png
20:10:41.472 [FXGL Background Thread 1 ] INFO  FXGLApplication      - Game initialization took: 0.409 sec
20:10:41.528 [JavaFX Application Thread] DEBUG Input                - Clearing active input actions
20:10:41.547 [JavaFX Application Thread] DEBUG GameApplicationServi - Removing overlay from FXGLLoadingScene and adding to GameScene
20:10:41.547 [JavaFX Application Thread] DEBUG PrimaryStageWindow   - FXGLLoadingScene -> GameScene
20:10:43.876 [FXGL Background Thread 3 ] DEBUG Engine               - Logging environment variables
20:10:43.877 [FXGL Background Thread 3 ] DEBUG Engine               - achievements: []
20:10:43.877 [FXGL Background Thread 3 ] DEBUG Engine               - actualHeight: 600.0
20:10:43.877 [FXGL Background Thread 3 ] DEBUG Engine               - actualHeightProperty: ReadOnlyDoubleProperty [value: 600.0]
20:10:43.877 [FXGL Background Thread 3 ] DEBUG Engine               - actualWidth: 800.0
20:10:43.877 [FXGL Background Thread 3 ] DEBUG Engine               - actualWidthProperty: ReadOnlyDoubleProperty [value: 800.0]
20:10:43.877 [FXGL Background Thread 3 ] DEBUG Engine               - appIcon: fxgl_icon.png
20:10:43.877 [FXGL Background Thread 3 ] DEBUG Engine               - applicationMode: DEVELOPER
20:10:43.877 [FXGL Background Thread 3 ] DEBUG Engine               - cSSList: [fxgl_dark.css]
20:10:43.878 [FXGL Background Thread 3 ] DEBUG Engine               - collisionDetectionStrategy: BRUTE_FORCE
20:10:43.878 [FXGL Background Thread 3 ] DEBUG Engine               - configClass: Optional.empty
20:10:43.878 [FXGL Background Thread 3 ] DEBUG Engine               - credits: []
20:10:43.878 [FXGL Background Thread 3 ] DEBUG Engine               - defaultCursor: CursorInfo(imageName=fxgl_default_cursor.png, hotspotX=7.0, hotspotY=6.0)
20:10:43.879 [FXGL Background Thread 3 ] DEBUG Engine               - devBBoxColorProperty: ObjectProperty [value: 0xff0000ff]
20:10:43.879 [FXGL Background Thread 3 ] DEBUG Engine               - devEnableDebugCameraProperty: BooleanProperty [value: false]
20:10:43.879 [FXGL Background Thread 3 ] DEBUG Engine               - devSensorColorProperty: ObjectProperty [value: 0xffff00ff]
20:10:43.879 [FXGL Background Thread 3 ] DEBUG Engine               - devShowBBoxProperty: BooleanProperty [value: false]
20:10:43.879 [FXGL Background Thread 3 ] DEBUG Engine               - devShowPositionProperty: BooleanProperty [value: false]
20:10:43.880 [FXGL Background Thread 3 ] DEBUG Engine               - enabledMenuItems: []
20:10:43.880 [FXGL Background Thread 3 ] DEBUG Engine               - engineServices: [class com.almasb.fxgl.app.services.FXGLAssetLoaderService, class com.almasb.fxgl.app.FXGLApplication$GameApplicationService, class com.almasb.fxgl.app.services.FXGLDialogService, class com.almasb.fxgl.app.services.IOTaskExecutorService, class com.almasb.fxgl.io.FileSystemService, class com.almasb.fxgl.localization.LocalizationService, class com.almasb.fxgl.app.services.SystemBundleService, class com.almasb.fxgl.profile.SaveLoadService, class com.almasb.fxgl.ui.FXGLUIFactoryServiceProvider, class com.almasb.fxgl.ui.FXGLDialogFactoryServiceProvider, class com.almasb.fxgl.audio.AudioPlayer, class com.almasb.fxgl.notification.impl.NotificationServiceProvider, class com.almasb.fxgl.achievement.AchievementService, class com.almasb.fxgl.cutscene.CutsceneService, class com.almasb.fxgl.minigames.MiniGameService, class com.almasb.fxgl.net.NetService, class com.almasb.fxgl.app.services.UpdaterService, class com.almasb.fxgl.dev.DevService]
20:10:43.880 [FXGL Background Thread 3 ] DEBUG Engine               - fontGame: Abel-Regular.ttf
20:10:43.880 [FXGL Background Thread 3 ] DEBUG Engine               - fontMono: TerminalLandMono-Regular.otf
20:10:43.880 [FXGL Background Thread 3 ] DEBUG Engine               - fontText: Courier-Prime.ttf
20:10:43.880 [FXGL Background Thread 3 ] DEBUG Engine               - fontUI: VarelaRound-Regular.ttf
20:10:43.880 [FXGL Background Thread 3 ] DEBUG Engine               - fullScreen: BooleanProperty [value: false]
20:10:43.880 [FXGL Background Thread 3 ] DEBUG Engine               - gameDifficulty: MEDIUM
20:10:43.880 [FXGL Background Thread 3 ] DEBUG Engine               - gameDifficultyProperty: ObjectProperty [value: MEDIUM]
20:10:43.880 [FXGL Background Thread 3 ] DEBUG Engine               - globalMusicVolume: 0.5
20:10:43.880 [FXGL Background Thread 3 ] DEBUG Engine               - globalMusicVolumeProperty: DoubleProperty [value: 0.5]
20:10:43.880 [FXGL Background Thread 3 ] DEBUG Engine               - globalSoundVolume: 0.5
20:10:43.880 [FXGL Background Thread 3 ] DEBUG Engine               - globalSoundVolumeProperty: DoubleProperty [value: 0.5]
20:10:43.881 [FXGL Background Thread 3 ] DEBUG Engine               - height: 600
20:10:43.881 [FXGL Background Thread 3 ] DEBUG Engine               - is3D: false
20:10:43.881 [FXGL Background Thread 3 ] DEBUG Engine               - isAndroid: false
20:10:43.881 [FXGL Background Thread 3 ] DEBUG Engine               - isBrowser: false
20:10:43.881 [FXGL Background Thread 3 ] DEBUG Engine               - isClickFeedbackEnabled: false
20:10:43.881 [FXGL Background Thread 3 ] DEBUG Engine               - isCloseConfirmation: false
20:10:43.881 [FXGL Background Thread 3 ] DEBUG Engine               - isDesktop: true
20:10:43.882 [FXGL Background Thread 3 ] DEBUG Engine               - isDeveloperMenuEnabled: false
20:10:43.882 [FXGL Background Thread 3 ] DEBUG Engine               - isEmbedded: false
20:10:43.882 [FXGL Background Thread 3 ] DEBUG Engine               - isEntityPreloadEnabled: true
20:10:43.882 [FXGL Background Thread 3 ] DEBUG Engine               - isExperimentalTiledLargeMap: false
20:10:43.882 [FXGL Background Thread 3 ] DEBUG Engine               - isFileSystemWriteAllowed: true
20:10:43.882 [FXGL Background Thread 3 ] DEBUG Engine               - isFullScreenAllowed: false
20:10:43.882 [FXGL Background Thread 3 ] DEBUG Engine               - isFullScreenFromStart: false
20:10:43.882 [FXGL Background Thread 3 ] DEBUG Engine               - isGameMenuEnabled: true
20:10:43.882 [FXGL Background Thread 3 ] DEBUG Engine               - isIOS: false
20:10:43.882 [FXGL Background Thread 3 ] DEBUG Engine               - isIntroEnabled: false
20:10:43.882 [FXGL Background Thread 3 ] DEBUG Engine               - isLinux: false
20:10:43.882 [FXGL Background Thread 3 ] DEBUG Engine               - isMac: false
20:10:43.882 [FXGL Background Thread 3 ] DEBUG Engine               - isMainMenuEnabled: false
20:10:43.882 [FXGL Background Thread 3 ] DEBUG Engine               - isManualResizeEnabled: false
20:10:43.882 [FXGL Background Thread 3 ] DEBUG Engine               - isMobile: false
20:10:43.882 [FXGL Background Thread 3 ] DEBUG Engine               - isNative: false
20:10:43.882 [FXGL Background Thread 3 ] DEBUG Engine               - isPauseMusicWhenMinimized: true
20:10:43.882 [FXGL Background Thread 3 ] DEBUG Engine               - isPreserveResizeRatio: false
20:10:43.883 [FXGL Background Thread 3 ] DEBUG Engine               - isProfilingEnabled: false
20:10:43.883 [FXGL Background Thread 3 ] DEBUG Engine               - isScaleAffectedOnResize: true
20:10:43.883 [FXGL Background Thread 3 ] DEBUG Engine               - isSingleStep: false
20:10:43.883 [FXGL Background Thread 3 ] DEBUG Engine               - isUserProfileEnabled: false
20:10:43.883 [FXGL Background Thread 3 ] DEBUG Engine               - isWindows: true
20:10:43.883 [FXGL Background Thread 3 ] DEBUG Engine               - language: ObjectProperty [value: ENGLISH]
20:10:43.883 [FXGL Background Thread 3 ] DEBUG Engine               - menuKey: ESCAPE
20:10:43.883 [FXGL Background Thread 3 ] DEBUG Engine               - mouseSensitivity: 0.2
20:10:43.883 [FXGL Background Thread 3 ] DEBUG Engine               - notificationViewClass: class com.almasb.fxgl.notification.view.XboxNotificationView
20:10:43.883 [FXGL Background Thread 3 ] DEBUG Engine               - pixelsPerMeter: 50.0
20:10:43.883 [FXGL Background Thread 3 ] DEBUG Engine               - platform: WINDOWS
20:10:43.883 [FXGL Background Thread 3 ] DEBUG Engine               - prefHeightProperty: ReadOnlyDoubleProperty [value: 600.0]
20:10:43.883 [FXGL Background Thread 3 ] DEBUG Engine               - prefWidthProperty: ReadOnlyDoubleProperty [value: 800.0]
20:10:43.883 [FXGL Background Thread 3 ] DEBUG Engine               - profileDir: profiles/
20:10:43.883 [FXGL Background Thread 3 ] DEBUG Engine               - profileName: StringProperty [value: DEFAULT]
20:10:43.884 [FXGL Background Thread 3 ] DEBUG Engine               - randomSeed: -1
20:10:43.884 [FXGL Background Thread 3 ] DEBUG Engine               - runtimeInfo: RuntimeInfo(platform=WINDOWS, version=17.1, build=24.03.2022 17.34)
20:10:43.884 [FXGL Background Thread 3 ] DEBUG Engine               - saveFileExt: sav
20:10:43.884 [FXGL Background Thread 3 ] DEBUG Engine               - scaledHeightProp$fxgl: DoubleProperty [bound, value: 600.0]
20:10:43.884 [FXGL Background Thread 3 ] DEBUG Engine               - scaledWidthProp$fxgl: DoubleProperty [bound, value: 800.0]
20:10:43.884 [FXGL Background Thread 3 ] DEBUG Engine               - sceneFactory: com.almasb.fxgl.app.scene.SceneFactory@5d22ee30
20:10:43.884 [FXGL Background Thread 3 ] DEBUG Engine               - secondsIn24h: 60
20:10:43.884 [FXGL Background Thread 3 ] DEBUG Engine               - soundMenuBack: menu/back.wav
20:10:43.884 [FXGL Background Thread 3 ] DEBUG Engine               - soundMenuPress: menu/press.wav
20:10:43.884 [FXGL Background Thread 3 ] DEBUG Engine               - soundMenuSelect: menu/select.wav
20:10:43.884 [FXGL Background Thread 3 ] DEBUG Engine               - soundNotification: core/notification.wav
20:10:43.884 [FXGL Background Thread 3 ] DEBUG Engine               - stageStyle: DECORATED
20:10:43.884 [FXGL Background Thread 3 ] DEBUG Engine               - supportedLanguages: [ENGLISH, FRENCH, GERMAN, HUNGARIAN, RUSSIAN]
20:10:43.885 [FXGL Background Thread 3 ] DEBUG Engine               - ticksPerSecond: -1
20:10:43.885 [FXGL Background Thread 3 ] DEBUG Engine               - title: Untitled
20:10:43.885 [FXGL Background Thread 3 ] DEBUG Engine               - urlGithub: https://github.com/AlmasB/FXGL
20:10:43.885 [FXGL Background Thread 3 ] DEBUG Engine               - urlLeaderboard: http://fxgl-top.herokuapp.com/
20:10:43.885 [FXGL Background Thread 3 ] DEBUG Engine               - urlPOM: https://raw.githubusercontent.com/AlmasB/FXGL/release/README.md
20:10:43.885 [FXGL Background Thread 3 ] DEBUG Engine               - userAppClass: class com.alatus.game.ImageGame
20:10:43.885 [FXGL Background Thread 3 ] DEBUG Engine               - version: 0.0
20:10:43.885 [FXGL Background Thread 3 ] DEBUG Engine               - versionCheckDays: 7
20:10:43.885 [FXGL Background Thread 3 ] DEBUG Engine               - width: 800
20:10:43.885 [FXGL Background Thread 3 ] DEBUG Engine               - Logging services
20:10:43.885 [FXGL Background Thread 3 ] DEBUG Engine               - class com.almasb.fxgl.app.services.FXGLAssetLoaderService
20:10:43.886 [FXGL Background Thread 3 ] DEBUG Engine               - class com.almasb.fxgl.app.FXGLApplication$GameApplicationService
20:10:43.886 [FXGL Background Thread 3 ] DEBUG Engine               - class com.almasb.fxgl.app.services.FXGLDialogService
20:10:43.886 [FXGL Background Thread 3 ] DEBUG Engine               - class com.almasb.fxgl.app.services.IOTaskExecutorService
20:10:43.886 [FXGL Background Thread 3 ] DEBUG Engine               - class com.almasb.fxgl.io.FileSystemService
20:10:43.886 [FXGL Background Thread 3 ] DEBUG Engine               - class com.almasb.fxgl.localization.LocalizationService
20:10:43.886 [FXGL Background Thread 3 ] DEBUG Engine               - class com.almasb.fxgl.app.services.SystemBundleService
20:10:43.886 [FXGL Background Thread 3 ] DEBUG Engine               - class com.almasb.fxgl.profile.SaveLoadService
20:10:43.886 [FXGL Background Thread 3 ] DEBUG Engine               - class com.almasb.fxgl.ui.FXGLUIFactoryServiceProvider
20:10:43.887 [FXGL Background Thread 3 ] DEBUG Engine               - class com.almasb.fxgl.ui.FXGLDialogFactoryServiceProvider
20:10:43.887 [FXGL Background Thread 3 ] DEBUG Engine               - class com.almasb.fxgl.audio.AudioPlayer
20:10:43.887 [FXGL Background Thread 3 ] DEBUG Engine               - class com.almasb.fxgl.notification.impl.NotificationServiceProvider
20:10:43.887 [FXGL Background Thread 3 ] DEBUG Engine               - class com.almasb.fxgl.achievement.AchievementService
20:10:43.887 [FXGL Background Thread 3 ] DEBUG Engine               - class com.almasb.fxgl.cutscene.CutsceneService
20:10:43.887 [FXGL Background Thread 3 ] DEBUG Engine               - class com.almasb.fxgl.minigames.MiniGameService
20:10:43.887 [FXGL Background Thread 3 ] DEBUG Engine               - class com.almasb.fxgl.net.NetService
20:10:43.887 [FXGL Background Thread 3 ] DEBUG Engine               - class com.almasb.fxgl.app.services.UpdaterService
20:10:43.887 [FXGL Background Thread 3 ] DEBUG Engine               - class com.almasb.fxgl.dev.DevService
20:10:53.801 [JavaFX Application Thread] DEBUG FXGLApplication      - Exiting FXGL
20:10:53.802 [JavaFX Application Thread] DEBUG LoopRunner           - Stopping loop
20:10:53.802 [JavaFX Application Thread] DEBUG SystemBundleService  - Saving FXGL system data
20:10:53.804 [JavaFX Application Thread] DEBUG FileSystemAccess     - Writing to: C:\Users\15713\IdeaProjects\FXGL\system\fxgl.bundle
20:10:53.805 [JavaFX Application Thread] DEBUG Async                - Shutting down background threads
20:10:53.805 [JavaFX Application Thread] DEBUG PrimaryStageWindow   - Closing main window
20:10:53.826 [JavaFX Application Thread] DEBUG Logger               - Closing Logger
