19:56:07.569 [main                     ] DEBUG Logger               - Configured Logger
19:56:07.631 [main                     ] DEBUG GameApplication      - Logging settings
Title: Untitled
Version: 0.0
Width: 800
Height: 600
Fullscreen: false
Intro: false
Profiling: false
Single step:false
App Mode: DEVELOPER
Menu Key: ESCAPE
Stage Style: DECORATED
Scene Factory: class com.almasb.fxgl.app.scene.SceneFactory

19:56:08.941 [JavaFX Application Thread] DEBUG FXGLApplication      - Initializing FXGL
19:56:08.954 [JavaFX Application Thread] INFO  Engine               - FXGL-17.1 (24.03.2022 17.34) on WINDOWS (J:17.0.10 FX:18)
19:56:08.955 [JavaFX Application Thread] DEBUG Engine               - JRE Vendor Name: Oracle Corporation
19:56:08.955 [JavaFX Application Thread] DEBUG Engine               - Running on OS: Windows 11 version 10.0
19:56:08.956 [JavaFX Application Thread] DEBUG Engine               - Architecture: amd64
19:56:08.956 [JavaFX Application Thread] INFO  Engine               - Source code and latest versions at: https://github.com/AlmasB/FXGL
19:56:08.956 [JavaFX Application Thread] INFO  Engine               -       Ask questions and discuss at: https://github.com/AlmasB/FXGL/discussions
19:56:08.956 [JavaFX Application Thread] INFO  Engine               -              Join the FXGL chat at: https://gitter.im/AlmasB/FXGL
19:56:09.113 [JavaFX Application Thread] DEBUG PrimaryStageWindow   - Creating a JavaFX scene
19:56:09.184 [JavaFX Application Thread] DEBUG PrimaryStageWindow   - Target settings size: 800.0 x 600.0
19:56:09.184 [JavaFX Application Thread] DEBUG PrimaryStageWindow   - Scaled scene size:    800.0 x 600.0
19:56:09.184 [JavaFX Application Thread] DEBUG PrimaryStageWindow   - Scaled ratio: (1.0, 1.0)
19:56:09.186 [JavaFX Application Thread] DEBUG PrimaryStageWindow   - Set initial scene to FXGLStartupScene
19:56:09.195 [JavaFX Application Thread] DEBUG PrimaryStageWindow   - Opening main window
19:56:09.338 [JavaFX Application Thread] DEBUG PrimaryStageWindow   - Window border size: (14.4000244140625, 37.5999755859375)
19:56:09.338 [JavaFX Application Thread] DEBUG PrimaryStageWindow   - Scaled size: 800.0 x 600.0
19:56:09.339 [JavaFX Application Thread] DEBUG PrimaryStageWindow   - Scaled ratio: (1.0, 1.0)
19:56:09.339 [JavaFX Application Thread] DEBUG PrimaryStageWindow   - Scene size: 800.0 x 600.0
19:56:09.339 [JavaFX Application Thread] DEBUG PrimaryStageWindow   - Stage size: 814.4000244140625 x 637.5999755859375
19:56:09.353 [FXGL Background Thread 1 ] DEBUG Engine               - Initializing environment variables
19:56:09.428 [FXGL Background Thread 1 ] DEBUG FXGLAssetLoaderServi - User app class for loading assets: class com.alatus.game.ImageGame
19:56:09.428 [FXGL Background Thread 1 ] DEBUG GameApplicationServi - Applying CSS: fxgl_dark.css
19:56:09.429 [FXGL Background Thread 1 ] DEBUG FXGLAssetLoaderServi - Loading from file system: jar:file:///C:/Maven/repository/com/github/almasb/fxgl/17.1/fxgl-17.1.jar!/fxglassets/ui/css/fxgl_dark.css
19:56:09.494 [FXGL Background Thread 1 ] DEBUG GameApplicationServi - Initializing application scenes
19:56:09.623 [FXGL Background Thread 1 ] DEBUG GameWorld            - Game world initialized
19:56:09.767 [FXGL Background Thread 1 ] DEBUG PhysicsWorld         - Physics world initialized: appHeight=600, physics.ppm=50.0
19:56:09.768 [FXGL Background Thread 1 ] DEBUG PhysicsWorld         - Using strategy: BRUTE_FORCE
19:56:09.777 [FXGL Background Thread 1 ] DEBUG GameScene            - Game scene initialized: 800x600
19:56:09.808 [FXGL Background Thread 1 ] DEBUG FXGL.DefaultMenu     - createMenuBodyGameMenu()
19:56:09.842 [FXGL Background Thread 1 ] DEBUG FXGL.DefaultMenu     - createOptionsMenu()
19:56:09.864 [FXGL Background Thread 1 ] DEBUG FXGLAssetLoaderServi - Loading from file system: jar:file:///C:/Maven/repository/com/github/almasb/fxgl/17.1/fxgl-17.1.jar!/fxglassets/textures/particles/smoke.png
19:56:10.028 [FXGL Background Thread 1 ] DEBUG FXGLAssetLoaderServi - Loading from file system: jar:file:///C:/Maven/repository/com/github/almasb/fxgl/17.1/fxgl-17.1.jar!/fxglassets/textures/particles/trace_horizontal.png
19:56:10.074 [FXGL Background Thread 1 ] DEBUG GameApplicationServi - Application scenes initialized
19:56:10.094 [FXGL Background Thread 1 ] DEBUG SystemBundleService  - Loading FXGL system data
19:56:10.102 [FXGL Background Thread 1 ] DEBUG FileSystemAccess     - Reading from: C:\Users\15713\IdeaProjects\FXGL\system\fxgl.bundle
19:56:10.116 [FXGL Background Thread 1 ] DEBUG SystemBundleService  - Bundle FXGL: {}
19:56:10.116 [FXGL Background Thread 1 ] DEBUG UpdaterService       - Checking for updates
19:56:10.123 [FXGL Background Thread 4 ] DEBUG FXGLApplication      - Loading fonts
19:56:10.124 [FXGL Background Thread 1 ] DEBUG FXGLApplication      - Loading default localization
19:56:10.124 [FXGL Background Thread 4 ] DEBUG FXGLAssetLoaderServi - Loading from file system: jar:file:///C:/Maven/repository/com/github/almasb/fxgl/17.1/fxgl-17.1.jar!/fxglassets/ui/fonts/VarelaRound-Regular.ttf
19:56:10.124 [FXGL Background Thread 1 ] DEBUG FXGLAssetLoaderServi - Loading from file system: jar:file:///C:/Maven/repository/com/github/almasb/fxgl/17.1/fxgl-17.1.jar!/fxglassets/languages/english.lang
19:56:10.194 [FXGL Background Thread 1 ] INFO  FXGLApplication      - FXGL initialization took: 0.840 sec
19:56:10.197 [JavaFX Application Thread] DEBUG FXGLAssetLoaderServi - Loading from file system: file:/C:/Users/15713/IdeaProjects/FXGL/ImageGame/target/classes/assets/textures/Tank.png
19:56:10.203 [JavaFX Application Thread] DEBUG FXGLAssetLoaderServi - Loading from file system: jar:file:///C:/Maven/repository/com/github/almasb/fxgl/17.1/fxgl-17.1.jar!/fxglassets/textures/fxgl_icon.png
19:56:10.248 [JavaFX Application Thread] DEBUG FXGLAssetLoaderServi - Loading from file system: jar:file:///C:/Maven/repository/com/github/almasb/fxgl/17.1/fxgl-17.1.jar!/fxglassets/textures/fxgl_default_cursor.png
19:56:10.283 [JavaFX Application Thread] DEBUG Input                - Registered new binding: Screenshot - CTRL+8
19:56:10.284 [JavaFX Application Thread] DEBUG Input                - Registered new binding: System info dump - CTRL+9
19:56:10.285 [JavaFX Application Thread] DEBUG Input                - Registered new binding: Restart - CTRL+R
19:56:10.286 [JavaFX Application Thread] DEBUG Input                - Registered new binding: Toggle Debug Camera - CTRL+7
19:56:10.291 [JavaFX Application Thread] DEBUG LoopRunner           - Starting loop
19:56:10.291 [JavaFX Application Thread] DEBUG LoopRunner           - Initializing JavaFX AnimationTimerLoop
19:56:10.299 [JavaFX Application Thread] DEBUG GameApplicationServi - Starting new game
19:56:10.300 [JavaFX Application Thread] DEBUG Input                - Clearing active input actions
19:56:10.322 [JavaFX Application Thread] DEBUG GameApplicationServi - Removing overlay from FXGLStartupScene and adding to FXGLLoadingScene
19:56:10.323 [JavaFX Application Thread] DEBUG PrimaryStageWindow   - FXGLStartupScene -> FXGLLoadingScene
19:56:10.323 [JavaFX Application Thread] DEBUG GameApplicationServi - Clearing previous game
19:56:10.324 [JavaFX Application Thread] DEBUG GameScene            - Clearing game scene
19:56:10.324 [JavaFX Application Thread] DEBUG GameWorld            - Clearing game world
19:56:10.324 [JavaFX Application Thread] DEBUG PhysicsWorld         - Clearing physics world
19:56:10.330 [FXGL Background Thread 1 ] DEBUG FXGLApplication      - Initializing game
19:56:10.339 [FXGL Background Thread 4 ] DEBUG FXGLAssetLoaderServi - Loading from file system: jar:file:///C:/Maven/repository/com/github/almasb/fxgl/17.1/fxgl-17.1.jar!/fxglassets/ui/fonts/Abel-Regular.ttf
19:56:10.344 [FXGL Background Thread 4 ] DEBUG FXGLAssetLoaderServi - Loading from file system: jar:file:///C:/Maven/repository/com/github/almasb/fxgl/17.1/fxgl-17.1.jar!/fxglassets/ui/fonts/TerminalLandMono-Regular.otf
19:56:10.350 [FXGL Background Thread 4 ] DEBUG FXGLAssetLoaderServi - Loading from file system: jar:file:///C:/Maven/repository/com/github/almasb/fxgl/17.1/fxgl-17.1.jar!/fxglassets/ui/fonts/Courier-Prime.ttf
19:56:10.359 [FXGL Background Thread 1 ] DEBUG FXGLAssetLoaderServi - Loading from file system: file:/C:/Users/15713/IdeaProjects/FXGL/ImageGame/target/classes/assets/textures/Nahida/image0.png
19:56:10.364 [FXGL Background Thread 1 ] DEBUG FXGLAssetLoaderServi - Loading from file system: file:/C:/Users/15713/IdeaProjects/FXGL/ImageGame/target/classes/assets/textures/Nahida/image1.png
19:56:10.369 [FXGL Background Thread 1 ] DEBUG FXGLAssetLoaderServi - Loading from file system: file:/C:/Users/15713/IdeaProjects/FXGL/ImageGame/target/classes/assets/textures/Nahida/image2.png
19:56:10.375 [FXGL Background Thread 1 ] DEBUG FXGLAssetLoaderServi - Loading from file system: file:/C:/Users/15713/IdeaProjects/FXGL/ImageGame/target/classes/assets/textures/Nahida/image3.png
19:56:10.380 [FXGL Background Thread 1 ] DEBUG FXGLAssetLoaderServi - Loading from file system: file:/C:/Users/15713/IdeaProjects/FXGL/ImageGame/target/classes/assets/textures/Nahida/image4.png
19:56:10.385 [FXGL Background Thread 1 ] DEBUG FXGLAssetLoaderServi - Loading from file system: file:/C:/Users/15713/IdeaProjects/FXGL/ImageGame/target/classes/assets/textures/Nahida/image5.png
19:56:10.391 [FXGL Background Thread 1 ] DEBUG FXGLAssetLoaderServi - Loading from file system: file:/C:/Users/15713/IdeaProjects/FXGL/ImageGame/target/classes/assets/textures/Nahida/image6.png
19:56:10.398 [FXGL Background Thread 1 ] DEBUG FXGLAssetLoaderServi - Loading from file system: file:/C:/Users/15713/IdeaProjects/FXGL/ImageGame/target/classes/assets/textures/Nahida/image7.png
19:56:10.404 [FXGL Background Thread 1 ] DEBUG FXGLAssetLoaderServi - Loading from file system: file:/C:/Users/15713/IdeaProjects/FXGL/ImageGame/target/classes/assets/textures/Nahida/image8.png
19:56:10.411 [FXGL Background Thread 1 ] DEBUG FXGLAssetLoaderServi - Loading from file system: file:/C:/Users/15713/IdeaProjects/FXGL/ImageGame/target/classes/assets/textures/Nahida/image9.png
19:56:10.417 [FXGL Background Thread 1 ] DEBUG FXGLAssetLoaderServi - Loading from file system: file:/C:/Users/15713/IdeaProjects/FXGL/ImageGame/target/classes/assets/textures/Nahida/image10.png
19:56:10.424 [FXGL Background Thread 1 ] DEBUG FXGLAssetLoaderServi - Loading from file system: file:/C:/Users/15713/IdeaProjects/FXGL/ImageGame/target/classes/assets/textures/Nahida/image11.png
19:56:10.430 [FXGL Background Thread 1 ] DEBUG FXGLAssetLoaderServi - Loading from file system: file:/C:/Users/15713/IdeaProjects/FXGL/ImageGame/target/classes/assets/textures/Nahida/image12.png
19:56:10.437 [FXGL Background Thread 1 ] DEBUG FXGLAssetLoaderServi - Loading from file system: file:/C:/Users/15713/IdeaProjects/FXGL/ImageGame/target/classes/assets/textures/Nahida/image13.png
19:56:10.437 [JavaFX Application Thread] DEBUG FXGLApplication      - Registering font factories with UI factory
19:56:10.443 [FXGL Background Thread 1 ] DEBUG FXGLAssetLoaderServi - Loading from file system: file:/C:/Users/15713/IdeaProjects/FXGL/ImageGame/target/classes/assets/textures/Nahida/image14.png
19:56:10.450 [FXGL Background Thread 1 ] DEBUG FXGLAssetLoaderServi - Loading from file system: file:/C:/Users/15713/IdeaProjects/FXGL/ImageGame/target/classes/assets/textures/Nahida/image15.png
19:56:10.455 [FXGL Background Thread 1 ] DEBUG FXGLAssetLoaderServi - Loading from file system: file:/C:/Users/15713/IdeaProjects/FXGL/ImageGame/target/classes/assets/textures/Nahida/image16.png
19:56:10.461 [FXGL Background Thread 1 ] DEBUG FXGLAssetLoaderServi - Loading from file system: file:/C:/Users/15713/IdeaProjects/FXGL/ImageGame/target/classes/assets/textures/Nahida/image17.png
19:56:10.467 [FXGL Background Thread 1 ] DEBUG FXGLAssetLoaderServi - Loading from file system: file:/C:/Users/15713/IdeaProjects/FXGL/ImageGame/target/classes/assets/textures/Nahida/image18.png
19:56:10.473 [FXGL Background Thread 1 ] DEBUG FXGLAssetLoaderServi - Loading from file system: file:/C:/Users/15713/IdeaProjects/FXGL/ImageGame/target/classes/assets/textures/Nahida/image19.png
19:56:10.478 [FXGL Background Thread 1 ] DEBUG FXGLAssetLoaderServi - Loading from file system: file:/C:/Users/15713/IdeaProjects/FXGL/ImageGame/target/classes/assets/textures/Nahida/image20.png
19:56:10.484 [FXGL Background Thread 1 ] DEBUG FXGLAssetLoaderServi - Loading from file system: file:/C:/Users/15713/IdeaProjects/FXGL/ImageGame/target/classes/assets/textures/Nahida/image21.png
19:56:10.489 [FXGL Background Thread 1 ] DEBUG FXGLAssetLoaderServi - Loading from file system: file:/C:/Users/15713/IdeaProjects/FXGL/ImageGame/target/classes/assets/textures/Nahida/image22.png
19:56:10.494 [FXGL Background Thread 1 ] DEBUG FXGLAssetLoaderServi - Loading from file system: file:/C:/Users/15713/IdeaProjects/FXGL/ImageGame/target/classes/assets/textures/Nahida/image23.png
19:56:10.499 [FXGL Background Thread 1 ] DEBUG FXGLAssetLoaderServi - Loading from file system: file:/C:/Users/15713/IdeaProjects/FXGL/ImageGame/target/classes/assets/textures/Nahida/image24.png
19:56:10.579 [FXGL Background Thread 1 ] DEBUG FXGLAssetLoaderServi - Loading from file system: file:/C:/Users/15713/IdeaProjects/FXGL/ImageGame/target/classes/assets/textures/car.png
19:56:10.610 [FXGL Background Thread 1 ] DEBUG FXGLAssetLoaderServi - Loading from file system: file:/C:/Users/15713/IdeaProjects/FXGL/ImageGame/target/classes/assets/textures/fat_car.png
19:56:10.618 [FXGL Background Thread 1 ] WARN  FXGLAssetLoaderServi - Asset "/assets/textures/Boom.png" was not found!
19:56:10.618 [FXGL Background Thread 1 ] WARN  FXGLAssetLoaderServi - Failed to load IMAGE
19:56:10.701 [FXGL Background Thread 1 ] DEBUG FXGLAssetLoaderServi - Loading from file system: file:/C:/Users/15713/IdeaProjects/FXGL/ImageGame/target/classes/assets/textures/warrior.png
19:56:10.706 [FXGL Background Thread 1 ] DEBUG FXGLAssetLoaderServi - Loading from file system: file:/C:/Users/15713/IdeaProjects/FXGL/ImageGame/target/classes/assets/textures/Tank.png
19:56:10.731 [FXGL Background Thread 1 ] INFO  FXGLApplication      - Game initialization took: 0.401 sec
19:56:10.732 [JavaFX Application Thread] DEBUG Input                - Clearing active input actions
19:56:10.747 [JavaFX Application Thread] DEBUG GameApplicationServi - Removing overlay from FXGLLoadingScene and adding to GameScene
19:56:10.747 [JavaFX Application Thread] DEBUG PrimaryStageWindow   - FXGLLoadingScene -> GameScene
19:56:11.539 [FXGL Background Thread 2 ] INFO  UpdaterService       - Your current version:  17.1
19:56:11.539 [FXGL Background Thread 2 ] INFO  UpdaterService       - Latest stable version: 21.1
19:56:13.122 [FXGL Background Thread 3 ] DEBUG Engine               - Logging environment variables
19:56:13.123 [FXGL Background Thread 3 ] DEBUG Engine               - achievements: []
19:56:13.123 [FXGL Background Thread 3 ] DEBUG Engine               - actualHeight: 600.0
19:56:13.123 [FXGL Background Thread 3 ] DEBUG Engine               - actualHeightProperty: ReadOnlyDoubleProperty [value: 600.0]
19:56:13.123 [FXGL Background Thread 3 ] DEBUG Engine               - actualWidth: 800.0
19:56:13.123 [FXGL Background Thread 3 ] DEBUG Engine               - actualWidthProperty: ReadOnlyDoubleProperty [value: 800.0]
19:56:13.123 [FXGL Background Thread 3 ] DEBUG Engine               - appIcon: fxgl_icon.png
19:56:13.123 [FXGL Background Thread 3 ] DEBUG Engine               - applicationMode: DEVELOPER
19:56:13.123 [FXGL Background Thread 3 ] DEBUG Engine               - cSSList: [fxgl_dark.css]
19:56:13.123 [FXGL Background Thread 3 ] DEBUG Engine               - collisionDetectionStrategy: BRUTE_FORCE
19:56:13.124 [FXGL Background Thread 3 ] DEBUG Engine               - configClass: Optional.empty
19:56:13.124 [FXGL Background Thread 3 ] DEBUG Engine               - credits: []
19:56:13.124 [FXGL Background Thread 3 ] DEBUG Engine               - defaultCursor: CursorInfo(imageName=fxgl_default_cursor.png, hotspotX=7.0, hotspotY=6.0)
19:56:13.124 [FXGL Background Thread 3 ] DEBUG Engine               - devBBoxColorProperty: ObjectProperty [value: 0xff0000ff]
19:56:13.124 [FXGL Background Thread 3 ] DEBUG Engine               - devEnableDebugCameraProperty: BooleanProperty [value: false]
19:56:13.124 [FXGL Background Thread 3 ] DEBUG Engine               - devSensorColorProperty: ObjectProperty [value: 0xffff00ff]
19:56:13.125 [FXGL Background Thread 3 ] DEBUG Engine               - devShowBBoxProperty: BooleanProperty [value: false]
19:56:13.125 [FXGL Background Thread 3 ] DEBUG Engine               - devShowPositionProperty: BooleanProperty [value: false]
19:56:13.125 [FXGL Background Thread 3 ] DEBUG Engine               - enabledMenuItems: []
19:56:13.125 [FXGL Background Thread 3 ] DEBUG Engine               - engineServices: [class com.almasb.fxgl.app.services.FXGLAssetLoaderService, class com.almasb.fxgl.app.FXGLApplication$GameApplicationService, class com.almasb.fxgl.app.services.FXGLDialogService, class com.almasb.fxgl.app.services.IOTaskExecutorService, class com.almasb.fxgl.io.FileSystemService, class com.almasb.fxgl.localization.LocalizationService, class com.almasb.fxgl.app.services.SystemBundleService, class com.almasb.fxgl.profile.SaveLoadService, class com.almasb.fxgl.ui.FXGLUIFactoryServiceProvider, class com.almasb.fxgl.ui.FXGLDialogFactoryServiceProvider, class com.almasb.fxgl.audio.AudioPlayer, class com.almasb.fxgl.notification.impl.NotificationServiceProvider, class com.almasb.fxgl.achievement.AchievementService, class com.almasb.fxgl.cutscene.CutsceneService, class com.almasb.fxgl.minigames.MiniGameService, class com.almasb.fxgl.net.NetService, class com.almasb.fxgl.app.services.UpdaterService, class com.almasb.fxgl.dev.DevService]
19:56:13.125 [FXGL Background Thread 3 ] DEBUG Engine               - fontGame: Abel-Regular.ttf
19:56:13.125 [FXGL Background Thread 3 ] DEBUG Engine               - fontMono: TerminalLandMono-Regular.otf
19:56:13.125 [FXGL Background Thread 3 ] DEBUG Engine               - fontText: Courier-Prime.ttf
19:56:13.125 [FXGL Background Thread 3 ] DEBUG Engine               - fontUI: VarelaRound-Regular.ttf
19:56:13.125 [FXGL Background Thread 3 ] DEBUG Engine               - fullScreen: BooleanProperty [value: false]
19:56:13.125 [FXGL Background Thread 3 ] DEBUG Engine               - gameDifficulty: MEDIUM
19:56:13.125 [FXGL Background Thread 3 ] DEBUG Engine               - gameDifficultyProperty: ObjectProperty [value: MEDIUM]
19:56:13.126 [FXGL Background Thread 3 ] DEBUG Engine               - globalMusicVolume: 0.5
19:56:13.126 [FXGL Background Thread 3 ] DEBUG Engine               - globalMusicVolumeProperty: DoubleProperty [value: 0.5]
19:56:13.126 [FXGL Background Thread 3 ] DEBUG Engine               - globalSoundVolume: 0.5
19:56:13.126 [FXGL Background Thread 3 ] DEBUG Engine               - globalSoundVolumeProperty: DoubleProperty [value: 0.5]
19:56:13.126 [FXGL Background Thread 3 ] DEBUG Engine               - height: 600
19:56:13.126 [FXGL Background Thread 3 ] DEBUG Engine               - is3D: false
19:56:13.126 [FXGL Background Thread 3 ] DEBUG Engine               - isAndroid: false
19:56:13.126 [FXGL Background Thread 3 ] DEBUG Engine               - isBrowser: false
19:56:13.126 [FXGL Background Thread 3 ] DEBUG Engine               - isClickFeedbackEnabled: false
19:56:13.126 [FXGL Background Thread 3 ] DEBUG Engine               - isCloseConfirmation: false
19:56:13.126 [FXGL Background Thread 3 ] DEBUG Engine               - isDesktop: true
19:56:13.126 [FXGL Background Thread 3 ] DEBUG Engine               - isDeveloperMenuEnabled: false
19:56:13.126 [FXGL Background Thread 3 ] DEBUG Engine               - isEmbedded: false
19:56:13.126 [FXGL Background Thread 3 ] DEBUG Engine               - isEntityPreloadEnabled: true
19:56:13.126 [FXGL Background Thread 3 ] DEBUG Engine               - isExperimentalTiledLargeMap: false
19:56:13.127 [FXGL Background Thread 3 ] DEBUG Engine               - isFileSystemWriteAllowed: true
19:56:13.127 [FXGL Background Thread 3 ] DEBUG Engine               - isFullScreenAllowed: false
19:56:13.127 [FXGL Background Thread 3 ] DEBUG Engine               - isFullScreenFromStart: false
19:56:13.127 [FXGL Background Thread 3 ] DEBUG Engine               - isGameMenuEnabled: true
19:56:13.127 [FXGL Background Thread 3 ] DEBUG Engine               - isIOS: false
19:56:13.127 [FXGL Background Thread 3 ] DEBUG Engine               - isIntroEnabled: false
19:56:13.127 [FXGL Background Thread 3 ] DEBUG Engine               - isLinux: false
19:56:13.127 [FXGL Background Thread 3 ] DEBUG Engine               - isMac: false
19:56:13.127 [FXGL Background Thread 3 ] DEBUG Engine               - isMainMenuEnabled: false
19:56:13.127 [FXGL Background Thread 3 ] DEBUG Engine               - isManualResizeEnabled: false
19:56:13.127 [FXGL Background Thread 3 ] DEBUG Engine               - isMobile: false
19:56:13.127 [FXGL Background Thread 3 ] DEBUG Engine               - isNative: false
19:56:13.127 [FXGL Background Thread 3 ] DEBUG Engine               - isPauseMusicWhenMinimized: true
19:56:13.127 [FXGL Background Thread 3 ] DEBUG Engine               - isPreserveResizeRatio: false
19:56:13.127 [FXGL Background Thread 3 ] DEBUG Engine               - isProfilingEnabled: false
19:56:13.127 [FXGL Background Thread 3 ] DEBUG Engine               - isScaleAffectedOnResize: true
19:56:13.127 [FXGL Background Thread 3 ] DEBUG Engine               - isSingleStep: false
19:56:13.127 [FXGL Background Thread 3 ] DEBUG Engine               - isUserProfileEnabled: false
19:56:13.127 [FXGL Background Thread 3 ] DEBUG Engine               - isWindows: true
19:56:13.128 [FXGL Background Thread 3 ] DEBUG Engine               - language: ObjectProperty [value: ENGLISH]
19:56:13.128 [FXGL Background Thread 3 ] DEBUG Engine               - menuKey: ESCAPE
19:56:13.128 [FXGL Background Thread 3 ] DEBUG Engine               - mouseSensitivity: 0.2
19:56:13.128 [FXGL Background Thread 3 ] DEBUG Engine               - notificationViewClass: class com.almasb.fxgl.notification.view.XboxNotificationView
19:56:13.128 [FXGL Background Thread 3 ] DEBUG Engine               - pixelsPerMeter: 50.0
19:56:13.128 [FXGL Background Thread 3 ] DEBUG Engine               - platform: WINDOWS
19:56:13.128 [FXGL Background Thread 3 ] DEBUG Engine               - prefHeightProperty: ReadOnlyDoubleProperty [value: 600.0]
19:56:13.128 [FXGL Background Thread 3 ] DEBUG Engine               - prefWidthProperty: ReadOnlyDoubleProperty [value: 800.0]
19:56:13.128 [FXGL Background Thread 3 ] DEBUG Engine               - profileDir: profiles/
19:56:13.128 [FXGL Background Thread 3 ] DEBUG Engine               - profileName: StringProperty [value: DEFAULT]
19:56:13.128 [FXGL Background Thread 3 ] DEBUG Engine               - randomSeed: -1
19:56:13.129 [FXGL Background Thread 3 ] DEBUG Engine               - runtimeInfo: RuntimeInfo(platform=WINDOWS, version=17.1, build=24.03.2022 17.34)
19:56:13.129 [FXGL Background Thread 3 ] DEBUG Engine               - saveFileExt: sav
19:56:13.129 [FXGL Background Thread 3 ] DEBUG Engine               - scaledHeightProp$fxgl: DoubleProperty [bound, value: 600.0]
19:56:13.129 [FXGL Background Thread 3 ] DEBUG Engine               - scaledWidthProp$fxgl: DoubleProperty [bound, value: 800.0]
19:56:13.129 [FXGL Background Thread 3 ] DEBUG Engine               - sceneFactory: com.almasb.fxgl.app.scene.SceneFactory@7f1f11f6
19:56:13.129 [FXGL Background Thread 3 ] DEBUG Engine               - secondsIn24h: 60
19:56:13.129 [FXGL Background Thread 3 ] DEBUG Engine               - soundMenuBack: menu/back.wav
19:56:13.129 [FXGL Background Thread 3 ] DEBUG Engine               - soundMenuPress: menu/press.wav
19:56:13.129 [FXGL Background Thread 3 ] DEBUG Engine               - soundMenuSelect: menu/select.wav
19:56:13.129 [FXGL Background Thread 3 ] DEBUG Engine               - soundNotification: core/notification.wav
19:56:13.129 [FXGL Background Thread 3 ] DEBUG Engine               - stageStyle: DECORATED
19:56:13.129 [FXGL Background Thread 3 ] DEBUG Engine               - supportedLanguages: [ENGLISH, FRENCH, GERMAN, HUNGARIAN, RUSSIAN]
19:56:13.130 [FXGL Background Thread 3 ] DEBUG Engine               - ticksPerSecond: -1
19:56:13.130 [FXGL Background Thread 3 ] DEBUG Engine               - title: Untitled
19:56:13.130 [FXGL Background Thread 3 ] DEBUG Engine               - urlGithub: https://github.com/AlmasB/FXGL
19:56:13.130 [FXGL Background Thread 3 ] DEBUG Engine               - urlLeaderboard: http://fxgl-top.herokuapp.com/
19:56:13.130 [FXGL Background Thread 3 ] DEBUG Engine               - urlPOM: https://raw.githubusercontent.com/AlmasB/FXGL/release/README.md
19:56:13.130 [FXGL Background Thread 3 ] DEBUG Engine               - userAppClass: class com.alatus.game.ImageGame
19:56:13.130 [FXGL Background Thread 3 ] DEBUG Engine               - version: 0.0
19:56:13.130 [FXGL Background Thread 3 ] DEBUG Engine               - versionCheckDays: 7
19:56:13.130 [FXGL Background Thread 3 ] DEBUG Engine               - width: 800
19:56:13.130 [FXGL Background Thread 3 ] DEBUG Engine               - Logging services
19:56:13.130 [FXGL Background Thread 3 ] DEBUG Engine               - class com.almasb.fxgl.app.services.FXGLAssetLoaderService
19:56:13.130 [FXGL Background Thread 3 ] DEBUG Engine               - class com.almasb.fxgl.app.FXGLApplication$GameApplicationService
19:56:13.130 [FXGL Background Thread 3 ] DEBUG Engine               - class com.almasb.fxgl.app.services.FXGLDialogService
19:56:13.130 [FXGL Background Thread 3 ] DEBUG Engine               - class com.almasb.fxgl.app.services.IOTaskExecutorService
19:56:13.130 [FXGL Background Thread 3 ] DEBUG Engine               - class com.almasb.fxgl.io.FileSystemService
19:56:13.130 [FXGL Background Thread 3 ] DEBUG Engine               - class com.almasb.fxgl.localization.LocalizationService
19:56:13.130 [FXGL Background Thread 3 ] DEBUG Engine               - class com.almasb.fxgl.app.services.SystemBundleService
19:56:13.130 [FXGL Background Thread 3 ] DEBUG Engine               - class com.almasb.fxgl.profile.SaveLoadService
19:56:13.130 [FXGL Background Thread 3 ] DEBUG Engine               - class com.almasb.fxgl.ui.FXGLUIFactoryServiceProvider
19:56:13.131 [FXGL Background Thread 3 ] DEBUG Engine               - class com.almasb.fxgl.ui.FXGLDialogFactoryServiceProvider
19:56:13.131 [FXGL Background Thread 3 ] DEBUG Engine               - class com.almasb.fxgl.audio.AudioPlayer
19:56:13.131 [FXGL Background Thread 3 ] DEBUG Engine               - class com.almasb.fxgl.notification.impl.NotificationServiceProvider
19:56:13.131 [FXGL Background Thread 3 ] DEBUG Engine               - class com.almasb.fxgl.achievement.AchievementService
19:56:13.131 [FXGL Background Thread 3 ] DEBUG Engine               - class com.almasb.fxgl.cutscene.CutsceneService
19:56:13.131 [FXGL Background Thread 3 ] DEBUG Engine               - class com.almasb.fxgl.minigames.MiniGameService
19:56:13.131 [FXGL Background Thread 3 ] DEBUG Engine               - class com.almasb.fxgl.net.NetService
19:56:13.131 [FXGL Background Thread 3 ] DEBUG Engine               - class com.almasb.fxgl.app.services.UpdaterService
19:56:13.131 [FXGL Background Thread 3 ] DEBUG Engine               - class com.almasb.fxgl.dev.DevService
19:56:16.745 [JavaFX Application Thread] DEBUG FXGLApplication      - Exiting FXGL
19:56:16.746 [JavaFX Application Thread] DEBUG LoopRunner           - Stopping loop
19:56:16.746 [JavaFX Application Thread] DEBUG SystemBundleService  - Saving FXGL system data
19:56:16.751 [JavaFX Application Thread] DEBUG FileSystemAccess     - Writing to: C:\Users\15713\IdeaProjects\FXGL\system\fxgl.bundle
19:56:16.752 [JavaFX Application Thread] DEBUG Async                - Shutting down background threads
19:56:16.753 [JavaFX Application Thread] DEBUG PrimaryStageWindow   - Closing main window
19:56:16.780 [JavaFX Application Thread] DEBUG Logger               - Closing Logger
