18:50:16.441 [main                     ] DEBUG Logger               - Configured Logger
18:50:16.501 [main                     ] DEBUG GameApplication      - Logging settings
Title: Untitled
Version: 0.0
Width: 800
Height: 600
Fullscreen: false
Intro: false
Profiling: false
Single step:false
App Mode: DEVELOPER
Menu Key: ESCAPE
Stage Style: DECORATED
Scene Factory: class com.almasb.fxgl.app.scene.SceneFactory

18:50:17.511 [JavaFX Application Thread] DEBUG FXGLApplication      - Initializing FXGL
18:50:17.523 [JavaFX Application Thread] INFO  Engine               - FXGL-17 (31.12.2021 18.16) on WINDOWS (J:17.0.10 FX:17.0.0.1)
18:50:17.523 [JavaFX Application Thread] DEBUG Engine               - JRE Vendor Name: Oracle Corporation
18:50:17.524 [JavaFX Application Thread] DEBUG Engine               - Running on OS: Windows 11 version 10.0
18:50:17.524 [JavaFX Application Thread] DEBUG Engine               - Architecture: amd64
18:50:17.524 [JavaFX Application Thread] INFO  Engine               - Source code and latest versions at: https://github.com/AlmasB/FXGL
18:50:17.525 [JavaFX Application Thread] INFO  Engine               -       Ask questions and discuss at: https://github.com/AlmasB/FXGL/discussions
18:50:17.525 [JavaFX Application Thread] INFO  Engine               -              Join the FXGL chat at: https://gitter.im/AlmasB/FXGL
18:50:17.652 [JavaFX Application Thread] DEBUG PrimaryStageWindow   - Creating a JavaFX scene
18:50:17.711 [JavaFX Application Thread] DEBUG PrimaryStageWindow   - Target settings size: 800.0 x 600.0
18:50:17.712 [JavaFX Application Thread] DEBUG PrimaryStageWindow   - Scaled scene size:    800.0 x 600.0
18:50:17.712 [JavaFX Application Thread] DEBUG PrimaryStageWindow   - Scaled ratio: (1.0, 1.0)
18:50:17.714 [JavaFX Application Thread] DEBUG PrimaryStageWindow   - Set initial scene to FXGLStartupScene
18:50:17.725 [JavaFX Application Thread] DEBUG PrimaryStageWindow   - Opening main window
18:50:17.837 [JavaFX Application Thread] DEBUG PrimaryStageWindow   - Window border size: (14.4000244140625, 37.5999755859375)
18:50:17.838 [JavaFX Application Thread] DEBUG PrimaryStageWindow   - Scaled size: 800.0 x 600.0
18:50:17.839 [JavaFX Application Thread] DEBUG PrimaryStageWindow   - Scaled ratio: (1.0, 1.0)
18:50:17.839 [JavaFX Application Thread] DEBUG PrimaryStageWindow   - Scene size: 800.0 x 600.0
18:50:17.840 [JavaFX Application Thread] DEBUG PrimaryStageWindow   - Stage size: 814.4000244140625 x 637.5999755859375
18:50:17.851 [FXGL Background Thread 1 ] DEBUG Engine               - Initializing environment variables
18:50:17.910 [FXGL Background Thread 1 ] DEBUG FXGLAssetLoaderServi - User app class for loading assets: class com.alatus.game.ImageGame
18:50:17.910 [FXGL Background Thread 1 ] DEBUG GameApplicationServi - Applying CSS: fxgl_dark.css
18:50:17.912 [FXGL Background Thread 1 ] DEBUG FXGLAssetLoaderServi - Loading from file system: jar:file:///C:/Maven/repository/com/github/almasb/fxgl/17/fxgl-17.jar!/fxglassets/ui/css/fxgl_dark.css
18:50:17.985 [FXGL Background Thread 1 ] DEBUG GameApplicationServi - Initializing application scenes
18:50:18.131 [FXGL Background Thread 1 ] DEBUG GameWorld            - Game world initialized
18:50:18.208 [FXGL Background Thread 1 ] DEBUG PhysicsWorld         - Physics world initialized: appHeight=600, physics.ppm=50.0
18:50:18.208 [FXGL Background Thread 1 ] DEBUG PhysicsWorld         - Using strategy: BRUTE_FORCE
18:50:18.215 [FXGL Background Thread 1 ] DEBUG GameScene            - Game scene initialized: 800x600
18:50:18.232 [FXGL Background Thread 1 ] DEBUG FXGL.DefaultMenu     - createMenuBodyGameMenu()
18:50:18.247 [FXGL Background Thread 1 ] DEBUG FXGL.DefaultMenu     - createOptionsMenu()
18:50:18.261 [FXGL Background Thread 1 ] DEBUG FXGLAssetLoaderServi - Loading from file system: jar:file:///C:/Maven/repository/com/github/almasb/fxgl/17/fxgl-17.jar!/fxglassets/textures/particles/smoke.png
18:50:18.400 [FXGL Background Thread 1 ] DEBUG FXGLAssetLoaderServi - Loading from file system: jar:file:///C:/Maven/repository/com/github/almasb/fxgl/17/fxgl-17.jar!/fxglassets/textures/particles/trace_horizontal.png
18:50:18.438 [FXGL Background Thread 1 ] DEBUG GameApplicationServi - Application scenes initialized
18:50:18.452 [FXGL Background Thread 1 ] DEBUG SystemBundleService  - Loading FXGL system data
18:50:18.457 [FXGL Background Thread 1 ] DEBUG FileSystemAccess     - Reading from: C:\Users\15713\IdeaProjects\FXGL\system\fxgl.bundle
18:50:18.465 [FXGL Background Thread 1 ] DEBUG SystemBundleService  - Bundle FXGL: {}
18:50:18.465 [FXGL Background Thread 1 ] DEBUG UpdaterService       - Checking for updates
18:50:18.472 [FXGL Background Thread 4 ] DEBUG FXGLApplication      - Loading fonts
18:50:18.472 [FXGL Background Thread 4 ] DEBUG FXGLAssetLoaderServi - Loading from file system: jar:file:///C:/Maven/repository/com/github/almasb/fxgl/17/fxgl-17.jar!/fxglassets/ui/fonts/VarelaRound-Regular.ttf
18:50:18.473 [FXGL Background Thread 1 ] DEBUG FXGLApplication      - Loading default localization
18:50:18.475 [FXGL Background Thread 1 ] DEBUG FXGLAssetLoaderServi - Loading from file system: jar:file:///C:/Maven/repository/com/github/almasb/fxgl/17/fxgl-17.jar!/fxglassets/languages/english.lang
18:50:18.526 [FXGL Background Thread 1 ] INFO  FXGLApplication      - FXGL initialization took: 0.674 sec
18:50:18.529 [JavaFX Application Thread] DEBUG FXGLAssetLoaderServi - Loading from file system: jar:file:///C:/Maven/repository/com/github/almasb/fxgl/17/fxgl-17.jar!/fxglassets/textures/fxgl_icon.png
18:50:18.578 [JavaFX Application Thread] DEBUG FXGLAssetLoaderServi - Loading from file system: jar:file:///C:/Maven/repository/com/github/almasb/fxgl/17/fxgl-17.jar!/fxglassets/textures/fxgl_default_cursor.png
18:50:18.608 [JavaFX Application Thread] DEBUG Input                - Registered new binding: Screenshot - CTRL+8
18:50:18.609 [JavaFX Application Thread] DEBUG Input                - Registered new binding: System info dump - CTRL+9
18:50:18.609 [JavaFX Application Thread] DEBUG Input                - Registered new binding: Restart - CTRL+R
18:50:18.610 [JavaFX Application Thread] DEBUG Input                - Registered new binding: Toggle Debug Camera - CTRL+7
18:50:18.614 [JavaFX Application Thread] DEBUG LoopRunner           - Starting loop
18:50:18.614 [JavaFX Application Thread] DEBUG LoopRunner           - Initializing JavaFX AnimationTimerLoop
18:50:18.616 [JavaFX Application Thread] DEBUG GameApplicationServi - Starting new game
18:50:18.617 [JavaFX Application Thread] DEBUG Input                - Clearing active input actions
18:50:18.638 [JavaFX Application Thread] DEBUG GameApplicationServi - Removing overlay from FXGLStartupScene and adding to FXGLLoadingScene
18:50:18.640 [JavaFX Application Thread] DEBUG PrimaryStageWindow   - FXGLStartupScene -> FXGLLoadingScene
18:50:18.640 [JavaFX Application Thread] DEBUG GameApplicationServi - Clearing previous game
18:50:18.640 [JavaFX Application Thread] DEBUG GameScene            - Clearing game scene
18:50:18.640 [JavaFX Application Thread] DEBUG GameWorld            - Clearing game world
18:50:18.640 [JavaFX Application Thread] DEBUG PhysicsWorld         - Clearing physics world
18:50:18.643 [FXGL Background Thread 1 ] DEBUG FXGLApplication      - Initializing game
18:50:18.650 [FXGL Background Thread 4 ] DEBUG FXGLAssetLoaderServi - Loading from file system: jar:file:///C:/Maven/repository/com/github/almasb/fxgl/17/fxgl-17.jar!/fxglassets/ui/fonts/Abel-Regular.ttf
18:50:18.662 [FXGL Background Thread 4 ] DEBUG FXGLAssetLoaderServi - Loading from file system: jar:file:///C:/Maven/repository/com/github/almasb/fxgl/17/fxgl-17.jar!/fxglassets/ui/fonts/TerminalLandMono-Regular.otf
18:50:18.670 [FXGL Background Thread 1 ] DEBUG FXGLAssetLoaderServi - Loading from file system: file:/C:/Users/15713/IdeaProjects/FXGL/ImageGame/target/classes/assets/textures/Nahida/image0.png
18:50:18.677 [FXGL Background Thread 1 ] DEBUG FXGLAssetLoaderServi - Loading from file system: file:/C:/Users/15713/IdeaProjects/FXGL/ImageGame/target/classes/assets/textures/Nahida/image1.png
18:50:18.683 [FXGL Background Thread 1 ] DEBUG FXGLAssetLoaderServi - Loading from file system: file:/C:/Users/15713/IdeaProjects/FXGL/ImageGame/target/classes/assets/textures/Nahida/image2.png
18:50:18.690 [FXGL Background Thread 1 ] DEBUG FXGLAssetLoaderServi - Loading from file system: file:/C:/Users/15713/IdeaProjects/FXGL/ImageGame/target/classes/assets/textures/Nahida/image3.png
18:50:18.688 [FXGL Background Thread 4 ] DEBUG FXGLAssetLoaderServi - Loading from file system: jar:file:///C:/Maven/repository/com/github/almasb/fxgl/17/fxgl-17.jar!/fxglassets/ui/fonts/Courier-Prime.ttf
18:50:18.696 [FXGL Background Thread 1 ] DEBUG FXGLAssetLoaderServi - Loading from file system: file:/C:/Users/15713/IdeaProjects/FXGL/ImageGame/target/classes/assets/textures/Nahida/image4.png
18:50:18.701 [FXGL Background Thread 1 ] DEBUG FXGLAssetLoaderServi - Loading from file system: file:/C:/Users/15713/IdeaProjects/FXGL/ImageGame/target/classes/assets/textures/Nahida/image5.png
18:50:18.707 [FXGL Background Thread 1 ] DEBUG FXGLAssetLoaderServi - Loading from file system: file:/C:/Users/15713/IdeaProjects/FXGL/ImageGame/target/classes/assets/textures/Nahida/image6.png
18:50:18.712 [FXGL Background Thread 1 ] DEBUG FXGLAssetLoaderServi - Loading from file system: file:/C:/Users/15713/IdeaProjects/FXGL/ImageGame/target/classes/assets/textures/Nahida/image7.png
18:50:18.718 [FXGL Background Thread 1 ] DEBUG FXGLAssetLoaderServi - Loading from file system: file:/C:/Users/15713/IdeaProjects/FXGL/ImageGame/target/classes/assets/textures/Nahida/image8.png
18:50:18.723 [FXGL Background Thread 1 ] DEBUG FXGLAssetLoaderServi - Loading from file system: file:/C:/Users/15713/IdeaProjects/FXGL/ImageGame/target/classes/assets/textures/Nahida/image9.png
18:50:18.728 [FXGL Background Thread 1 ] DEBUG FXGLAssetLoaderServi - Loading from file system: file:/C:/Users/15713/IdeaProjects/FXGL/ImageGame/target/classes/assets/textures/Nahida/image10.png
18:50:18.734 [FXGL Background Thread 1 ] DEBUG FXGLAssetLoaderServi - Loading from file system: file:/C:/Users/15713/IdeaProjects/FXGL/ImageGame/target/classes/assets/textures/Nahida/image11.png
18:50:18.746 [FXGL Background Thread 1 ] DEBUG FXGLAssetLoaderServi - Loading from file system: file:/C:/Users/15713/IdeaProjects/FXGL/ImageGame/target/classes/assets/textures/Nahida/image12.png
18:50:18.764 [FXGL Background Thread 1 ] DEBUG FXGLAssetLoaderServi - Loading from file system: file:/C:/Users/15713/IdeaProjects/FXGL/ImageGame/target/classes/assets/textures/Nahida/image13.png
18:50:18.772 [FXGL Background Thread 1 ] DEBUG FXGLAssetLoaderServi - Loading from file system: file:/C:/Users/15713/IdeaProjects/FXGL/ImageGame/target/classes/assets/textures/Nahida/image14.png
18:50:18.775 [JavaFX Application Thread] DEBUG FXGLApplication      - Registering font factories with UI factory
18:50:18.782 [FXGL Background Thread 1 ] DEBUG FXGLAssetLoaderServi - Loading from file system: file:/C:/Users/15713/IdeaProjects/FXGL/ImageGame/target/classes/assets/textures/Nahida/image15.png
18:50:18.792 [FXGL Background Thread 1 ] DEBUG FXGLAssetLoaderServi - Loading from file system: file:/C:/Users/15713/IdeaProjects/FXGL/ImageGame/target/classes/assets/textures/Nahida/image16.png
18:50:18.796 [FXGL Background Thread 1 ] DEBUG FXGLAssetLoaderServi - Loading from file system: file:/C:/Users/15713/IdeaProjects/FXGL/ImageGame/target/classes/assets/textures/Nahida/image17.png
18:50:18.800 [FXGL Background Thread 1 ] DEBUG FXGLAssetLoaderServi - Loading from file system: file:/C:/Users/15713/IdeaProjects/FXGL/ImageGame/target/classes/assets/textures/Nahida/image18.png
18:50:18.805 [FXGL Background Thread 1 ] DEBUG FXGLAssetLoaderServi - Loading from file system: file:/C:/Users/15713/IdeaProjects/FXGL/ImageGame/target/classes/assets/textures/Nahida/image19.png
18:50:18.809 [FXGL Background Thread 1 ] DEBUG FXGLAssetLoaderServi - Loading from file system: file:/C:/Users/15713/IdeaProjects/FXGL/ImageGame/target/classes/assets/textures/Nahida/image20.png
18:50:18.812 [FXGL Background Thread 1 ] DEBUG FXGLAssetLoaderServi - Loading from file system: file:/C:/Users/15713/IdeaProjects/FXGL/ImageGame/target/classes/assets/textures/Nahida/image21.png
18:50:18.815 [FXGL Background Thread 1 ] DEBUG FXGLAssetLoaderServi - Loading from file system: file:/C:/Users/15713/IdeaProjects/FXGL/ImageGame/target/classes/assets/textures/Nahida/image22.png
18:50:18.818 [FXGL Background Thread 1 ] DEBUG FXGLAssetLoaderServi - Loading from file system: file:/C:/Users/15713/IdeaProjects/FXGL/ImageGame/target/classes/assets/textures/Nahida/image23.png
18:50:18.823 [FXGL Background Thread 1 ] DEBUG FXGLAssetLoaderServi - Loading from file system: file:/C:/Users/15713/IdeaProjects/FXGL/ImageGame/target/classes/assets/textures/Nahida/image24.png
18:50:18.888 [FXGL Background Thread 1 ] DEBUG FXGLAssetLoaderServi - Loading from file system: file:/C:/Users/15713/IdeaProjects/FXGL/ImageGame/target/classes/assets/textures/car.png
18:50:18.924 [FXGL Background Thread 1 ] DEBUG FXGLAssetLoaderServi - Loading from file system: file:/C:/Users/15713/IdeaProjects/FXGL/ImageGame/target/classes/assets/textures/fat_car.png
18:50:18.927 [FXGL Background Thread 1 ] WARN  FXGLAssetLoaderServi - Asset "/assets/textures/Boom.png" was not found!
18:50:18.928 [FXGL Background Thread 1 ] WARN  FXGLAssetLoaderServi - Failed to load IMAGE
18:50:18.996 [FXGL Background Thread 1 ] DEBUG FXGLAssetLoaderServi - Loading from file system: file:/C:/Users/15713/IdeaProjects/FXGL/ImageGame/target/classes/assets/textures/warrior.png
18:50:19.000 [FXGL Background Thread 1 ] DEBUG FXGLAssetLoaderServi - Loading from file system: file:/C:/Users/15713/IdeaProjects/FXGL/ImageGame/target/classes/assets/textures/Tank.png
18:50:19.013 [FXGL Background Thread 1 ] INFO  FXGLApplication      - Game initialization took: 0.369 sec
18:50:19.023 [JavaFX Application Thread] DEBUG Input                - Clearing active input actions
18:50:19.034 [JavaFX Application Thread] DEBUG GameApplicationServi - Removing overlay from FXGLLoadingScene and adding to GameScene
18:50:19.034 [JavaFX Application Thread] DEBUG PrimaryStageWindow   - FXGLLoadingScene -> GameScene
18:50:19.422 [FXGL Background Thread 2 ] INFO  UpdaterService       - Your current version:  17
18:50:19.423 [FXGL Background Thread 2 ] INFO  UpdaterService       - Latest stable version: 21.1
18:50:21.469 [FXGL Background Thread 3 ] DEBUG Engine               - Logging environment variables
18:50:21.469 [FXGL Background Thread 3 ] DEBUG Engine               - achievements: []
18:50:21.469 [FXGL Background Thread 3 ] DEBUG Engine               - actualHeight: 600.0
18:50:21.470 [FXGL Background Thread 3 ] DEBUG Engine               - actualHeightProperty: ReadOnlyDoubleProperty [value: 600.0]
18:50:21.470 [FXGL Background Thread 3 ] DEBUG Engine               - actualWidth: 800.0
18:50:21.470 [FXGL Background Thread 3 ] DEBUG Engine               - actualWidthProperty: ReadOnlyDoubleProperty [value: 800.0]
18:50:21.470 [FXGL Background Thread 3 ] DEBUG Engine               - appIcon: fxgl_icon.png
18:50:21.470 [FXGL Background Thread 3 ] DEBUG Engine               - applicationMode: DEVELOPER
18:50:21.470 [FXGL Background Thread 3 ] DEBUG Engine               - cSSList: [fxgl_dark.css]
18:50:21.470 [FXGL Background Thread 3 ] DEBUG Engine               - collisionDetectionStrategy: BRUTE_FORCE
18:50:21.470 [FXGL Background Thread 3 ] DEBUG Engine               - configClass: Optional.empty
18:50:21.470 [FXGL Background Thread 3 ] DEBUG Engine               - credits: []
18:50:21.470 [FXGL Background Thread 3 ] DEBUG Engine               - defaultCursor: CursorInfo(imageName=fxgl_default_cursor.png, hotspotX=7.0, hotspotY=6.0)
18:50:21.470 [FXGL Background Thread 3 ] DEBUG Engine               - devBBoxColorProperty: ObjectProperty [value: 0xff0000ff]
18:50:21.471 [FXGL Background Thread 3 ] DEBUG Engine               - devEnableDebugCameraProperty: BooleanProperty [value: false]
18:50:21.471 [FXGL Background Thread 3 ] DEBUG Engine               - devSensorColorProperty: ObjectProperty [value: 0xffff00ff]
18:50:21.471 [FXGL Background Thread 3 ] DEBUG Engine               - devShowBBoxProperty: BooleanProperty [value: false]
18:50:21.471 [FXGL Background Thread 3 ] DEBUG Engine               - devShowPositionProperty: BooleanProperty [value: false]
18:50:21.471 [FXGL Background Thread 3 ] DEBUG Engine               - enabledMenuItems: []
18:50:21.471 [FXGL Background Thread 3 ] DEBUG Engine               - engineServices: [class com.almasb.fxgl.app.services.FXGLAssetLoaderService, class com.almasb.fxgl.app.FXGLApplication$GameApplicationService, class com.almasb.fxgl.app.services.FXGLDialogService, class com.almasb.fxgl.app.services.IOTaskExecutorService, class com.almasb.fxgl.io.FileSystemService, class com.almasb.fxgl.localization.LocalizationService, class com.almasb.fxgl.app.services.SystemBundleService, class com.almasb.fxgl.profile.SaveLoadService, class com.almasb.fxgl.ui.FXGLUIFactoryServiceProvider, class com.almasb.fxgl.ui.FXGLDialogFactoryServiceProvider, class com.almasb.fxgl.audio.AudioPlayer, class com.almasb.fxgl.notification.impl.NotificationServiceProvider, class com.almasb.fxgl.achievement.AchievementService, class com.almasb.fxgl.cutscene.CutsceneService, class com.almasb.fxgl.minigames.MiniGameService, class com.almasb.fxgl.net.NetService, class com.almasb.fxgl.app.services.UpdaterService, class com.almasb.fxgl.dev.DevService]
18:50:21.471 [FXGL Background Thread 3 ] DEBUG Engine               - fontGame: Abel-Regular.ttf
18:50:21.471 [FXGL Background Thread 3 ] DEBUG Engine               - fontMono: TerminalLandMono-Regular.otf
18:50:21.471 [FXGL Background Thread 3 ] DEBUG Engine               - fontText: Courier-Prime.ttf
18:50:21.471 [FXGL Background Thread 3 ] DEBUG Engine               - fontUI: VarelaRound-Regular.ttf
18:50:21.471 [FXGL Background Thread 3 ] DEBUG Engine               - fullScreen: BooleanProperty [value: false]
18:50:21.471 [FXGL Background Thread 3 ] DEBUG Engine               - gameDifficulty: MEDIUM
18:50:21.471 [FXGL Background Thread 3 ] DEBUG Engine               - gameDifficultyProperty: ObjectProperty [value: MEDIUM]
18:50:21.471 [FXGL Background Thread 3 ] DEBUG Engine               - globalMusicVolume: 0.5
18:50:21.472 [FXGL Background Thread 3 ] DEBUG Engine               - globalMusicVolumeProperty: DoubleProperty [value: 0.5]
18:50:21.472 [FXGL Background Thread 3 ] DEBUG Engine               - globalSoundVolume: 0.5
18:50:21.472 [FXGL Background Thread 3 ] DEBUG Engine               - globalSoundVolumeProperty: DoubleProperty [value: 0.5]
18:50:21.472 [FXGL Background Thread 3 ] DEBUG Engine               - height: 600
18:50:21.472 [FXGL Background Thread 3 ] DEBUG Engine               - is3D: false
18:50:21.472 [FXGL Background Thread 3 ] DEBUG Engine               - isAndroid: false
18:50:21.472 [FXGL Background Thread 3 ] DEBUG Engine               - isBrowser: false
18:50:21.472 [FXGL Background Thread 3 ] DEBUG Engine               - isClickFeedbackEnabled: false
18:50:21.472 [FXGL Background Thread 3 ] DEBUG Engine               - isCloseConfirmation: false
18:50:21.472 [FXGL Background Thread 3 ] DEBUG Engine               - isDesktop: true
18:50:21.472 [FXGL Background Thread 3 ] DEBUG Engine               - isDeveloperMenuEnabled: false
18:50:21.472 [FXGL Background Thread 3 ] DEBUG Engine               - isEmbedded: false
18:50:21.472 [FXGL Background Thread 3 ] DEBUG Engine               - isEntityPreloadEnabled: true
18:50:21.472 [FXGL Background Thread 3 ] DEBUG Engine               - isExperimentalTiledLargeMap: false
18:50:21.473 [FXGL Background Thread 3 ] DEBUG Engine               - isFileSystemWriteAllowed: true
18:50:21.473 [FXGL Background Thread 3 ] DEBUG Engine               - isFullScreenAllowed: false
18:50:21.473 [FXGL Background Thread 3 ] DEBUG Engine               - isFullScreenFromStart: false
18:50:21.473 [FXGL Background Thread 3 ] DEBUG Engine               - isGameMenuEnabled: true
18:50:21.473 [FXGL Background Thread 3 ] DEBUG Engine               - isIOS: false
18:50:21.473 [FXGL Background Thread 3 ] DEBUG Engine               - isIntroEnabled: false
18:50:21.473 [FXGL Background Thread 3 ] DEBUG Engine               - isLinux: false
18:50:21.473 [FXGL Background Thread 3 ] DEBUG Engine               - isMac: false
18:50:21.473 [FXGL Background Thread 3 ] DEBUG Engine               - isMainMenuEnabled: false
18:50:21.473 [FXGL Background Thread 3 ] DEBUG Engine               - isManualResizeEnabled: false
18:50:21.473 [FXGL Background Thread 3 ] DEBUG Engine               - isMobile: false
18:50:21.473 [FXGL Background Thread 3 ] DEBUG Engine               - isNative: false
18:50:21.473 [FXGL Background Thread 3 ] DEBUG Engine               - isPauseMusicWhenMinimized: true
18:50:21.473 [FXGL Background Thread 3 ] DEBUG Engine               - isPreserveResizeRatio: false
18:50:21.473 [FXGL Background Thread 3 ] DEBUG Engine               - isProfilingEnabled: false
18:50:21.473 [FXGL Background Thread 3 ] DEBUG Engine               - isScaleAffectedOnResize: true
18:50:21.473 [FXGL Background Thread 3 ] DEBUG Engine               - isSingleStep: false
18:50:21.473 [FXGL Background Thread 3 ] DEBUG Engine               - isUserProfileEnabled: false
18:50:21.473 [FXGL Background Thread 3 ] DEBUG Engine               - isWindows: true
18:50:21.474 [FXGL Background Thread 3 ] DEBUG Engine               - language: ObjectProperty [value: ENGLISH]
18:50:21.474 [FXGL Background Thread 3 ] DEBUG Engine               - menuKey: ESCAPE
18:50:21.474 [FXGL Background Thread 3 ] DEBUG Engine               - mouseSensitivity: 0.2
18:50:21.474 [FXGL Background Thread 3 ] DEBUG Engine               - notificationViewClass: class com.almasb.fxgl.notification.view.XboxNotificationView
18:50:21.474 [FXGL Background Thread 3 ] DEBUG Engine               - pixelsPerMeter: 50.0
18:50:21.474 [FXGL Background Thread 3 ] DEBUG Engine               - platform: WINDOWS
18:50:21.474 [FXGL Background Thread 3 ] DEBUG Engine               - prefHeightProperty: ReadOnlyDoubleProperty [value: 600.0]
18:50:21.474 [FXGL Background Thread 3 ] DEBUG Engine               - prefWidthProperty: ReadOnlyDoubleProperty [value: 800.0]
18:50:21.474 [FXGL Background Thread 3 ] DEBUG Engine               - profileDir: profiles/
18:50:21.474 [FXGL Background Thread 3 ] DEBUG Engine               - profileName: StringProperty [value: DEFAULT]
18:50:21.474 [FXGL Background Thread 3 ] DEBUG Engine               - randomSeed: -1
18:50:21.475 [FXGL Background Thread 3 ] DEBUG Engine               - runtimeInfo: RuntimeInfo(platform=WINDOWS, version=17, build=31.12.2021 18.16)
18:50:21.475 [FXGL Background Thread 3 ] DEBUG Engine               - saveFileExt: sav
18:50:21.475 [FXGL Background Thread 3 ] DEBUG Engine               - scaledHeightProp$fxgl: DoubleProperty [bound, value: 600.0]
18:50:21.475 [FXGL Background Thread 3 ] DEBUG Engine               - scaledWidthProp$fxgl: DoubleProperty [bound, value: 800.0]
18:50:21.475 [FXGL Background Thread 3 ] DEBUG Engine               - sceneFactory: com.almasb.fxgl.app.scene.SceneFactory@19b36bf6
18:50:21.475 [FXGL Background Thread 3 ] DEBUG Engine               - secondsIn24h: 60
18:50:21.475 [FXGL Background Thread 3 ] DEBUG Engine               - soundMenuBack: menu/back.wav
18:50:21.475 [FXGL Background Thread 3 ] DEBUG Engine               - soundMenuPress: menu/press.wav
18:50:21.475 [FXGL Background Thread 3 ] DEBUG Engine               - soundMenuSelect: menu/select.wav
18:50:21.475 [FXGL Background Thread 3 ] DEBUG Engine               - soundNotification: core/notification.wav
18:50:21.475 [FXGL Background Thread 3 ] DEBUG Engine               - stageStyle: DECORATED
18:50:21.475 [FXGL Background Thread 3 ] DEBUG Engine               - supportedLanguages: [ENGLISH, FRENCH, GERMAN, HUNGARIAN, RUSSIAN]
18:50:21.476 [FXGL Background Thread 3 ] DEBUG Engine               - ticksPerSecond: -1
18:50:21.476 [FXGL Background Thread 3 ] DEBUG Engine               - title: Untitled
18:50:21.476 [FXGL Background Thread 3 ] DEBUG Engine               - urlGithub: https://github.com/AlmasB/FXGL
18:50:21.476 [FXGL Background Thread 3 ] DEBUG Engine               - urlLeaderboard: http://fxgl-top.herokuapp.com/
18:50:21.476 [FXGL Background Thread 3 ] DEBUG Engine               - urlPOM: https://raw.githubusercontent.com/AlmasB/FXGL/release/README.md
18:50:21.476 [FXGL Background Thread 3 ] DEBUG Engine               - userAppClass: class com.alatus.game.ImageGame
18:50:21.476 [FXGL Background Thread 3 ] DEBUG Engine               - version: 0.0
18:50:21.476 [FXGL Background Thread 3 ] DEBUG Engine               - versionCheckDays: 7
18:50:21.476 [FXGL Background Thread 3 ] DEBUG Engine               - width: 800
18:50:21.476 [FXGL Background Thread 3 ] DEBUG Engine               - Logging services
18:50:21.476 [FXGL Background Thread 3 ] DEBUG Engine               - class com.almasb.fxgl.app.services.FXGLAssetLoaderService
18:50:21.476 [FXGL Background Thread 3 ] DEBUG Engine               - class com.almasb.fxgl.app.FXGLApplication$GameApplicationService
18:50:21.476 [FXGL Background Thread 3 ] DEBUG Engine               - class com.almasb.fxgl.app.services.FXGLDialogService
18:50:21.476 [FXGL Background Thread 3 ] DEBUG Engine               - class com.almasb.fxgl.app.services.IOTaskExecutorService
18:50:21.476 [FXGL Background Thread 3 ] DEBUG Engine               - class com.almasb.fxgl.io.FileSystemService
18:50:21.477 [FXGL Background Thread 3 ] DEBUG Engine               - class com.almasb.fxgl.localization.LocalizationService
18:50:21.477 [FXGL Background Thread 3 ] DEBUG Engine               - class com.almasb.fxgl.app.services.SystemBundleService
18:50:21.477 [FXGL Background Thread 3 ] DEBUG Engine               - class com.almasb.fxgl.profile.SaveLoadService
18:50:21.477 [FXGL Background Thread 3 ] DEBUG Engine               - class com.almasb.fxgl.ui.FXGLUIFactoryServiceProvider
18:50:21.477 [FXGL Background Thread 3 ] DEBUG Engine               - class com.almasb.fxgl.ui.FXGLDialogFactoryServiceProvider
18:50:21.477 [FXGL Background Thread 3 ] DEBUG Engine               - class com.almasb.fxgl.audio.AudioPlayer
18:50:21.477 [FXGL Background Thread 3 ] DEBUG Engine               - class com.almasb.fxgl.notification.impl.NotificationServiceProvider
18:50:21.477 [FXGL Background Thread 3 ] DEBUG Engine               - class com.almasb.fxgl.achievement.AchievementService
18:50:21.477 [FXGL Background Thread 3 ] DEBUG Engine               - class com.almasb.fxgl.cutscene.CutsceneService
18:50:21.477 [FXGL Background Thread 3 ] DEBUG Engine               - class com.almasb.fxgl.minigames.MiniGameService
18:50:21.477 [FXGL Background Thread 3 ] DEBUG Engine               - class com.almasb.fxgl.net.NetService
18:50:21.477 [FXGL Background Thread 3 ] DEBUG Engine               - class com.almasb.fxgl.app.services.UpdaterService
18:50:21.478 [FXGL Background Thread 3 ] DEBUG Engine               - class com.almasb.fxgl.dev.DevService
18:50:24.961 [JavaFX Application Thread] DEBUG LoopRunner           - Pausing loop
18:51:10.991 [JavaFX Application Thread] DEBUG LoopRunner           - Resuming loop
18:51:15.896 [JavaFX Application Thread] DEBUG LoopRunner           - Pausing loop
18:51:25.879 [JavaFX Application Thread] DEBUG LoopRunner           - Resuming loop
18:51:43.617 [JavaFX Application Thread] DEBUG FXGLApplication      - Exiting FXGL
18:51:43.617 [JavaFX Application Thread] DEBUG LoopRunner           - Stopping loop
18:51:43.617 [JavaFX Application Thread] DEBUG SystemBundleService  - Saving FXGL system data
18:51:43.621 [JavaFX Application Thread] DEBUG FileSystemAccess     - Writing to: C:\Users\15713\IdeaProjects\FXGL\system\fxgl.bundle
18:51:43.624 [JavaFX Application Thread] DEBUG Async                - Shutting down background threads
18:51:43.624 [JavaFX Application Thread] DEBUG PrimaryStageWindow   - Closing main window
18:51:43.650 [JavaFX Application Thread] DEBUG Logger               - Closing Logger
