17:38:20.707 [main                     ] DEBUG Logger               - Configured Logger
17:38:20.786 [main                     ] DEBUG GameApplication      - Logging settings
Title: Untitled
Version: 0.0
Width: 800
Height: 600
Fullscreen: false
Intro: false
Profiling: false
Single step:false
App Mode: DEVELOPER
Menu Key: ESCAPE
Stage Style: DECORATED
Scene Factory: class com.almasb.fxgl.app.scene.SceneFactory

17:38:22.291 [JavaFX Application Thread] DEBUG FXGLApplication      - Initializing FXGL
17:38:22.306 [JavaFX Application Thread] INFO  Engine               - FXGL-17 (31.12.2021 18.16) on WINDOWS (J:17.0.10 FX:17.0.0.1)
17:38:22.308 [JavaFX Application Thread] DEBUG Engine               - JRE Vendor Name: Oracle Corporation
17:38:22.309 [JavaFX Application Thread] DEBUG Engine               - Running on OS: Windows 11 version 10.0
17:38:22.309 [JavaFX Application Thread] DEBUG Engine               - Architecture: amd64
17:38:22.310 [JavaFX Application Thread] INFO  Engine               - Source code and latest versions at: https://github.com/AlmasB/FXGL
17:38:22.310 [JavaFX Application Thread] INFO  Engine               -       Ask questions and discuss at: https://github.com/AlmasB/FXGL/discussions
17:38:22.311 [JavaFX Application Thread] INFO  Engine               -              Join the FXGL chat at: https://gitter.im/AlmasB/FXGL
17:38:22.506 [JavaFX Application Thread] DEBUG PrimaryStageWindow   - Creating a JavaFX scene
17:38:22.594 [JavaFX Application Thread] DEBUG PrimaryStageWindow   - Target settings size: 800.0 x 600.0
17:38:22.596 [JavaFX Application Thread] DEBUG PrimaryStageWindow   - Scaled scene size:    800.0 x 600.0
17:38:22.596 [JavaFX Application Thread] DEBUG PrimaryStageWindow   - Scaled ratio: (1.0, 1.0)
17:38:22.599 [JavaFX Application Thread] DEBUG PrimaryStageWindow   - Set initial scene to FXGLStartupScene
17:38:22.612 [JavaFX Application Thread] DEBUG PrimaryStageWindow   - Opening main window
17:38:22.800 [JavaFX Application Thread] DEBUG PrimaryStageWindow   - Window border size: (14.4000244140625, 37.5999755859375)
17:38:22.801 [JavaFX Application Thread] DEBUG PrimaryStageWindow   - Scaled size: 800.0 x 600.0
17:38:22.801 [JavaFX Application Thread] DEBUG PrimaryStageWindow   - Scaled ratio: (1.0, 1.0)
17:38:22.802 [JavaFX Application Thread] DEBUG PrimaryStageWindow   - Scene size: 800.0 x 600.0
17:38:22.803 [JavaFX Application Thread] DEBUG PrimaryStageWindow   - Stage size: 814.4000244140625 x 637.5999755859375
17:38:22.823 [FXGL Background Thread 1 ] DEBUG Engine               - Initializing environment variables
17:38:22.906 [FXGL Background Thread 1 ] DEBUG FXGLAssetLoaderServi - User app class for loading assets: class com.alatus.game.ImageGame
17:38:22.908 [FXGL Background Thread 1 ] DEBUG GameApplicationServi - Applying CSS: fxgl_dark.css
17:38:22.910 [FXGL Background Thread 1 ] DEBUG FXGLAssetLoaderServi - Loading from file system: jar:file:///C:/Maven/repository/com/github/almasb/fxgl/17/fxgl-17.jar!/fxglassets/ui/css/fxgl_dark.css
17:38:23.023 [FXGL Background Thread 1 ] DEBUG GameApplicationServi - Initializing application scenes
17:38:23.168 [FXGL Background Thread 1 ] DEBUG GameWorld            - Game world initialized
17:38:23.313 [FXGL Background Thread 1 ] DEBUG PhysicsWorld         - Physics world initialized: appHeight=600, physics.ppm=50.0
17:38:23.314 [FXGL Background Thread 1 ] DEBUG PhysicsWorld         - Using strategy: BRUTE_FORCE
17:38:23.324 [FXGL Background Thread 1 ] DEBUG GameScene            - Game scene initialized: 800x600
17:38:23.358 [FXGL Background Thread 1 ] DEBUG FXGL.DefaultMenu     - createMenuBodyGameMenu()
17:38:23.393 [FXGL Background Thread 1 ] DEBUG FXGL.DefaultMenu     - createOptionsMenu()
17:38:23.424 [FXGL Background Thread 1 ] DEBUG FXGLAssetLoaderServi - Loading from file system: jar:file:///C:/Maven/repository/com/github/almasb/fxgl/17/fxgl-17.jar!/fxglassets/textures/particles/smoke.png
17:38:23.650 [FXGL Background Thread 1 ] DEBUG FXGLAssetLoaderServi - Loading from file system: jar:file:///C:/Maven/repository/com/github/almasb/fxgl/17/fxgl-17.jar!/fxglassets/textures/particles/trace_horizontal.png
17:38:23.714 [FXGL Background Thread 1 ] DEBUG GameApplicationServi - Application scenes initialized
17:38:23.739 [FXGL Background Thread 1 ] DEBUG SystemBundleService  - Loading FXGL system data
17:38:23.752 [FXGL Background Thread 1 ] DEBUG FileSystemAccess     - Reading from: C:\Users\15713\IdeaProjects\FXGL\system\fxgl.bundle
17:38:23.773 [FXGL Background Thread 1 ] DEBUG SystemBundleService  - Bundle FXGL: {}
17:38:23.773 [FXGL Background Thread 1 ] DEBUG UpdaterService       - Checking for updates
17:38:23.787 [FXGL Background Thread 4 ] DEBUG FXGLApplication      - Loading fonts
17:38:23.788 [FXGL Background Thread 4 ] DEBUG FXGLAssetLoaderServi - Loading from file system: jar:file:///C:/Maven/repository/com/github/almasb/fxgl/17/fxgl-17.jar!/fxglassets/ui/fonts/VarelaRound-Regular.ttf
17:38:23.789 [FXGL Background Thread 1 ] DEBUG FXGLApplication      - Loading default localization
17:38:23.791 [FXGL Background Thread 1 ] DEBUG FXGLAssetLoaderServi - Loading from file system: jar:file:///C:/Maven/repository/com/github/almasb/fxgl/17/fxgl-17.jar!/fxglassets/languages/english.lang
17:38:23.854 [FXGL Background Thread 1 ] INFO  FXGLApplication      - FXGL initialization took: 1.030 sec
17:38:23.857 [JavaFX Application Thread] DEBUG FXGLAssetLoaderServi - Loading from file system: jar:file:///C:/Maven/repository/com/github/almasb/fxgl/17/fxgl-17.jar!/fxglassets/textures/fxgl_icon.png
17:38:23.924 [JavaFX Application Thread] DEBUG FXGLAssetLoaderServi - Loading from file system: jar:file:///C:/Maven/repository/com/github/almasb/fxgl/17/fxgl-17.jar!/fxglassets/textures/fxgl_default_cursor.png
17:38:23.966 [JavaFX Application Thread] DEBUG Input                - Registered new binding: Screenshot - CTRL+8
17:38:23.969 [JavaFX Application Thread] DEBUG Input                - Registered new binding: System info dump - CTRL+9
17:38:23.970 [JavaFX Application Thread] DEBUG Input                - Registered new binding: Restart - CTRL+R
17:38:23.972 [JavaFX Application Thread] DEBUG Input                - Registered new binding: Toggle Debug Camera - CTRL+7
17:38:23.978 [JavaFX Application Thread] DEBUG LoopRunner           - Starting loop
17:38:23.978 [JavaFX Application Thread] DEBUG LoopRunner           - Initializing JavaFX AnimationTimerLoop
17:38:23.982 [JavaFX Application Thread] DEBUG GameApplicationServi - Starting new game
17:38:23.984 [JavaFX Application Thread] DEBUG Input                - Clearing active input actions
17:38:24.016 [JavaFX Application Thread] DEBUG GameApplicationServi - Removing overlay from FXGLStartupScene and adding to FXGLLoadingScene
17:38:24.016 [JavaFX Application Thread] DEBUG PrimaryStageWindow   - FXGLStartupScene -> FXGLLoadingScene
17:38:24.018 [JavaFX Application Thread] DEBUG GameApplicationServi - Clearing previous game
17:38:24.018 [JavaFX Application Thread] DEBUG GameScene            - Clearing game scene
17:38:24.018 [JavaFX Application Thread] DEBUG GameWorld            - Clearing game world
17:38:24.018 [JavaFX Application Thread] DEBUG PhysicsWorld         - Clearing physics world
17:38:24.025 [FXGL Background Thread 1 ] DEBUG FXGLApplication      - Initializing game
17:38:24.028 [FXGL Background Thread 4 ] DEBUG FXGLAssetLoaderServi - Loading from file system: jar:file:///C:/Maven/repository/com/github/almasb/fxgl/17/fxgl-17.jar!/fxglassets/ui/fonts/Abel-Regular.ttf
17:38:24.036 [FXGL Background Thread 4 ] DEBUG FXGLAssetLoaderServi - Loading from file system: jar:file:///C:/Maven/repository/com/github/almasb/fxgl/17/fxgl-17.jar!/fxglassets/ui/fonts/TerminalLandMono-Regular.otf
17:38:24.047 [FXGL Background Thread 4 ] DEBUG FXGLAssetLoaderServi - Loading from file system: jar:file:///C:/Maven/repository/com/github/almasb/fxgl/17/fxgl-17.jar!/fxglassets/ui/fonts/Courier-Prime.ttf
17:38:24.050 [FXGL Background Thread 1 ] DEBUG FXGLAssetLoaderServi - Loading from file system: file:/C:/Users/15713/IdeaProjects/FXGL/ImageGame/target/classes/assets/textures/Nahida/image0.png
17:38:24.062 [FXGL Background Thread 1 ] DEBUG FXGLAssetLoaderServi - Loading from file system: file:/C:/Users/15713/IdeaProjects/FXGL/ImageGame/target/classes/assets/textures/Nahida/image1.png
17:38:24.069 [FXGL Background Thread 1 ] DEBUG FXGLAssetLoaderServi - Loading from file system: file:/C:/Users/15713/IdeaProjects/FXGL/ImageGame/target/classes/assets/textures/Nahida/image2.png
17:38:24.075 [FXGL Background Thread 1 ] DEBUG FXGLAssetLoaderServi - Loading from file system: file:/C:/Users/15713/IdeaProjects/FXGL/ImageGame/target/classes/assets/textures/Nahida/image3.png
17:38:24.083 [FXGL Background Thread 1 ] DEBUG FXGLAssetLoaderServi - Loading from file system: file:/C:/Users/15713/IdeaProjects/FXGL/ImageGame/target/classes/assets/textures/Nahida/image4.png
17:38:24.089 [FXGL Background Thread 1 ] DEBUG FXGLAssetLoaderServi - Loading from file system: file:/C:/Users/15713/IdeaProjects/FXGL/ImageGame/target/classes/assets/textures/Nahida/image5.png
17:38:24.096 [FXGL Background Thread 1 ] DEBUG FXGLAssetLoaderServi - Loading from file system: file:/C:/Users/15713/IdeaProjects/FXGL/ImageGame/target/classes/assets/textures/Nahida/image6.png
17:38:24.103 [FXGL Background Thread 1 ] DEBUG FXGLAssetLoaderServi - Loading from file system: file:/C:/Users/15713/IdeaProjects/FXGL/ImageGame/target/classes/assets/textures/Nahida/image7.png
17:38:24.111 [FXGL Background Thread 1 ] DEBUG FXGLAssetLoaderServi - Loading from file system: file:/C:/Users/15713/IdeaProjects/FXGL/ImageGame/target/classes/assets/textures/Nahida/image8.png
17:38:24.117 [FXGL Background Thread 1 ] DEBUG FXGLAssetLoaderServi - Loading from file system: file:/C:/Users/15713/IdeaProjects/FXGL/ImageGame/target/classes/assets/textures/Nahida/image9.png
17:38:24.124 [FXGL Background Thread 1 ] DEBUG FXGLAssetLoaderServi - Loading from file system: file:/C:/Users/15713/IdeaProjects/FXGL/ImageGame/target/classes/assets/textures/Nahida/image10.png
17:38:24.132 [FXGL Background Thread 1 ] DEBUG FXGLAssetLoaderServi - Loading from file system: file:/C:/Users/15713/IdeaProjects/FXGL/ImageGame/target/classes/assets/textures/Nahida/image11.png
17:38:24.138 [FXGL Background Thread 1 ] DEBUG FXGLAssetLoaderServi - Loading from file system: file:/C:/Users/15713/IdeaProjects/FXGL/ImageGame/target/classes/assets/textures/Nahida/image12.png
17:38:24.144 [FXGL Background Thread 1 ] DEBUG FXGLAssetLoaderServi - Loading from file system: file:/C:/Users/15713/IdeaProjects/FXGL/ImageGame/target/classes/assets/textures/Nahida/image13.png
17:38:24.151 [FXGL Background Thread 1 ] DEBUG FXGLAssetLoaderServi - Loading from file system: file:/C:/Users/15713/IdeaProjects/FXGL/ImageGame/target/classes/assets/textures/Nahida/image14.png
17:38:24.157 [FXGL Background Thread 1 ] DEBUG FXGLAssetLoaderServi - Loading from file system: file:/C:/Users/15713/IdeaProjects/FXGL/ImageGame/target/classes/assets/textures/Nahida/image15.png
17:38:24.165 [FXGL Background Thread 1 ] DEBUG FXGLAssetLoaderServi - Loading from file system: file:/C:/Users/15713/IdeaProjects/FXGL/ImageGame/target/classes/assets/textures/Nahida/image16.png
17:38:24.172 [FXGL Background Thread 1 ] DEBUG FXGLAssetLoaderServi - Loading from file system: file:/C:/Users/15713/IdeaProjects/FXGL/ImageGame/target/classes/assets/textures/Nahida/image17.png
17:38:24.179 [FXGL Background Thread 1 ] DEBUG FXGLAssetLoaderServi - Loading from file system: file:/C:/Users/15713/IdeaProjects/FXGL/ImageGame/target/classes/assets/textures/Nahida/image18.png
17:38:24.185 [FXGL Background Thread 1 ] DEBUG FXGLAssetLoaderServi - Loading from file system: file:/C:/Users/15713/IdeaProjects/FXGL/ImageGame/target/classes/assets/textures/Nahida/image19.png
17:38:24.191 [FXGL Background Thread 1 ] DEBUG FXGLAssetLoaderServi - Loading from file system: file:/C:/Users/15713/IdeaProjects/FXGL/ImageGame/target/classes/assets/textures/Nahida/image20.png
17:38:24.198 [FXGL Background Thread 1 ] DEBUG FXGLAssetLoaderServi - Loading from file system: file:/C:/Users/15713/IdeaProjects/FXGL/ImageGame/target/classes/assets/textures/Nahida/image21.png
17:38:24.204 [JavaFX Application Thread] DEBUG FXGLApplication      - Registering font factories with UI factory
17:38:24.204 [FXGL Background Thread 1 ] DEBUG FXGLAssetLoaderServi - Loading from file system: file:/C:/Users/15713/IdeaProjects/FXGL/ImageGame/target/classes/assets/textures/Nahida/image22.png
17:38:24.211 [FXGL Background Thread 1 ] DEBUG FXGLAssetLoaderServi - Loading from file system: file:/C:/Users/15713/IdeaProjects/FXGL/ImageGame/target/classes/assets/textures/Nahida/image23.png
17:38:24.218 [FXGL Background Thread 1 ] DEBUG FXGLAssetLoaderServi - Loading from file system: file:/C:/Users/15713/IdeaProjects/FXGL/ImageGame/target/classes/assets/textures/Nahida/image24.png
17:38:24.306 [FXGL Background Thread 1 ] DEBUG FXGLAssetLoaderServi - Loading from file system: file:/C:/Users/15713/IdeaProjects/FXGL/ImageGame/target/classes/assets/textures/car.png
17:38:24.345 [FXGL Background Thread 1 ] DEBUG FXGLAssetLoaderServi - Loading from file system: file:/C:/Users/15713/IdeaProjects/FXGL/ImageGame/target/classes/assets/textures/fat_car.png
17:38:24.360 [FXGL Background Thread 1 ] WARN  FXGLAssetLoaderServi - Asset "/assets/textures/Boom.png" was not found!
17:38:24.360 [FXGL Background Thread 1 ] WARN  FXGLAssetLoaderServi - Failed to load IMAGE
17:38:24.496 [FXGL Background Thread 1 ] DEBUG FXGLAssetLoaderServi - Loading from file system: file:/C:/Users/15713/IdeaProjects/FXGL/ImageGame/target/classes/assets/textures/warrior.png
17:38:24.508 [FXGL Background Thread 1 ] DEBUG FXGLAssetLoaderServi - Loading from file system: file:/C:/Users/15713/IdeaProjects/FXGL/ImageGame/target/classes/assets/textures/Tank.png
17:38:24.541 [FXGL Background Thread 1 ] INFO  FXGLApplication      - Game initialization took: 0.517 sec
17:38:24.550 [JavaFX Application Thread] DEBUG Input                - Clearing active input actions
17:38:24.573 [JavaFX Application Thread] DEBUG GameApplicationServi - Removing overlay from FXGLLoadingScene and adding to GameScene
17:38:24.574 [JavaFX Application Thread] DEBUG PrimaryStageWindow   - FXGLLoadingScene -> GameScene
17:38:26.783 [FXGL Background Thread 3 ] DEBUG Engine               - Logging environment variables
17:38:26.784 [FXGL Background Thread 3 ] DEBUG Engine               - achievements: []
17:38:26.784 [FXGL Background Thread 3 ] DEBUG Engine               - actualHeight: 600.0
17:38:26.785 [FXGL Background Thread 3 ] DEBUG Engine               - actualHeightProperty: ReadOnlyDoubleProperty [value: 600.0]
17:38:26.785 [FXGL Background Thread 3 ] DEBUG Engine               - actualWidth: 800.0
17:38:26.785 [FXGL Background Thread 3 ] DEBUG Engine               - actualWidthProperty: ReadOnlyDoubleProperty [value: 800.0]
17:38:26.785 [FXGL Background Thread 3 ] DEBUG Engine               - appIcon: fxgl_icon.png
17:38:26.785 [FXGL Background Thread 3 ] DEBUG Engine               - applicationMode: DEVELOPER
17:38:26.785 [FXGL Background Thread 3 ] DEBUG Engine               - cSSList: [fxgl_dark.css]
17:38:26.785 [FXGL Background Thread 3 ] DEBUG Engine               - collisionDetectionStrategy: BRUTE_FORCE
17:38:26.785 [FXGL Background Thread 3 ] DEBUG Engine               - configClass: Optional.empty
17:38:26.785 [FXGL Background Thread 3 ] DEBUG Engine               - credits: []
17:38:26.786 [FXGL Background Thread 3 ] DEBUG Engine               - defaultCursor: CursorInfo(imageName=fxgl_default_cursor.png, hotspotX=7.0, hotspotY=6.0)
17:38:26.786 [FXGL Background Thread 3 ] DEBUG Engine               - devBBoxColorProperty: ObjectProperty [value: 0xff0000ff]
17:38:26.786 [FXGL Background Thread 3 ] DEBUG Engine               - devEnableDebugCameraProperty: BooleanProperty [value: false]
17:38:26.786 [FXGL Background Thread 3 ] DEBUG Engine               - devSensorColorProperty: ObjectProperty [value: 0xffff00ff]
17:38:26.788 [FXGL Background Thread 3 ] DEBUG Engine               - devShowBBoxProperty: BooleanProperty [value: false]
17:38:26.788 [FXGL Background Thread 3 ] DEBUG Engine               - devShowPositionProperty: BooleanProperty [value: false]
17:38:26.788 [FXGL Background Thread 3 ] DEBUG Engine               - enabledMenuItems: []
17:38:26.788 [FXGL Background Thread 3 ] DEBUG Engine               - engineServices: [class com.almasb.fxgl.app.services.FXGLAssetLoaderService, class com.almasb.fxgl.app.FXGLApplication$GameApplicationService, class com.almasb.fxgl.app.services.FXGLDialogService, class com.almasb.fxgl.app.services.IOTaskExecutorService, class com.almasb.fxgl.io.FileSystemService, class com.almasb.fxgl.localization.LocalizationService, class com.almasb.fxgl.app.services.SystemBundleService, class com.almasb.fxgl.profile.SaveLoadService, class com.almasb.fxgl.ui.FXGLUIFactoryServiceProvider, class com.almasb.fxgl.ui.FXGLDialogFactoryServiceProvider, class com.almasb.fxgl.audio.AudioPlayer, class com.almasb.fxgl.notification.impl.NotificationServiceProvider, class com.almasb.fxgl.achievement.AchievementService, class com.almasb.fxgl.cutscene.CutsceneService, class com.almasb.fxgl.minigames.MiniGameService, class com.almasb.fxgl.net.NetService, class com.almasb.fxgl.app.services.UpdaterService, class com.almasb.fxgl.dev.DevService]
17:38:26.788 [FXGL Background Thread 3 ] DEBUG Engine               - fontGame: Abel-Regular.ttf
17:38:26.788 [FXGL Background Thread 3 ] DEBUG Engine               - fontMono: TerminalLandMono-Regular.otf
17:38:26.788 [FXGL Background Thread 3 ] DEBUG Engine               - fontText: Courier-Prime.ttf
17:38:26.788 [FXGL Background Thread 3 ] DEBUG Engine               - fontUI: VarelaRound-Regular.ttf
17:38:26.788 [FXGL Background Thread 3 ] DEBUG Engine               - fullScreen: BooleanProperty [value: false]
17:38:26.789 [FXGL Background Thread 3 ] DEBUG Engine               - gameDifficulty: MEDIUM
17:38:26.789 [FXGL Background Thread 3 ] DEBUG Engine               - gameDifficultyProperty: ObjectProperty [value: MEDIUM]
17:38:26.789 [FXGL Background Thread 3 ] DEBUG Engine               - globalMusicVolume: 0.5
17:38:26.789 [FXGL Background Thread 3 ] DEBUG Engine               - globalMusicVolumeProperty: DoubleProperty [value: 0.5]
17:38:26.789 [FXGL Background Thread 3 ] DEBUG Engine               - globalSoundVolume: 0.5
17:38:26.789 [FXGL Background Thread 3 ] DEBUG Engine               - globalSoundVolumeProperty: DoubleProperty [value: 0.5]
17:38:26.790 [FXGL Background Thread 3 ] DEBUG Engine               - height: 600
17:38:26.790 [FXGL Background Thread 3 ] DEBUG Engine               - is3D: false
17:38:26.790 [FXGL Background Thread 3 ] DEBUG Engine               - isAndroid: false
17:38:26.790 [FXGL Background Thread 3 ] DEBUG Engine               - isBrowser: false
17:38:26.790 [FXGL Background Thread 3 ] DEBUG Engine               - isClickFeedbackEnabled: false
17:38:26.790 [FXGL Background Thread 3 ] DEBUG Engine               - isCloseConfirmation: false
17:38:26.790 [FXGL Background Thread 3 ] DEBUG Engine               - isDesktop: true
17:38:26.790 [FXGL Background Thread 3 ] DEBUG Engine               - isDeveloperMenuEnabled: false
17:38:26.791 [FXGL Background Thread 3 ] DEBUG Engine               - isEmbedded: false
17:38:26.791 [FXGL Background Thread 3 ] DEBUG Engine               - isEntityPreloadEnabled: true
17:38:26.791 [FXGL Background Thread 3 ] DEBUG Engine               - isExperimentalTiledLargeMap: false
17:38:26.791 [FXGL Background Thread 3 ] DEBUG Engine               - isFileSystemWriteAllowed: true
17:38:26.791 [FXGL Background Thread 3 ] DEBUG Engine               - isFullScreenAllowed: false
17:38:26.791 [FXGL Background Thread 3 ] DEBUG Engine               - isFullScreenFromStart: false
17:38:26.792 [FXGL Background Thread 3 ] DEBUG Engine               - isGameMenuEnabled: true
17:38:26.792 [FXGL Background Thread 3 ] DEBUG Engine               - isIOS: false
17:38:26.792 [FXGL Background Thread 3 ] DEBUG Engine               - isIntroEnabled: false
17:38:26.792 [FXGL Background Thread 3 ] DEBUG Engine               - isLinux: false
17:38:26.792 [FXGL Background Thread 3 ] DEBUG Engine               - isMac: false
17:38:26.793 [FXGL Background Thread 3 ] DEBUG Engine               - isMainMenuEnabled: false
17:38:26.793 [FXGL Background Thread 3 ] DEBUG Engine               - isManualResizeEnabled: false
17:38:26.793 [FXGL Background Thread 3 ] DEBUG Engine               - isMobile: false
17:38:26.793 [FXGL Background Thread 3 ] DEBUG Engine               - isNative: false
17:38:26.793 [FXGL Background Thread 3 ] DEBUG Engine               - isPauseMusicWhenMinimized: true
17:38:26.793 [FXGL Background Thread 3 ] DEBUG Engine               - isPreserveResizeRatio: false
17:38:26.794 [FXGL Background Thread 3 ] DEBUG Engine               - isProfilingEnabled: false
17:38:26.794 [FXGL Background Thread 3 ] DEBUG Engine               - isScaleAffectedOnResize: true
17:38:26.794 [FXGL Background Thread 3 ] DEBUG Engine               - isSingleStep: false
17:38:26.794 [FXGL Background Thread 3 ] DEBUG Engine               - isUserProfileEnabled: false
17:38:26.794 [FXGL Background Thread 3 ] DEBUG Engine               - isWindows: true
17:38:26.794 [FXGL Background Thread 3 ] DEBUG Engine               - language: ObjectProperty [value: ENGLISH]
17:38:26.794 [FXGL Background Thread 3 ] DEBUG Engine               - menuKey: ESCAPE
17:38:26.795 [FXGL Background Thread 3 ] DEBUG Engine               - mouseSensitivity: 0.2
17:38:26.795 [FXGL Background Thread 3 ] DEBUG Engine               - notificationViewClass: class com.almasb.fxgl.notification.view.XboxNotificationView
17:38:26.795 [FXGL Background Thread 3 ] DEBUG Engine               - pixelsPerMeter: 50.0
17:38:26.795 [FXGL Background Thread 3 ] DEBUG Engine               - platform: WINDOWS
17:38:26.795 [FXGL Background Thread 3 ] DEBUG Engine               - prefHeightProperty: ReadOnlyDoubleProperty [value: 600.0]
17:38:26.795 [FXGL Background Thread 3 ] DEBUG Engine               - prefWidthProperty: ReadOnlyDoubleProperty [value: 800.0]
17:38:26.795 [FXGL Background Thread 3 ] DEBUG Engine               - profileDir: profiles/
17:38:26.796 [FXGL Background Thread 3 ] DEBUG Engine               - profileName: StringProperty [value: DEFAULT]
17:38:26.796 [FXGL Background Thread 3 ] DEBUG Engine               - randomSeed: -1
17:38:26.796 [FXGL Background Thread 3 ] DEBUG Engine               - runtimeInfo: RuntimeInfo(platform=WINDOWS, version=17, build=31.12.2021 18.16)
17:38:26.796 [FXGL Background Thread 3 ] DEBUG Engine               - saveFileExt: sav
17:38:26.796 [FXGL Background Thread 3 ] DEBUG Engine               - scaledHeightProp$fxgl: DoubleProperty [bound, value: 600.0]
17:38:26.797 [FXGL Background Thread 3 ] DEBUG Engine               - scaledWidthProp$fxgl: DoubleProperty [bound, value: 800.0]
17:38:26.797 [FXGL Background Thread 3 ] DEBUG Engine               - sceneFactory: com.almasb.fxgl.app.scene.SceneFactory@7459df20
17:38:26.797 [FXGL Background Thread 3 ] DEBUG Engine               - secondsIn24h: 60
17:38:26.797 [FXGL Background Thread 3 ] DEBUG Engine               - soundMenuBack: menu/back.wav
17:38:26.797 [FXGL Background Thread 3 ] DEBUG Engine               - soundMenuPress: menu/press.wav
17:38:26.797 [FXGL Background Thread 3 ] DEBUG Engine               - soundMenuSelect: menu/select.wav
17:38:26.797 [FXGL Background Thread 3 ] DEBUG Engine               - soundNotification: core/notification.wav
17:38:26.797 [FXGL Background Thread 3 ] DEBUG Engine               - stageStyle: DECORATED
17:38:26.797 [FXGL Background Thread 3 ] DEBUG Engine               - supportedLanguages: [ENGLISH, FRENCH, GERMAN, HUNGARIAN, RUSSIAN]
17:38:26.798 [FXGL Background Thread 3 ] DEBUG Engine               - ticksPerSecond: -1
17:38:26.798 [FXGL Background Thread 3 ] DEBUG Engine               - title: Untitled
17:38:26.798 [FXGL Background Thread 3 ] DEBUG Engine               - urlGithub: https://github.com/AlmasB/FXGL
17:38:26.798 [FXGL Background Thread 3 ] DEBUG Engine               - urlLeaderboard: http://fxgl-top.herokuapp.com/
17:38:26.798 [FXGL Background Thread 3 ] DEBUG Engine               - urlPOM: https://raw.githubusercontent.com/AlmasB/FXGL/release/README.md
17:38:26.798 [FXGL Background Thread 3 ] DEBUG Engine               - userAppClass: class com.alatus.game.ImageGame
17:38:26.798 [FXGL Background Thread 3 ] DEBUG Engine               - version: 0.0
17:38:26.798 [FXGL Background Thread 3 ] DEBUG Engine               - versionCheckDays: 7
17:38:26.798 [FXGL Background Thread 3 ] DEBUG Engine               - width: 800
17:38:26.798 [FXGL Background Thread 3 ] DEBUG Engine               - Logging services
17:38:26.798 [FXGL Background Thread 3 ] DEBUG Engine               - class com.almasb.fxgl.app.services.FXGLAssetLoaderService
17:38:26.798 [FXGL Background Thread 3 ] DEBUG Engine               - class com.almasb.fxgl.app.FXGLApplication$GameApplicationService
17:38:26.798 [FXGL Background Thread 3 ] DEBUG Engine               - class com.almasb.fxgl.app.services.FXGLDialogService
17:38:26.798 [FXGL Background Thread 3 ] DEBUG Engine               - class com.almasb.fxgl.app.services.IOTaskExecutorService
17:38:26.798 [FXGL Background Thread 3 ] DEBUG Engine               - class com.almasb.fxgl.io.FileSystemService
17:38:26.798 [FXGL Background Thread 3 ] DEBUG Engine               - class com.almasb.fxgl.localization.LocalizationService
17:38:26.798 [FXGL Background Thread 3 ] DEBUG Engine               - class com.almasb.fxgl.app.services.SystemBundleService
17:38:26.798 [FXGL Background Thread 3 ] DEBUG Engine               - class com.almasb.fxgl.profile.SaveLoadService
17:38:26.799 [FXGL Background Thread 3 ] DEBUG Engine               - class com.almasb.fxgl.ui.FXGLUIFactoryServiceProvider
17:38:26.799 [FXGL Background Thread 3 ] DEBUG Engine               - class com.almasb.fxgl.ui.FXGLDialogFactoryServiceProvider
17:38:26.799 [FXGL Background Thread 3 ] DEBUG Engine               - class com.almasb.fxgl.audio.AudioPlayer
17:38:26.799 [FXGL Background Thread 3 ] DEBUG Engine               - class com.almasb.fxgl.notification.impl.NotificationServiceProvider
17:38:26.799 [FXGL Background Thread 3 ] DEBUG Engine               - class com.almasb.fxgl.achievement.AchievementService
17:38:26.799 [FXGL Background Thread 3 ] DEBUG Engine               - class com.almasb.fxgl.cutscene.CutsceneService
17:38:26.799 [FXGL Background Thread 3 ] DEBUG Engine               - class com.almasb.fxgl.minigames.MiniGameService
17:38:26.799 [FXGL Background Thread 3 ] DEBUG Engine               - class com.almasb.fxgl.net.NetService
17:38:26.799 [FXGL Background Thread 3 ] DEBUG Engine               - class com.almasb.fxgl.app.services.UpdaterService
17:38:26.799 [FXGL Background Thread 3 ] DEBUG Engine               - class com.almasb.fxgl.dev.DevService
17:38:28.718 [JavaFX Application Thread] DEBUG FXGLApplication      - Exiting FXGL
17:38:28.718 [JavaFX Application Thread] DEBUG LoopRunner           - Stopping loop
17:38:28.718 [JavaFX Application Thread] DEBUG SystemBundleService  - Saving FXGL system data
17:38:28.720 [JavaFX Application Thread] DEBUG FileSystemAccess     - Writing to: C:\Users\15713\IdeaProjects\FXGL\system\fxgl.bundle
17:38:28.721 [JavaFX Application Thread] DEBUG Async                - Shutting down background threads
17:38:28.722 [JavaFX Application Thread] DEBUG PrimaryStageWindow   - Closing main window
17:38:28.755 [JavaFX Application Thread] DEBUG Logger               - Closing Logger
