22:15:52.158 [main                     ] DEBUG Logger               - Configured Logger
22:15:52.236 [main                     ] DEBUG GameApplication      - Logging settings
Title: 坦克大战
Version: 1.0
Width: 1920
Height: 1080
Fullscreen: false
Intro: false
Profiling: false
Single step:false
App Mode: DEVELOPER
Menu Key: ESCAPE
Stage Style: DECORATED
Scene Factory: class com.almasb.fxgl.app.scene.SceneFactory

22:15:53.975 [JavaFX Application Thread] DEBUG FXGLApplication      - Initializing FXGL
22:15:53.993 [JavaFX Application Thread] INFO  Engine               - FXGL-17 (31.12.2021 18.16) on WINDOWS (J:17.0.10 FX:17.0.0.1)
22:15:53.995 [JavaFX Application Thread] DEBUG Engine               - JRE Vendor Name: Oracle Corporation
22:15:53.995 [JavaFX Application Thread] DEBUG Engine               - Running on OS: Windows 11 version 10.0
22:15:53.996 [JavaFX Application Thread] DEBUG Engine               - Architecture: amd64
22:15:53.996 [JavaFX Application Thread] INFO  Engine               - Source code and latest versions at: https://github.com/AlmasB/FXGL
22:15:53.996 [JavaFX Application Thread] INFO  Engine               -       Ask questions and discuss at: https://github.com/AlmasB/FXGL/discussions
22:15:53.997 [JavaFX Application Thread] INFO  Engine               -              Join the FXGL chat at: https://gitter.im/AlmasB/FXGL
22:15:54.206 [JavaFX Application Thread] DEBUG PrimaryStageWindow   - Creating a JavaFX scene
22:15:54.207 [JavaFX Application Thread] DEBUG PrimaryStageWindow   - Target size > screen size
22:15:54.306 [JavaFX Application Thread] DEBUG PrimaryStageWindow   - Target settings size: 1920.0 x 1080.0
22:15:54.307 [JavaFX Application Thread] DEBUG PrimaryStageWindow   - Scaled scene size:    1425.0 x 815.0
22:15:54.307 [JavaFX Application Thread] DEBUG PrimaryStageWindow   - Scaled ratio: (0.7421875, 0.7546296296296297)
22:15:54.309 [JavaFX Application Thread] DEBUG PrimaryStageWindow   - Set initial scene to FXGLStartupScene
22:15:54.326 [JavaFX Application Thread] DEBUG PrimaryStageWindow   - Opening main window
22:15:54.485 [JavaFX Application Thread] DEBUG PrimaryStageWindow   - Window border size: (15.0, 37.79998779296875)
22:15:54.486 [JavaFX Application Thread] DEBUG PrimaryStageWindow   - Scaled size: 1425.0 x 815.0
22:15:54.486 [JavaFX Application Thread] DEBUG PrimaryStageWindow   - Scaled ratio: (0.7421875, 0.7546296296296297)
22:15:54.487 [JavaFX Application Thread] DEBUG PrimaryStageWindow   - Scene size: 1425.0 x 815.0
22:15:54.489 [JavaFX Application Thread] DEBUG PrimaryStageWindow   - Stage size: 1440.0 x 852.7999877929688
22:15:54.504 [FXGL Background Thread 1 ] DEBUG Engine               - Initializing environment variables
22:15:54.579 [FXGL Background Thread 1 ] DEBUG FXGLAssetLoaderServi - User app class for loading assets: class com.alatus.fxgl.TankWarApp
22:15:54.580 [FXGL Background Thread 1 ] DEBUG GameApplicationServi - Applying CSS: fxgl_dark.css
22:15:54.581 [FXGL Background Thread 1 ] DEBUG FXGLAssetLoaderServi - Loading from file system: jar:file:///C:/Maven/repository/com/github/almasb/fxgl/17/fxgl-17.jar!/fxglassets/ui/css/fxgl_dark.css
22:15:54.658 [FXGL Background Thread 1 ] DEBUG GameApplicationServi - Initializing application scenes
22:15:54.824 [FXGL Background Thread 1 ] DEBUG GameWorld            - Game world initialized
22:15:54.949 [FXGL Background Thread 1 ] DEBUG PhysicsWorld         - Physics world initialized: appHeight=1080, physics.ppm=50.0
22:15:54.950 [FXGL Background Thread 1 ] DEBUG PhysicsWorld         - Using strategy: BRUTE_FORCE
22:15:54.959 [FXGL Background Thread 1 ] DEBUG GameScene            - Game scene initialized: 1920x1080
22:15:54.984 [FXGL Background Thread 1 ] DEBUG FXGL.DefaultMenu     - createMenuBodyGameMenu()
22:15:55.016 [FXGL Background Thread 1 ] DEBUG FXGL.DefaultMenu     - createOptionsMenu()
22:15:55.043 [FXGL Background Thread 1 ] DEBUG FXGLAssetLoaderServi - Loading from file system: jar:file:///C:/Maven/repository/com/github/almasb/fxgl/17/fxgl-17.jar!/fxglassets/textures/particles/smoke.png
22:15:55.266 [FXGL Background Thread 1 ] DEBUG FXGLAssetLoaderServi - Loading from file system: jar:file:///C:/Maven/repository/com/github/almasb/fxgl/17/fxgl-17.jar!/fxglassets/textures/particles/trace_horizontal.png
22:15:55.351 [FXGL Background Thread 1 ] DEBUG GameApplicationServi - Application scenes initialized
22:15:55.385 [FXGL Background Thread 1 ] DEBUG SystemBundleService  - Loading FXGL system data
22:15:55.401 [FXGL Background Thread 1 ] DEBUG FileSystemAccess     - Reading from: C:\Users\15713\IdeaProjects\FXGL\system\fxgl.bundle
22:15:55.420 [FXGL Background Thread 1 ] DEBUG SystemBundleService  - Bundle FXGL: {}
22:15:55.420 [FXGL Background Thread 1 ] DEBUG UpdaterService       - Checking for updates
22:15:55.428 [FXGL Background Thread 4 ] DEBUG FXGLApplication      - Loading fonts
22:15:55.429 [FXGL Background Thread 4 ] DEBUG FXGLAssetLoaderServi - Loading from file system: jar:file:///C:/Maven/repository/com/github/almasb/fxgl/17/fxgl-17.jar!/fxglassets/ui/fonts/VarelaRound-Regular.ttf
22:15:55.429 [FXGL Background Thread 1 ] DEBUG FXGLApplication      - Loading default localization
22:15:55.431 [FXGL Background Thread 1 ] WARN  FXGLAssetLoaderServi - Asset "/assets/languages/chinese.lang" was not found!
22:15:55.431 [FXGL Background Thread 1 ] WARN  FXGLAssetLoaderServi - Failed to load PROPERTY_MAP
22:15:55.447 [FXGL Background Thread 1 ] WARN  LocalizationService  - menu.pressAnyKey is not localized for language CHINESE
22:15:55.450 [FXGL Background Thread 1 ] INFO  FXGLApplication      - FXGL initialization took: 0.945 sec
22:15:55.480 [JavaFX Application Thread] DEBUG Input                - Registered new binding: 向上 - Up
22:15:55.483 [JavaFX Application Thread] DEBUG Input                - Registered new binding: 向下 - Down
22:15:55.483 [JavaFX Application Thread] DEBUG Input                - Registered new binding: 向左 - Left
22:15:55.484 [JavaFX Application Thread] DEBUG Input                - Registered new binding: 向右 - Right
22:15:55.485 [JavaFX Application Thread] DEBUG Input                - Registered new binding: 发射子弹 - Space
22:15:55.486 [JavaFX Application Thread] DEBUG FXGLAssetLoaderServi - Loading from file system: file:/C:/Users/15713/IdeaProjects/FXGL/target/classes/assets/music/music.mp3
22:15:55.790 [FXGL Background Thread 4 ] DEBUG FXGLAssetLoaderServi - Loading from file system: jar:file:///C:/Maven/repository/com/github/almasb/fxgl/17/fxgl-17.jar!/fxglassets/ui/fonts/Abel-Regular.ttf
22:15:55.801 [FXGL Background Thread 4 ] DEBUG FXGLAssetLoaderServi - Loading from file system: jar:file:///C:/Maven/repository/com/github/almasb/fxgl/17/fxgl-17.jar!/fxglassets/ui/fonts/TerminalLandMono-Regular.otf
22:15:55.811 [FXGL Background Thread 4 ] DEBUG FXGLAssetLoaderServi - Loading from file system: jar:file:///C:/Maven/repository/com/github/almasb/fxgl/17/fxgl-17.jar!/fxglassets/ui/fonts/Courier-Prime.ttf
22:15:55.915 [JavaFX Application Thread] DEBUG AudioPlayer          - Playing music com.almasb.fxgl.audio.Music@49f2d72d
22:15:55.916 [JavaFX Application Thread] DEBUG FXGLAssetLoaderServi - Loading from file system: file:/C:/Users/15713/IdeaProjects/FXGL/target/classes/assets/textures/tank.PNG
22:15:56.038 [FXGL Background Thread 2 ] WARN  UpdaterService       - Failed to find updates: java.net.UnknownHostException: raw.githubusercontent.com
22:15:56.378 [JavaFX Application Thread] DEBUG FXGLAssetLoaderServi - Loading from file system: jar:file:///C:/Maven/repository/com/github/almasb/fxgl/17/fxgl-17.jar!/fxglassets/textures/fxgl_default_cursor.png
22:15:56.381 [JavaFX Application Thread] DEBUG Input                - Registered new binding: Screenshot - CTRL+8
22:15:56.382 [JavaFX Application Thread] DEBUG Input                - Registered new binding: System info dump - CTRL+9
22:15:56.382 [JavaFX Application Thread] DEBUG Input                - Registered new binding: Restart - CTRL+R
22:15:56.383 [JavaFX Application Thread] DEBUG Input                - Registered new binding: Toggle Debug Camera - CTRL+7
22:15:56.389 [JavaFX Application Thread] DEBUG LoopRunner           - Starting loop
22:15:56.389 [JavaFX Application Thread] DEBUG LoopRunner           - Initializing JavaFX AnimationTimerLoop
22:15:56.391 [JavaFX Application Thread] DEBUG GameApplicationServi - Starting new game
22:15:56.391 [JavaFX Application Thread] DEBUG Input                - Clearing active input actions
22:15:56.411 [JavaFX Application Thread] DEBUG GameApplicationServi - Removing overlay from FXGLStartupScene and adding to FXGLLoadingScene
22:15:56.412 [JavaFX Application Thread] DEBUG PrimaryStageWindow   - FXGLStartupScene -> FXGLLoadingScene
22:15:56.412 [JavaFX Application Thread] DEBUG GameApplicationServi - Clearing previous game
22:15:56.412 [JavaFX Application Thread] DEBUG GameScene            - Clearing game scene
22:15:56.412 [JavaFX Application Thread] DEBUG GameWorld            - Clearing game world
22:15:56.413 [JavaFX Application Thread] DEBUG PhysicsWorld         - Clearing physics world
22:15:56.416 [FXGL Background Thread 2 ] DEBUG FXGLApplication      - Initializing game
22:15:56.417 [JavaFX Application Thread] DEBUG FXGLApplication      - Registering font factories with UI factory
22:15:56.502 [FXGL Background Thread 2 ] INFO  FXGLApplication      - Game initialization took: 0.085 sec
22:15:56.541 [JavaFX Application Thread] DEBUG Input                - Clearing active input actions
22:15:56.564 [JavaFX Application Thread] DEBUG GameApplicationServi - Removing overlay from FXGLLoadingScene and adding to GameScene
22:15:56.564 [JavaFX Application Thread] DEBUG PrimaryStageWindow   - FXGLLoadingScene -> GameScene
22:15:58.426 [FXGL Background Thread 3 ] DEBUG Engine               - Logging environment variables
22:15:58.426 [FXGL Background Thread 3 ] DEBUG Engine               - achievements: []
22:15:58.426 [FXGL Background Thread 3 ] DEBUG Engine               - actualHeight: 815.0
22:15:58.426 [FXGL Background Thread 3 ] DEBUG Engine               - actualHeightProperty: ReadOnlyDoubleProperty [value: 815.0]
22:15:58.426 [FXGL Background Thread 3 ] DEBUG Engine               - actualWidth: 1425.0
22:15:58.426 [FXGL Background Thread 3 ] DEBUG Engine               - actualWidthProperty: ReadOnlyDoubleProperty [value: 1425.0]
22:15:58.427 [FXGL Background Thread 3 ] DEBUG Engine               - appIcon: tank.PNG
22:15:58.427 [FXGL Background Thread 3 ] DEBUG Engine               - applicationMode: DEVELOPER
22:15:58.427 [FXGL Background Thread 3 ] DEBUG Engine               - cSSList: [fxgl_dark.css]
22:15:58.427 [FXGL Background Thread 3 ] DEBUG Engine               - collisionDetectionStrategy: BRUTE_FORCE
22:15:58.427 [FXGL Background Thread 3 ] DEBUG Engine               - configClass: Optional.empty
22:15:58.427 [FXGL Background Thread 3 ] DEBUG Engine               - credits: []
22:15:58.427 [FXGL Background Thread 3 ] DEBUG Engine               - defaultCursor: CursorInfo(imageName=fxgl_default_cursor.png, hotspotX=7.0, hotspotY=6.0)
22:15:58.427 [FXGL Background Thread 3 ] DEBUG Engine               - devBBoxColorProperty: ObjectProperty [value: 0xff0000ff]
22:15:58.427 [FXGL Background Thread 3 ] DEBUG Engine               - devEnableDebugCameraProperty: BooleanProperty [value: false]
22:15:58.427 [FXGL Background Thread 3 ] DEBUG Engine               - devSensorColorProperty: ObjectProperty [value: 0xffff00ff]
22:15:58.427 [FXGL Background Thread 3 ] DEBUG Engine               - devShowBBoxProperty: BooleanProperty [value: false]
22:15:58.427 [FXGL Background Thread 3 ] DEBUG Engine               - devShowPositionProperty: BooleanProperty [value: false]
22:15:58.427 [FXGL Background Thread 3 ] DEBUG Engine               - enabledMenuItems: []
22:15:58.429 [FXGL Background Thread 3 ] DEBUG Engine               - engineServices: [class com.almasb.fxgl.app.services.FXGLAssetLoaderService, class com.almasb.fxgl.app.FXGLApplication$GameApplicationService, class com.almasb.fxgl.app.services.FXGLDialogService, class com.almasb.fxgl.app.services.IOTaskExecutorService, class com.almasb.fxgl.io.FileSystemService, class com.almasb.fxgl.localization.LocalizationService, class com.almasb.fxgl.app.services.SystemBundleService, class com.almasb.fxgl.profile.SaveLoadService, class com.almasb.fxgl.ui.FXGLUIFactoryServiceProvider, class com.almasb.fxgl.ui.FXGLDialogFactoryServiceProvider, class com.almasb.fxgl.audio.AudioPlayer, class com.almasb.fxgl.notification.impl.NotificationServiceProvider, class com.almasb.fxgl.achievement.AchievementService, class com.almasb.fxgl.cutscene.CutsceneService, class com.almasb.fxgl.minigames.MiniGameService, class com.almasb.fxgl.net.NetService, class com.almasb.fxgl.app.services.UpdaterService, class com.almasb.fxgl.dev.DevService]
22:15:58.429 [FXGL Background Thread 3 ] DEBUG Engine               - fontGame: Abel-Regular.ttf
22:15:58.429 [FXGL Background Thread 3 ] DEBUG Engine               - fontMono: TerminalLandMono-Regular.otf
22:15:58.429 [FXGL Background Thread 3 ] DEBUG Engine               - fontText: Courier-Prime.ttf
22:15:58.429 [FXGL Background Thread 3 ] DEBUG Engine               - fontUI: VarelaRound-Regular.ttf
22:15:58.429 [FXGL Background Thread 3 ] DEBUG Engine               - fullScreen: BooleanProperty [value: false]
22:15:58.429 [FXGL Background Thread 3 ] DEBUG Engine               - gameDifficulty: MEDIUM
22:15:58.429 [FXGL Background Thread 3 ] DEBUG Engine               - gameDifficultyProperty: ObjectProperty [value: MEDIUM]
22:15:58.429 [FXGL Background Thread 3 ] DEBUG Engine               - globalMusicVolume: 0.5
22:15:58.429 [FXGL Background Thread 3 ] DEBUG Engine               - globalMusicVolumeProperty: DoubleProperty [value: 0.3]
22:15:58.430 [FXGL Background Thread 3 ] DEBUG Engine               - globalSoundVolume: 0.5
22:15:58.430 [FXGL Background Thread 3 ] DEBUG Engine               - globalSoundVolumeProperty: DoubleProperty [value: 0.5]
22:15:58.430 [FXGL Background Thread 3 ] DEBUG Engine               - height: 1080
22:15:58.430 [FXGL Background Thread 3 ] DEBUG Engine               - is3D: false
22:15:58.430 [FXGL Background Thread 3 ] DEBUG Engine               - isAndroid: false
22:15:58.430 [FXGL Background Thread 3 ] DEBUG Engine               - isBrowser: false
22:15:58.430 [FXGL Background Thread 3 ] DEBUG Engine               - isClickFeedbackEnabled: false
22:15:58.431 [FXGL Background Thread 3 ] DEBUG Engine               - isCloseConfirmation: false
22:15:58.431 [FXGL Background Thread 3 ] DEBUG Engine               - isDesktop: true
22:15:58.431 [FXGL Background Thread 3 ] DEBUG Engine               - isDeveloperMenuEnabled: false
22:15:58.431 [FXGL Background Thread 3 ] DEBUG Engine               - isEmbedded: false
22:15:58.431 [FXGL Background Thread 3 ] DEBUG Engine               - isEntityPreloadEnabled: true
22:15:58.431 [FXGL Background Thread 3 ] DEBUG Engine               - isExperimentalTiledLargeMap: false
22:15:58.431 [FXGL Background Thread 3 ] DEBUG Engine               - isFileSystemWriteAllowed: true
22:15:58.431 [FXGL Background Thread 3 ] DEBUG Engine               - isFullScreenAllowed: false
22:15:58.431 [FXGL Background Thread 3 ] DEBUG Engine               - isFullScreenFromStart: false
22:15:58.431 [FXGL Background Thread 3 ] DEBUG Engine               - isGameMenuEnabled: true
22:15:58.432 [FXGL Background Thread 3 ] DEBUG Engine               - isIOS: false
22:15:58.432 [FXGL Background Thread 3 ] DEBUG Engine               - isIntroEnabled: false
22:15:58.432 [FXGL Background Thread 3 ] DEBUG Engine               - isLinux: false
22:15:58.432 [FXGL Background Thread 3 ] DEBUG Engine               - isMac: false
22:15:58.432 [FXGL Background Thread 3 ] DEBUG Engine               - isMainMenuEnabled: false
22:15:58.432 [FXGL Background Thread 3 ] DEBUG Engine               - isManualResizeEnabled: false
22:15:58.433 [FXGL Background Thread 3 ] DEBUG Engine               - isMobile: false
22:15:58.433 [FXGL Background Thread 3 ] DEBUG Engine               - isNative: false
22:15:58.433 [FXGL Background Thread 3 ] DEBUG Engine               - isPauseMusicWhenMinimized: true
22:15:58.433 [FXGL Background Thread 3 ] DEBUG Engine               - isPreserveResizeRatio: false
22:15:58.433 [FXGL Background Thread 3 ] DEBUG Engine               - isProfilingEnabled: false
22:15:58.433 [FXGL Background Thread 3 ] DEBUG Engine               - isScaleAffectedOnResize: true
22:15:58.433 [FXGL Background Thread 3 ] DEBUG Engine               - isSingleStep: false
22:15:58.433 [FXGL Background Thread 3 ] DEBUG Engine               - isUserProfileEnabled: false
22:15:58.433 [FXGL Background Thread 3 ] DEBUG Engine               - isWindows: true
22:15:58.433 [FXGL Background Thread 3 ] DEBUG Engine               - language: ObjectProperty [value: CHINESE]
22:15:58.433 [FXGL Background Thread 3 ] DEBUG Engine               - menuKey: ESCAPE
22:15:58.433 [FXGL Background Thread 3 ] DEBUG Engine               - mouseSensitivity: 0.2
22:15:58.433 [FXGL Background Thread 3 ] DEBUG Engine               - notificationViewClass: class com.almasb.fxgl.notification.view.XboxNotificationView
22:15:58.433 [FXGL Background Thread 3 ] DEBUG Engine               - pixelsPerMeter: 50.0
22:15:58.433 [FXGL Background Thread 3 ] DEBUG Engine               - platform: WINDOWS
22:15:58.433 [FXGL Background Thread 3 ] DEBUG Engine               - prefHeightProperty: ReadOnlyDoubleProperty [value: 1080.0]
22:15:58.434 [FXGL Background Thread 3 ] DEBUG Engine               - prefWidthProperty: ReadOnlyDoubleProperty [value: 1920.0]
22:15:58.434 [FXGL Background Thread 3 ] DEBUG Engine               - profileDir: profiles/
22:15:58.434 [FXGL Background Thread 3 ] DEBUG Engine               - profileName: StringProperty [value: DEFAULT]
22:15:58.434 [FXGL Background Thread 3 ] DEBUG Engine               - randomSeed: -1
22:15:58.434 [FXGL Background Thread 3 ] DEBUG Engine               - runtimeInfo: RuntimeInfo(platform=WINDOWS, version=17, build=31.12.2021 18.16)
22:15:58.435 [FXGL Background Thread 3 ] DEBUG Engine               - saveFileExt: sav
22:15:58.435 [FXGL Background Thread 3 ] DEBUG Engine               - scaledHeightProp$fxgl: DoubleProperty [bound, value: 815.0]
22:15:58.435 [FXGL Background Thread 3 ] DEBUG Engine               - scaledWidthProp$fxgl: DoubleProperty [bound, value: 1425.0]
22:15:58.435 [FXGL Background Thread 3 ] DEBUG Engine               - sceneFactory: com.almasb.fxgl.app.scene.SceneFactory@701c9c5b
22:15:58.435 [FXGL Background Thread 3 ] DEBUG Engine               - secondsIn24h: 60
22:15:58.435 [FXGL Background Thread 3 ] DEBUG Engine               - soundMenuBack: menu/back.wav
22:15:58.435 [FXGL Background Thread 3 ] DEBUG Engine               - soundMenuPress: menu/press.wav
22:15:58.435 [FXGL Background Thread 3 ] DEBUG Engine               - soundMenuSelect: menu/select.wav
22:15:58.435 [FXGL Background Thread 3 ] DEBUG Engine               - soundNotification: core/notification.wav
22:15:58.435 [FXGL Background Thread 3 ] DEBUG Engine               - stageStyle: DECORATED
22:15:58.435 [FXGL Background Thread 3 ] DEBUG Engine               - supportedLanguages: [CHINESE, ENGLISH, FRENCH, GERMAN, HUNGARIAN, RUSSIAN]
22:15:58.435 [FXGL Background Thread 3 ] DEBUG Engine               - ticksPerSecond: -1
22:15:58.435 [FXGL Background Thread 3 ] DEBUG Engine               - title: 坦克大战
22:15:58.435 [FXGL Background Thread 3 ] DEBUG Engine               - urlGithub: https://github.com/AlmasB/FXGL
22:15:58.435 [FXGL Background Thread 3 ] DEBUG Engine               - urlLeaderboard: http://fxgl-top.herokuapp.com/
22:15:58.436 [FXGL Background Thread 3 ] DEBUG Engine               - urlPOM: https://raw.githubusercontent.com/AlmasB/FXGL/release/README.md
22:15:58.436 [FXGL Background Thread 3 ] DEBUG Engine               - userAppClass: class com.alatus.fxgl.TankWarApp
22:15:58.436 [FXGL Background Thread 3 ] DEBUG Engine               - version: 1.0
22:15:58.436 [FXGL Background Thread 3 ] DEBUG Engine               - versionCheckDays: 7
22:15:58.436 [FXGL Background Thread 3 ] DEBUG Engine               - width: 1920
22:15:58.436 [FXGL Background Thread 3 ] DEBUG Engine               - Logging services
22:15:58.436 [FXGL Background Thread 3 ] DEBUG Engine               - class com.almasb.fxgl.app.services.FXGLAssetLoaderService
22:15:58.436 [FXGL Background Thread 3 ] DEBUG Engine               - class com.almasb.fxgl.app.FXGLApplication$GameApplicationService
22:15:58.436 [FXGL Background Thread 3 ] DEBUG Engine               - class com.almasb.fxgl.app.services.FXGLDialogService
22:15:58.436 [FXGL Background Thread 3 ] DEBUG Engine               - class com.almasb.fxgl.app.services.IOTaskExecutorService
22:15:58.436 [FXGL Background Thread 3 ] DEBUG Engine               - class com.almasb.fxgl.io.FileSystemService
22:15:58.436 [FXGL Background Thread 3 ] DEBUG Engine               - class com.almasb.fxgl.localization.LocalizationService
22:15:58.436 [FXGL Background Thread 3 ] DEBUG Engine               - class com.almasb.fxgl.app.services.SystemBundleService
22:15:58.436 [FXGL Background Thread 3 ] DEBUG Engine               - class com.almasb.fxgl.profile.SaveLoadService
22:15:58.436 [FXGL Background Thread 3 ] DEBUG Engine               - class com.almasb.fxgl.ui.FXGLUIFactoryServiceProvider
22:15:58.436 [FXGL Background Thread 3 ] DEBUG Engine               - class com.almasb.fxgl.ui.FXGLDialogFactoryServiceProvider
22:15:58.436 [FXGL Background Thread 3 ] DEBUG Engine               - class com.almasb.fxgl.audio.AudioPlayer
22:15:58.436 [FXGL Background Thread 3 ] DEBUG Engine               - class com.almasb.fxgl.notification.impl.NotificationServiceProvider
22:15:58.436 [FXGL Background Thread 3 ] DEBUG Engine               - class com.almasb.fxgl.achievement.AchievementService
22:15:58.437 [FXGL Background Thread 3 ] DEBUG Engine               - class com.almasb.fxgl.cutscene.CutsceneService
22:15:58.437 [FXGL Background Thread 3 ] DEBUG Engine               - class com.almasb.fxgl.minigames.MiniGameService
22:15:58.437 [FXGL Background Thread 3 ] DEBUG Engine               - class com.almasb.fxgl.net.NetService
22:15:58.437 [FXGL Background Thread 3 ] DEBUG Engine               - class com.almasb.fxgl.app.services.UpdaterService
22:15:58.437 [FXGL Background Thread 3 ] DEBUG Engine               - class com.almasb.fxgl.dev.DevService
22:15:59.881 [JavaFX Application Thread] DEBUG FXGLApplication      - Exiting FXGL
22:15:59.881 [JavaFX Application Thread] DEBUG LoopRunner           - Stopping loop
22:15:59.883 [JavaFX Application Thread] DEBUG SystemBundleService  - Saving FXGL system data
22:15:59.886 [JavaFX Application Thread] DEBUG FileSystemAccess     - Writing to: C:\Users\15713\IdeaProjects\FXGL\system\fxgl.bundle
22:15:59.887 [JavaFX Application Thread] DEBUG Async                - Shutting down background threads
22:15:59.888 [JavaFX Application Thread] DEBUG PrimaryStageWindow   - Closing main window
22:15:59.927 [JavaFX Application Thread] DEBUG Logger               - Closing Logger
