21:12:49.945 [main                     ] DEBUG Logger               - Configured Logger
21:12:50.005 [main                     ] DEBUG GameApplication      - Logging settings
Title: 坦克大战
Version: 1.0
Width: 1920
Height: 1080
Fullscreen: false
Intro: false
Profiling: false
Single step:false
App Mode: DEVELOPER
Menu Key: ESCAPE
Stage Style: DECORATED
Scene Factory: class com.almasb.fxgl.app.scene.SceneFactory

21:12:50.981 [JavaFX Application Thread] DEBUG FXGLApplication      - Initializing FXGL
21:12:50.988 [JavaFX Application Thread] INFO  Engine               - FXGL-17 (31.12.2021 18.16) on WINDOWS (J:17.0.10 FX:17.0.0.1)
21:12:50.989 [JavaFX Application Thread] DEBUG Engine               - JRE Vendor Name: Oracle Corporation
21:12:50.989 [JavaFX Application Thread] DEBUG Engine               - Running on OS: Windows 11 version 10.0
21:12:50.989 [JavaFX Application Thread] DEBUG Engine               - Architecture: amd64
21:12:50.990 [JavaFX Application Thread] INFO  Engine               - Source code and latest versions at: https://github.com/AlmasB/FXGL
21:12:50.990 [JavaFX Application Thread] INFO  Engine               -       Ask questions and discuss at: https://github.com/AlmasB/FXGL/discussions
21:12:50.990 [JavaFX Application Thread] INFO  Engine               -              Join the FXGL chat at: https://gitter.im/AlmasB/FXGL
21:12:51.105 [JavaFX Application Thread] DEBUG PrimaryStageWindow   - Creating a JavaFX scene
21:12:51.105 [JavaFX Application Thread] DEBUG PrimaryStageWindow   - Target size > screen size
21:12:51.152 [JavaFX Application Thread] DEBUG PrimaryStageWindow   - Target settings size: 1920.0 x 1080.0
21:12:51.152 [JavaFX Application Thread] DEBUG PrimaryStageWindow   - Scaled scene size:    1425.0 x 815.0
21:12:51.153 [JavaFX Application Thread] DEBUG PrimaryStageWindow   - Scaled ratio: (0.7421875, 0.7546296296296297)
21:12:51.154 [JavaFX Application Thread] DEBUG PrimaryStageWindow   - Set initial scene to FXGLStartupScene
21:12:51.162 [JavaFX Application Thread] DEBUG PrimaryStageWindow   - Opening main window
21:12:51.275 [JavaFX Application Thread] DEBUG PrimaryStageWindow   - Window border size: (15.0, 37.79998779296875)
21:12:51.278 [JavaFX Application Thread] DEBUG PrimaryStageWindow   - Scaled size: 1425.0 x 815.0
21:12:51.279 [JavaFX Application Thread] DEBUG PrimaryStageWindow   - Scaled ratio: (0.7421875, 0.7546296296296297)
21:12:51.279 [JavaFX Application Thread] DEBUG PrimaryStageWindow   - Scene size: 1425.0 x 815.0
21:12:51.279 [JavaFX Application Thread] DEBUG PrimaryStageWindow   - Stage size: 1440.0 x 852.7999877929688
21:12:51.290 [FXGL Background Thread 1 ] DEBUG Engine               - Initializing environment variables
21:12:51.357 [FXGL Background Thread 1 ] DEBUG FXGLAssetLoaderServi - User app class for loading assets: class com.alatus.fxgl.TankWarApp
21:12:51.357 [FXGL Background Thread 1 ] DEBUG GameApplicationServi - Applying CSS: fxgl_dark.css
21:12:51.358 [FXGL Background Thread 1 ] DEBUG FXGLAssetLoaderServi - Loading from file system: jar:file:///C:/Maven/repository/com/github/almasb/fxgl/17/fxgl-17.jar!/fxglassets/ui/css/fxgl_dark.css
21:12:51.445 [FXGL Background Thread 1 ] DEBUG GameApplicationServi - Initializing application scenes
21:12:51.552 [FXGL Background Thread 1 ] DEBUG GameWorld            - Game world initialized
21:12:51.646 [FXGL Background Thread 1 ] DEBUG PhysicsWorld         - Physics world initialized: appHeight=1080, physics.ppm=50.0
21:12:51.646 [FXGL Background Thread 1 ] DEBUG PhysicsWorld         - Using strategy: BRUTE_FORCE
21:12:51.653 [FXGL Background Thread 1 ] DEBUG GameScene            - Game scene initialized: 1920x1080
21:12:51.679 [FXGL Background Thread 1 ] DEBUG FXGL.DefaultMenu     - createMenuBodyGameMenu()
21:12:51.700 [FXGL Background Thread 1 ] DEBUG FXGL.DefaultMenu     - createOptionsMenu()
21:12:51.712 [FXGL Background Thread 1 ] DEBUG FXGLAssetLoaderServi - Loading from file system: jar:file:///C:/Maven/repository/com/github/almasb/fxgl/17/fxgl-17.jar!/fxglassets/textures/particles/smoke.png
21:12:51.832 [FXGL Background Thread 1 ] DEBUG FXGLAssetLoaderServi - Loading from file system: jar:file:///C:/Maven/repository/com/github/almasb/fxgl/17/fxgl-17.jar!/fxglassets/textures/particles/trace_horizontal.png
21:12:51.871 [FXGL Background Thread 1 ] DEBUG GameApplicationServi - Application scenes initialized
21:12:51.885 [FXGL Background Thread 1 ] DEBUG SystemBundleService  - Loading FXGL system data
21:12:51.892 [FXGL Background Thread 1 ] DEBUG FileSystemAccess     - Reading from: C:\Users\15713\IdeaProjects\FXGL\system\fxgl.bundle
21:12:51.901 [FXGL Background Thread 1 ] DEBUG SystemBundleService  - Bundle FXGL: {}
21:12:51.902 [FXGL Background Thread 1 ] DEBUG UpdaterService       - Checking for updates
21:12:51.907 [FXGL Background Thread 4 ] DEBUG FXGLApplication      - Loading fonts
21:12:51.907 [FXGL Background Thread 1 ] DEBUG FXGLApplication      - Loading default localization
21:12:51.907 [FXGL Background Thread 4 ] DEBUG FXGLAssetLoaderServi - Loading from file system: jar:file:///C:/Maven/repository/com/github/almasb/fxgl/17/fxgl-17.jar!/fxglassets/ui/fonts/VarelaRound-Regular.ttf
21:12:51.908 [FXGL Background Thread 1 ] DEBUG FXGLAssetLoaderServi - Loading from file system: jar:file:///C:/Maven/repository/com/github/almasb/fxgl/17/fxgl-17.jar!/fxglassets/languages/english.lang
21:12:51.958 [FXGL Background Thread 1 ] INFO  FXGLApplication      - FXGL initialization took: 0.667 sec
21:12:51.980 [JavaFX Application Thread] DEBUG Input                - Registered new binding: 向上 - Up
21:12:51.981 [JavaFX Application Thread] DEBUG Input                - Registered new binding: 向下 - Down
21:12:51.981 [JavaFX Application Thread] DEBUG Input                - Registered new binding: 向左 - Left
21:12:51.982 [JavaFX Application Thread] DEBUG Input                - Registered new binding: 向右 - Right
21:12:51.983 [JavaFX Application Thread] DEBUG Input                - Registered new binding: 发射子弹 - Space
21:12:51.983 [JavaFX Application Thread] DEBUG FXGLAssetLoaderServi - Loading from file system: file:/C:/Users/15713/IdeaProjects/FXGL/target/classes/assets/textures/tank.PNG
21:12:52.056 [FXGL Background Thread 4 ] DEBUG FXGLAssetLoaderServi - Loading from file system: jar:file:///C:/Maven/repository/com/github/almasb/fxgl/17/fxgl-17.jar!/fxglassets/ui/fonts/Abel-Regular.ttf
21:12:52.061 [FXGL Background Thread 4 ] DEBUG FXGLAssetLoaderServi - Loading from file system: jar:file:///C:/Maven/repository/com/github/almasb/fxgl/17/fxgl-17.jar!/fxglassets/ui/fonts/TerminalLandMono-Regular.otf
21:12:52.066 [FXGL Background Thread 4 ] DEBUG FXGLAssetLoaderServi - Loading from file system: jar:file:///C:/Maven/repository/com/github/almasb/fxgl/17/fxgl-17.jar!/fxglassets/ui/fonts/Courier-Prime.ttf
21:12:52.206 [FXGL Background Thread 2 ] WARN  UpdaterService       - Failed to find updates: java.net.UnknownHostException: raw.githubusercontent.com
21:12:52.309 [JavaFX Application Thread] DEBUG FXGLAssetLoaderServi - Loading from file system: jar:file:///C:/Maven/repository/com/github/almasb/fxgl/17/fxgl-17.jar!/fxglassets/textures/fxgl_default_cursor.png
21:12:52.310 [JavaFX Application Thread] DEBUG Input                - Registered new binding: Screenshot - CTRL+8
21:12:52.311 [JavaFX Application Thread] DEBUG Input                - Registered new binding: System info dump - CTRL+9
21:12:52.311 [JavaFX Application Thread] DEBUG Input                - Registered new binding: Restart - CTRL+R
21:12:52.311 [JavaFX Application Thread] DEBUG Input                - Registered new binding: Toggle Debug Camera - CTRL+7
21:12:52.313 [JavaFX Application Thread] DEBUG LoopRunner           - Starting loop
21:12:52.313 [JavaFX Application Thread] DEBUG LoopRunner           - Initializing JavaFX AnimationTimerLoop
21:12:52.314 [JavaFX Application Thread] DEBUG GameApplicationServi - Starting new game
21:12:52.315 [JavaFX Application Thread] DEBUG Input                - Clearing active input actions
21:12:52.328 [JavaFX Application Thread] DEBUG GameApplicationServi - Removing overlay from FXGLStartupScene and adding to FXGLLoadingScene
21:12:52.329 [JavaFX Application Thread] DEBUG PrimaryStageWindow   - FXGLStartupScene -> FXGLLoadingScene
21:12:52.329 [JavaFX Application Thread] DEBUG GameApplicationServi - Clearing previous game
21:12:52.329 [JavaFX Application Thread] DEBUG GameScene            - Clearing game scene
21:12:52.329 [JavaFX Application Thread] DEBUG GameWorld            - Clearing game world
21:12:52.329 [JavaFX Application Thread] DEBUG PhysicsWorld         - Clearing physics world
21:12:52.332 [FXGL Background Thread 2 ] DEBUG FXGLApplication      - Initializing game
21:12:52.335 [JavaFX Application Thread] DEBUG FXGLApplication      - Registering font factories with UI factory
21:12:52.376 [FXGL Background Thread 2 ] INFO  FXGLApplication      - Game initialization took: 0.044 sec
21:12:52.434 [JavaFX Application Thread] DEBUG Input                - Clearing active input actions
21:12:52.441 [JavaFX Application Thread] DEBUG GameApplicationServi - Removing overlay from FXGLLoadingScene and adding to GameScene
21:12:52.442 [JavaFX Application Thread] DEBUG PrimaryStageWindow   - FXGLLoadingScene -> GameScene
21:12:54.906 [FXGL Background Thread 3 ] DEBUG Engine               - Logging environment variables
21:12:54.906 [FXGL Background Thread 3 ] DEBUG Engine               - achievements: []
21:12:54.906 [FXGL Background Thread 3 ] DEBUG Engine               - actualHeight: 815.0
21:12:54.907 [FXGL Background Thread 3 ] DEBUG Engine               - actualHeightProperty: ReadOnlyDoubleProperty [value: 815.0]
21:12:54.907 [FXGL Background Thread 3 ] DEBUG Engine               - actualWidth: 1425.0
21:12:54.907 [FXGL Background Thread 3 ] DEBUG Engine               - actualWidthProperty: ReadOnlyDoubleProperty [value: 1425.0]
21:12:54.907 [FXGL Background Thread 3 ] DEBUG Engine               - appIcon: tank.PNG
21:12:54.907 [FXGL Background Thread 3 ] DEBUG Engine               - applicationMode: DEVELOPER
21:12:54.907 [FXGL Background Thread 3 ] DEBUG Engine               - cSSList: [fxgl_dark.css]
21:12:54.907 [FXGL Background Thread 3 ] DEBUG Engine               - collisionDetectionStrategy: BRUTE_FORCE
21:12:54.907 [FXGL Background Thread 3 ] DEBUG Engine               - configClass: Optional.empty
21:12:54.907 [FXGL Background Thread 3 ] DEBUG Engine               - credits: []
21:12:54.908 [FXGL Background Thread 3 ] DEBUG Engine               - defaultCursor: CursorInfo(imageName=fxgl_default_cursor.png, hotspotX=7.0, hotspotY=6.0)
21:12:54.908 [FXGL Background Thread 3 ] DEBUG Engine               - devBBoxColorProperty: ObjectProperty [value: 0xff0000ff]
21:12:54.908 [FXGL Background Thread 3 ] DEBUG Engine               - devEnableDebugCameraProperty: BooleanProperty [value: false]
21:12:54.908 [FXGL Background Thread 3 ] DEBUG Engine               - devSensorColorProperty: ObjectProperty [value: 0xffff00ff]
21:12:54.908 [FXGL Background Thread 3 ] DEBUG Engine               - devShowBBoxProperty: BooleanProperty [value: false]
21:12:54.908 [FXGL Background Thread 3 ] DEBUG Engine               - devShowPositionProperty: BooleanProperty [value: false]
21:12:54.908 [FXGL Background Thread 3 ] DEBUG Engine               - enabledMenuItems: []
21:12:54.908 [FXGL Background Thread 3 ] DEBUG Engine               - engineServices: [class com.almasb.fxgl.app.services.FXGLAssetLoaderService, class com.almasb.fxgl.app.FXGLApplication$GameApplicationService, class com.almasb.fxgl.app.services.FXGLDialogService, class com.almasb.fxgl.app.services.IOTaskExecutorService, class com.almasb.fxgl.io.FileSystemService, class com.almasb.fxgl.localization.LocalizationService, class com.almasb.fxgl.app.services.SystemBundleService, class com.almasb.fxgl.profile.SaveLoadService, class com.almasb.fxgl.ui.FXGLUIFactoryServiceProvider, class com.almasb.fxgl.ui.FXGLDialogFactoryServiceProvider, class com.almasb.fxgl.audio.AudioPlayer, class com.almasb.fxgl.notification.impl.NotificationServiceProvider, class com.almasb.fxgl.achievement.AchievementService, class com.almasb.fxgl.cutscene.CutsceneService, class com.almasb.fxgl.minigames.MiniGameService, class com.almasb.fxgl.net.NetService, class com.almasb.fxgl.app.services.UpdaterService, class com.almasb.fxgl.dev.DevService]
21:12:54.909 [FXGL Background Thread 3 ] DEBUG Engine               - fontGame: Abel-Regular.ttf
21:12:54.909 [FXGL Background Thread 3 ] DEBUG Engine               - fontMono: TerminalLandMono-Regular.otf
21:12:54.909 [FXGL Background Thread 3 ] DEBUG Engine               - fontText: Courier-Prime.ttf
21:12:54.909 [FXGL Background Thread 3 ] DEBUG Engine               - fontUI: VarelaRound-Regular.ttf
21:12:54.909 [FXGL Background Thread 3 ] DEBUG Engine               - fullScreen: BooleanProperty [value: false]
21:12:54.909 [FXGL Background Thread 3 ] DEBUG Engine               - gameDifficulty: MEDIUM
21:12:54.909 [FXGL Background Thread 3 ] DEBUG Engine               - gameDifficultyProperty: ObjectProperty [value: MEDIUM]
21:12:54.909 [FXGL Background Thread 3 ] DEBUG Engine               - globalMusicVolume: 0.5
21:12:54.909 [FXGL Background Thread 3 ] DEBUG Engine               - globalMusicVolumeProperty: DoubleProperty [value: 0.5]
21:12:54.909 [FXGL Background Thread 3 ] DEBUG Engine               - globalSoundVolume: 0.5
21:12:54.909 [FXGL Background Thread 3 ] DEBUG Engine               - globalSoundVolumeProperty: DoubleProperty [value: 0.5]
21:12:54.909 [FXGL Background Thread 3 ] DEBUG Engine               - height: 1080
21:12:54.909 [FXGL Background Thread 3 ] DEBUG Engine               - is3D: false
21:12:54.909 [FXGL Background Thread 3 ] DEBUG Engine               - isAndroid: false
21:12:54.910 [FXGL Background Thread 3 ] DEBUG Engine               - isBrowser: false
21:12:54.910 [FXGL Background Thread 3 ] DEBUG Engine               - isClickFeedbackEnabled: false
21:12:54.910 [FXGL Background Thread 3 ] DEBUG Engine               - isCloseConfirmation: false
21:12:54.910 [FXGL Background Thread 3 ] DEBUG Engine               - isDesktop: true
21:12:54.910 [FXGL Background Thread 3 ] DEBUG Engine               - isDeveloperMenuEnabled: false
21:12:54.910 [FXGL Background Thread 3 ] DEBUG Engine               - isEmbedded: false
21:12:54.910 [FXGL Background Thread 3 ] DEBUG Engine               - isEntityPreloadEnabled: true
21:12:54.910 [FXGL Background Thread 3 ] DEBUG Engine               - isExperimentalTiledLargeMap: false
21:12:54.910 [FXGL Background Thread 3 ] DEBUG Engine               - isFileSystemWriteAllowed: true
21:12:54.910 [FXGL Background Thread 3 ] DEBUG Engine               - isFullScreenAllowed: false
21:12:54.910 [FXGL Background Thread 3 ] DEBUG Engine               - isFullScreenFromStart: false
21:12:54.910 [FXGL Background Thread 3 ] DEBUG Engine               - isGameMenuEnabled: true
21:12:54.910 [FXGL Background Thread 3 ] DEBUG Engine               - isIOS: false
21:12:54.910 [FXGL Background Thread 3 ] DEBUG Engine               - isIntroEnabled: false
21:12:54.910 [FXGL Background Thread 3 ] DEBUG Engine               - isLinux: false
21:12:54.910 [FXGL Background Thread 3 ] DEBUG Engine               - isMac: false
21:12:54.911 [FXGL Background Thread 3 ] DEBUG Engine               - isMainMenuEnabled: false
21:12:54.911 [FXGL Background Thread 3 ] DEBUG Engine               - isManualResizeEnabled: false
21:12:54.911 [FXGL Background Thread 3 ] DEBUG Engine               - isMobile: false
21:12:54.911 [FXGL Background Thread 3 ] DEBUG Engine               - isNative: false
21:12:54.911 [FXGL Background Thread 3 ] DEBUG Engine               - isPauseMusicWhenMinimized: true
21:12:54.911 [FXGL Background Thread 3 ] DEBUG Engine               - isPreserveResizeRatio: false
21:12:54.911 [FXGL Background Thread 3 ] DEBUG Engine               - isProfilingEnabled: false
21:12:54.911 [FXGL Background Thread 3 ] DEBUG Engine               - isScaleAffectedOnResize: true
21:12:54.911 [FXGL Background Thread 3 ] DEBUG Engine               - isSingleStep: false
21:12:54.911 [FXGL Background Thread 3 ] DEBUG Engine               - isUserProfileEnabled: false
21:12:54.911 [FXGL Background Thread 3 ] DEBUG Engine               - isWindows: true
21:12:54.911 [FXGL Background Thread 3 ] DEBUG Engine               - language: ObjectProperty [value: ENGLISH]
21:12:54.912 [FXGL Background Thread 3 ] DEBUG Engine               - menuKey: ESCAPE
21:12:54.912 [FXGL Background Thread 3 ] DEBUG Engine               - mouseSensitivity: 0.2
21:12:54.912 [FXGL Background Thread 3 ] DEBUG Engine               - notificationViewClass: class com.almasb.fxgl.notification.view.XboxNotificationView
21:12:54.912 [FXGL Background Thread 3 ] DEBUG Engine               - pixelsPerMeter: 50.0
21:12:54.912 [FXGL Background Thread 3 ] DEBUG Engine               - platform: WINDOWS
21:12:54.912 [FXGL Background Thread 3 ] DEBUG Engine               - prefHeightProperty: ReadOnlyDoubleProperty [value: 1080.0]
21:12:54.912 [FXGL Background Thread 3 ] DEBUG Engine               - prefWidthProperty: ReadOnlyDoubleProperty [value: 1920.0]
21:12:54.912 [FXGL Background Thread 3 ] DEBUG Engine               - profileDir: profiles/
21:12:54.912 [FXGL Background Thread 3 ] DEBUG Engine               - profileName: StringProperty [value: DEFAULT]
21:12:54.912 [FXGL Background Thread 3 ] DEBUG Engine               - randomSeed: -1
21:12:54.913 [FXGL Background Thread 3 ] DEBUG Engine               - runtimeInfo: RuntimeInfo(platform=WINDOWS, version=17, build=31.12.2021 18.16)
21:12:54.913 [FXGL Background Thread 3 ] DEBUG Engine               - saveFileExt: sav
21:12:54.913 [FXGL Background Thread 3 ] DEBUG Engine               - scaledHeightProp$fxgl: DoubleProperty [bound, value: 815.0]
21:12:54.913 [FXGL Background Thread 3 ] DEBUG Engine               - scaledWidthProp$fxgl: DoubleProperty [bound, value: 1425.0]
21:12:54.913 [FXGL Background Thread 3 ] DEBUG Engine               - sceneFactory: com.almasb.fxgl.app.scene.SceneFactory@669ceae9
21:12:54.913 [FXGL Background Thread 3 ] DEBUG Engine               - secondsIn24h: 60
21:12:54.913 [FXGL Background Thread 3 ] DEBUG Engine               - soundMenuBack: menu/back.wav
21:12:54.913 [FXGL Background Thread 3 ] DEBUG Engine               - soundMenuPress: menu/press.wav
21:12:54.913 [FXGL Background Thread 3 ] DEBUG Engine               - soundMenuSelect: menu/select.wav
21:12:54.913 [FXGL Background Thread 3 ] DEBUG Engine               - soundNotification: core/notification.wav
21:12:54.913 [FXGL Background Thread 3 ] DEBUG Engine               - stageStyle: DECORATED
21:12:54.913 [FXGL Background Thread 3 ] DEBUG Engine               - supportedLanguages: [ENGLISH, FRENCH, GERMAN, HUNGARIAN, RUSSIAN]
21:12:54.913 [FXGL Background Thread 3 ] DEBUG Engine               - ticksPerSecond: -1
21:12:54.914 [FXGL Background Thread 3 ] DEBUG Engine               - title: 坦克大战
21:12:54.914 [FXGL Background Thread 3 ] DEBUG Engine               - urlGithub: https://github.com/AlmasB/FXGL
21:12:54.914 [FXGL Background Thread 3 ] DEBUG Engine               - urlLeaderboard: http://fxgl-top.herokuapp.com/
21:12:54.914 [FXGL Background Thread 3 ] DEBUG Engine               - urlPOM: https://raw.githubusercontent.com/AlmasB/FXGL/release/README.md
21:12:54.914 [FXGL Background Thread 3 ] DEBUG Engine               - userAppClass: class com.alatus.fxgl.TankWarApp
21:12:54.914 [FXGL Background Thread 3 ] DEBUG Engine               - version: 1.0
21:12:54.915 [FXGL Background Thread 3 ] DEBUG Engine               - versionCheckDays: 7
21:12:54.915 [FXGL Background Thread 3 ] DEBUG Engine               - width: 1920
21:12:54.916 [FXGL Background Thread 3 ] DEBUG Engine               - Logging services
21:12:54.916 [FXGL Background Thread 3 ] DEBUG Engine               - class com.almasb.fxgl.app.services.FXGLAssetLoaderService
21:12:54.916 [FXGL Background Thread 3 ] DEBUG Engine               - class com.almasb.fxgl.app.FXGLApplication$GameApplicationService
21:12:54.916 [FXGL Background Thread 3 ] DEBUG Engine               - class com.almasb.fxgl.app.services.FXGLDialogService
21:12:54.917 [FXGL Background Thread 3 ] DEBUG Engine               - class com.almasb.fxgl.app.services.IOTaskExecutorService
21:12:54.917 [FXGL Background Thread 3 ] DEBUG Engine               - class com.almasb.fxgl.io.FileSystemService
21:12:54.917 [FXGL Background Thread 3 ] DEBUG Engine               - class com.almasb.fxgl.localization.LocalizationService
21:12:54.917 [FXGL Background Thread 3 ] DEBUG Engine               - class com.almasb.fxgl.app.services.SystemBundleService
21:12:54.917 [FXGL Background Thread 3 ] DEBUG Engine               - class com.almasb.fxgl.profile.SaveLoadService
21:12:54.917 [FXGL Background Thread 3 ] DEBUG Engine               - class com.almasb.fxgl.ui.FXGLUIFactoryServiceProvider
21:12:54.917 [FXGL Background Thread 3 ] DEBUG Engine               - class com.almasb.fxgl.ui.FXGLDialogFactoryServiceProvider
21:12:54.917 [FXGL Background Thread 3 ] DEBUG Engine               - class com.almasb.fxgl.audio.AudioPlayer
21:12:54.917 [FXGL Background Thread 3 ] DEBUG Engine               - class com.almasb.fxgl.notification.impl.NotificationServiceProvider
21:12:54.918 [FXGL Background Thread 3 ] DEBUG Engine               - class com.almasb.fxgl.achievement.AchievementService
21:12:54.918 [FXGL Background Thread 3 ] DEBUG Engine               - class com.almasb.fxgl.cutscene.CutsceneService
21:12:54.918 [FXGL Background Thread 3 ] DEBUG Engine               - class com.almasb.fxgl.minigames.MiniGameService
21:12:54.918 [FXGL Background Thread 3 ] DEBUG Engine               - class com.almasb.fxgl.net.NetService
21:12:54.918 [FXGL Background Thread 3 ] DEBUG Engine               - class com.almasb.fxgl.app.services.UpdaterService
21:12:54.918 [FXGL Background Thread 3 ] DEBUG Engine               - class com.almasb.fxgl.dev.DevService
21:13:05.514 [JavaFX Application Thread] DEBUG FXGLApplication      - Exiting FXGL
21:13:05.514 [JavaFX Application Thread] DEBUG LoopRunner           - Stopping loop
21:13:05.514 [JavaFX Application Thread] DEBUG SystemBundleService  - Saving FXGL system data
21:13:05.518 [JavaFX Application Thread] DEBUG FileSystemAccess     - Writing to: C:\Users\15713\IdeaProjects\FXGL\system\fxgl.bundle
21:13:05.519 [JavaFX Application Thread] DEBUG Async                - Shutting down background threads
21:13:05.520 [JavaFX Application Thread] DEBUG PrimaryStageWindow   - Closing main window
21:13:05.544 [JavaFX Application Thread] DEBUG Logger               - Closing Logger
