21:22:34.143 [main                     ] DEBUG Logger               - Configured Logger
21:22:34.217 [main                     ] DEBUG GameApplication      - Logging settings
Title: 坦克大战
Version: 1.0
Width: 1920
Height: 1080
Fullscreen: false
Intro: false
Profiling: false
Single step:false
App Mode: DEVELOPER
Menu Key: ESCAPE
Stage Style: DECORATED
Scene Factory: class com.almasb.fxgl.app.scene.SceneFactory

21:22:36.110 [JavaFX Application Thread] DEBUG FXGLApplication      - Initializing FXGL
21:22:36.132 [JavaFX Application Thread] INFO  Engine               - FXGL-17 (31.12.2021 18.16) on WINDOWS (J:17.0.10 FX:17.0.0.1)
21:22:36.132 [JavaFX Application Thread] DEBUG Engine               - JRE Vendor Name: Oracle Corporation
21:22:36.133 [JavaFX Application Thread] DEBUG Engine               - Running on OS: Windows 11 version 10.0
21:22:36.134 [JavaFX Application Thread] DEBUG Engine               - Architecture: amd64
21:22:36.134 [JavaFX Application Thread] INFO  Engine               - Source code and latest versions at: https://github.com/AlmasB/FXGL
21:22:36.135 [JavaFX Application Thread] INFO  Engine               -       Ask questions and discuss at: https://github.com/AlmasB/FXGL/discussions
21:22:36.135 [JavaFX Application Thread] INFO  Engine               -              Join the FXGL chat at: https://gitter.im/AlmasB/FXGL
21:22:36.436 [JavaFX Application Thread] DEBUG PrimaryStageWindow   - Creating a JavaFX scene
21:22:36.437 [JavaFX Application Thread] DEBUG PrimaryStageWindow   - Target size > screen size
21:22:36.553 [JavaFX Application Thread] DEBUG PrimaryStageWindow   - Target settings size: 1920.0 x 1080.0
21:22:36.553 [JavaFX Application Thread] DEBUG PrimaryStageWindow   - Scaled scene size:    1425.0 x 815.0
21:22:36.554 [JavaFX Application Thread] DEBUG PrimaryStageWindow   - Scaled ratio: (0.7421875, 0.7546296296296297)
21:22:36.559 [JavaFX Application Thread] DEBUG PrimaryStageWindow   - Set initial scene to FXGLStartupScene
21:22:36.581 [JavaFX Application Thread] DEBUG PrimaryStageWindow   - Opening main window
21:22:36.766 [JavaFX Application Thread] DEBUG PrimaryStageWindow   - Window border size: (15.0, 37.79998779296875)
21:22:36.767 [JavaFX Application Thread] DEBUG PrimaryStageWindow   - Scaled size: 1425.0 x 815.0
21:22:36.767 [JavaFX Application Thread] DEBUG PrimaryStageWindow   - Scaled ratio: (0.7421875, 0.7546296296296297)
21:22:36.769 [JavaFX Application Thread] DEBUG PrimaryStageWindow   - Scene size: 1425.0 x 815.0
21:22:36.770 [JavaFX Application Thread] DEBUG PrimaryStageWindow   - Stage size: 1440.0 x 852.7999877929688
21:22:36.792 [FXGL Background Thread 1 ] DEBUG Engine               - Initializing environment variables
21:22:36.882 [FXGL Background Thread 1 ] DEBUG FXGLAssetLoaderServi - User app class for loading assets: class com.alatus.fxgl.TankWarApp
21:22:36.883 [FXGL Background Thread 1 ] DEBUG GameApplicationServi - Applying CSS: fxgl_dark.css
21:22:36.885 [FXGL Background Thread 1 ] DEBUG FXGLAssetLoaderServi - Loading from file system: jar:file:///C:/Maven/repository/com/github/almasb/fxgl/17/fxgl-17.jar!/fxglassets/ui/css/fxgl_dark.css
21:22:37.029 [FXGL Background Thread 1 ] DEBUG GameApplicationServi - Initializing application scenes
21:22:37.240 [FXGL Background Thread 1 ] DEBUG GameWorld            - Game world initialized
21:22:37.404 [FXGL Background Thread 1 ] DEBUG PhysicsWorld         - Physics world initialized: appHeight=1080, physics.ppm=50.0
21:22:37.405 [FXGL Background Thread 1 ] DEBUG PhysicsWorld         - Using strategy: BRUTE_FORCE
21:22:37.417 [FXGL Background Thread 1 ] DEBUG GameScene            - Game scene initialized: 1920x1080
21:22:37.457 [FXGL Background Thread 1 ] DEBUG FXGL.DefaultMenu     - createMenuBodyGameMenu()
21:22:37.496 [FXGL Background Thread 1 ] DEBUG FXGL.DefaultMenu     - createOptionsMenu()
21:22:37.527 [FXGL Background Thread 1 ] DEBUG FXGLAssetLoaderServi - Loading from file system: jar:file:///C:/Maven/repository/com/github/almasb/fxgl/17/fxgl-17.jar!/fxglassets/textures/particles/smoke.png
21:22:37.787 [FXGL Background Thread 1 ] DEBUG FXGLAssetLoaderServi - Loading from file system: jar:file:///C:/Maven/repository/com/github/almasb/fxgl/17/fxgl-17.jar!/fxglassets/textures/particles/trace_horizontal.png
21:22:37.867 [FXGL Background Thread 1 ] DEBUG GameApplicationServi - Application scenes initialized
21:22:37.897 [FXGL Background Thread 1 ] DEBUG SystemBundleService  - Loading FXGL system data
21:22:37.907 [FXGL Background Thread 1 ] DEBUG FileSystemAccess     - Reading from: C:\Users\15713\IdeaProjects\FXGL\system\fxgl.bundle
21:22:37.920 [FXGL Background Thread 1 ] DEBUG SystemBundleService  - Bundle FXGL: {}
21:22:37.920 [FXGL Background Thread 1 ] DEBUG UpdaterService       - Checking for updates
21:22:37.930 [FXGL Background Thread 4 ] DEBUG FXGLApplication      - Loading fonts
21:22:37.931 [FXGL Background Thread 4 ] DEBUG FXGLAssetLoaderServi - Loading from file system: jar:file:///C:/Maven/repository/com/github/almasb/fxgl/17/fxgl-17.jar!/fxglassets/ui/fonts/VarelaRound-Regular.ttf
21:22:37.931 [FXGL Background Thread 1 ] DEBUG FXGLApplication      - Loading default localization
21:22:37.933 [FXGL Background Thread 1 ] DEBUG FXGLAssetLoaderServi - Loading from file system: jar:file:///C:/Maven/repository/com/github/almasb/fxgl/17/fxgl-17.jar!/fxglassets/languages/english.lang
21:22:38.030 [FXGL Background Thread 1 ] INFO  FXGLApplication      - FXGL initialization took: 1.238 sec
21:22:38.073 [JavaFX Application Thread] DEBUG Input                - Registered new binding: 向上 - Up
21:22:38.074 [JavaFX Application Thread] DEBUG Input                - Registered new binding: 向下 - Down
21:22:38.074 [JavaFX Application Thread] DEBUG Input                - Registered new binding: 向左 - Left
21:22:38.075 [JavaFX Application Thread] DEBUG Input                - Registered new binding: 向右 - Right
21:22:38.075 [JavaFX Application Thread] DEBUG Input                - Registered new binding: 发射子弹 - Space
21:22:38.076 [JavaFX Application Thread] DEBUG FXGLAssetLoaderServi - Loading from file system: file:/C:/Users/15713/IdeaProjects/FXGL/target/classes/assets/music/music.mp3
21:22:38.371 [FXGL Background Thread 4 ] DEBUG FXGLAssetLoaderServi - Loading from file system: jar:file:///C:/Maven/repository/com/github/almasb/fxgl/17/fxgl-17.jar!/fxglassets/ui/fonts/Abel-Regular.ttf
21:22:38.381 [FXGL Background Thread 4 ] DEBUG FXGLAssetLoaderServi - Loading from file system: jar:file:///C:/Maven/repository/com/github/almasb/fxgl/17/fxgl-17.jar!/fxglassets/ui/fonts/TerminalLandMono-Regular.otf
21:22:38.400 [FXGL Background Thread 4 ] DEBUG FXGLAssetLoaderServi - Loading from file system: jar:file:///C:/Maven/repository/com/github/almasb/fxgl/17/fxgl-17.jar!/fxglassets/ui/fonts/Courier-Prime.ttf
21:22:38.540 [FXGL Background Thread 2 ] WARN  UpdaterService       - Failed to find updates: java.net.UnknownHostException: raw.githubusercontent.com
21:22:38.580 [JavaFX Application Thread] DEBUG AudioPlayer          - Playing music com.almasb.fxgl.audio.Music@550c8b4d
21:22:38.581 [JavaFX Application Thread] DEBUG FXGLAssetLoaderServi - Loading from file system: file:/C:/Users/15713/IdeaProjects/FXGL/target/classes/assets/textures/tank.PNG
21:22:39.064 [JavaFX Application Thread] DEBUG FXGLAssetLoaderServi - Loading from file system: jar:file:///C:/Maven/repository/com/github/almasb/fxgl/17/fxgl-17.jar!/fxglassets/textures/fxgl_default_cursor.png
21:22:39.066 [JavaFX Application Thread] DEBUG Input                - Registered new binding: Screenshot - CTRL+8
21:22:39.066 [JavaFX Application Thread] DEBUG Input                - Registered new binding: System info dump - CTRL+9
21:22:39.067 [JavaFX Application Thread] DEBUG Input                - Registered new binding: Restart - CTRL+R
21:22:39.068 [JavaFX Application Thread] DEBUG Input                - Registered new binding: Toggle Debug Camera - CTRL+7
21:22:39.070 [JavaFX Application Thread] DEBUG LoopRunner           - Starting loop
21:22:39.071 [JavaFX Application Thread] DEBUG LoopRunner           - Initializing JavaFX AnimationTimerLoop
21:22:39.074 [JavaFX Application Thread] DEBUG GameApplicationServi - Starting new game
21:22:39.075 [JavaFX Application Thread] DEBUG Input                - Clearing active input actions
21:22:39.093 [JavaFX Application Thread] DEBUG GameApplicationServi - Removing overlay from FXGLStartupScene and adding to FXGLLoadingScene
21:22:39.094 [JavaFX Application Thread] DEBUG PrimaryStageWindow   - FXGLStartupScene -> FXGLLoadingScene
21:22:39.094 [JavaFX Application Thread] DEBUG GameApplicationServi - Clearing previous game
21:22:39.094 [JavaFX Application Thread] DEBUG GameScene            - Clearing game scene
21:22:39.094 [JavaFX Application Thread] DEBUG GameWorld            - Clearing game world
21:22:39.094 [JavaFX Application Thread] DEBUG PhysicsWorld         - Clearing physics world
21:22:39.107 [JavaFX Application Thread] DEBUG FXGLApplication      - Registering font factories with UI factory
21:22:39.107 [FXGL Background Thread 2 ] DEBUG FXGLApplication      - Initializing game
21:22:39.167 [FXGL Background Thread 2 ] INFO  FXGLApplication      - Game initialization took: 0.058 sec
21:22:39.207 [JavaFX Application Thread] DEBUG Input                - Clearing active input actions
21:22:39.219 [JavaFX Application Thread] DEBUG GameApplicationServi - Removing overlay from FXGLLoadingScene and adding to GameScene
21:22:39.219 [JavaFX Application Thread] DEBUG PrimaryStageWindow   - FXGLLoadingScene -> GameScene
21:22:40.929 [FXGL Background Thread 3 ] DEBUG Engine               - Logging environment variables
21:22:40.929 [FXGL Background Thread 3 ] DEBUG Engine               - achievements: []
21:22:40.930 [FXGL Background Thread 3 ] DEBUG Engine               - actualHeight: 815.0
21:22:40.930 [FXGL Background Thread 3 ] DEBUG Engine               - actualHeightProperty: ReadOnlyDoubleProperty [value: 815.0]
21:22:40.930 [FXGL Background Thread 3 ] DEBUG Engine               - actualWidth: 1425.0
21:22:40.930 [FXGL Background Thread 3 ] DEBUG Engine               - actualWidthProperty: ReadOnlyDoubleProperty [value: 1425.0]
21:22:40.930 [FXGL Background Thread 3 ] DEBUG Engine               - appIcon: tank.PNG
21:22:40.930 [FXGL Background Thread 3 ] DEBUG Engine               - applicationMode: DEVELOPER
21:22:40.930 [FXGL Background Thread 3 ] DEBUG Engine               - cSSList: [fxgl_dark.css]
21:22:40.930 [FXGL Background Thread 3 ] DEBUG Engine               - collisionDetectionStrategy: BRUTE_FORCE
21:22:40.930 [FXGL Background Thread 3 ] DEBUG Engine               - configClass: Optional.empty
21:22:40.930 [FXGL Background Thread 3 ] DEBUG Engine               - credits: []
21:22:40.931 [FXGL Background Thread 3 ] DEBUG Engine               - defaultCursor: CursorInfo(imageName=fxgl_default_cursor.png, hotspotX=7.0, hotspotY=6.0)
21:22:40.931 [FXGL Background Thread 3 ] DEBUG Engine               - devBBoxColorProperty: ObjectProperty [value: 0xff0000ff]
21:22:40.931 [FXGL Background Thread 3 ] DEBUG Engine               - devEnableDebugCameraProperty: BooleanProperty [value: false]
21:22:40.931 [FXGL Background Thread 3 ] DEBUG Engine               - devSensorColorProperty: ObjectProperty [value: 0xffff00ff]
21:22:40.931 [FXGL Background Thread 3 ] DEBUG Engine               - devShowBBoxProperty: BooleanProperty [value: false]
21:22:40.932 [FXGL Background Thread 3 ] DEBUG Engine               - devShowPositionProperty: BooleanProperty [value: false]
21:22:40.932 [FXGL Background Thread 3 ] DEBUG Engine               - enabledMenuItems: []
21:22:40.932 [FXGL Background Thread 3 ] DEBUG Engine               - engineServices: [class com.almasb.fxgl.app.services.FXGLAssetLoaderService, class com.almasb.fxgl.app.FXGLApplication$GameApplicationService, class com.almasb.fxgl.app.services.FXGLDialogService, class com.almasb.fxgl.app.services.IOTaskExecutorService, class com.almasb.fxgl.io.FileSystemService, class com.almasb.fxgl.localization.LocalizationService, class com.almasb.fxgl.app.services.SystemBundleService, class com.almasb.fxgl.profile.SaveLoadService, class com.almasb.fxgl.ui.FXGLUIFactoryServiceProvider, class com.almasb.fxgl.ui.FXGLDialogFactoryServiceProvider, class com.almasb.fxgl.audio.AudioPlayer, class com.almasb.fxgl.notification.impl.NotificationServiceProvider, class com.almasb.fxgl.achievement.AchievementService, class com.almasb.fxgl.cutscene.CutsceneService, class com.almasb.fxgl.minigames.MiniGameService, class com.almasb.fxgl.net.NetService, class com.almasb.fxgl.app.services.UpdaterService, class com.almasb.fxgl.dev.DevService]
21:22:40.932 [FXGL Background Thread 3 ] DEBUG Engine               - fontGame: Abel-Regular.ttf
21:22:40.932 [FXGL Background Thread 3 ] DEBUG Engine               - fontMono: TerminalLandMono-Regular.otf
21:22:40.932 [FXGL Background Thread 3 ] DEBUG Engine               - fontText: Courier-Prime.ttf
21:22:40.932 [FXGL Background Thread 3 ] DEBUG Engine               - fontUI: VarelaRound-Regular.ttf
21:22:40.932 [FXGL Background Thread 3 ] DEBUG Engine               - fullScreen: BooleanProperty [value: false]
21:22:40.932 [FXGL Background Thread 3 ] DEBUG Engine               - gameDifficulty: MEDIUM
21:22:40.932 [FXGL Background Thread 3 ] DEBUG Engine               - gameDifficultyProperty: ObjectProperty [value: MEDIUM]
21:22:40.932 [FXGL Background Thread 3 ] DEBUG Engine               - globalMusicVolume: 0.5
21:22:40.933 [FXGL Background Thread 3 ] DEBUG Engine               - globalMusicVolumeProperty: DoubleProperty [value: 0.3]
21:22:40.933 [FXGL Background Thread 3 ] DEBUG Engine               - globalSoundVolume: 0.5
21:22:40.933 [FXGL Background Thread 3 ] DEBUG Engine               - globalSoundVolumeProperty: DoubleProperty [value: 0.5]
21:22:40.933 [FXGL Background Thread 3 ] DEBUG Engine               - height: 1080
21:22:40.933 [FXGL Background Thread 3 ] DEBUG Engine               - is3D: false
21:22:40.933 [FXGL Background Thread 3 ] DEBUG Engine               - isAndroid: false
21:22:40.933 [FXGL Background Thread 3 ] DEBUG Engine               - isBrowser: false
21:22:40.933 [FXGL Background Thread 3 ] DEBUG Engine               - isClickFeedbackEnabled: false
21:22:40.933 [FXGL Background Thread 3 ] DEBUG Engine               - isCloseConfirmation: false
21:22:40.933 [FXGL Background Thread 3 ] DEBUG Engine               - isDesktop: true
21:22:40.933 [FXGL Background Thread 3 ] DEBUG Engine               - isDeveloperMenuEnabled: false
21:22:40.933 [FXGL Background Thread 3 ] DEBUG Engine               - isEmbedded: false
21:22:40.933 [FXGL Background Thread 3 ] DEBUG Engine               - isEntityPreloadEnabled: true
21:22:40.933 [FXGL Background Thread 3 ] DEBUG Engine               - isExperimentalTiledLargeMap: false
21:22:40.934 [FXGL Background Thread 3 ] DEBUG Engine               - isFileSystemWriteAllowed: true
21:22:40.934 [FXGL Background Thread 3 ] DEBUG Engine               - isFullScreenAllowed: false
21:22:40.934 [FXGL Background Thread 3 ] DEBUG Engine               - isFullScreenFromStart: false
21:22:40.934 [FXGL Background Thread 3 ] DEBUG Engine               - isGameMenuEnabled: true
21:22:40.934 [FXGL Background Thread 3 ] DEBUG Engine               - isIOS: false
21:22:40.934 [FXGL Background Thread 3 ] DEBUG Engine               - isIntroEnabled: false
21:22:40.934 [FXGL Background Thread 3 ] DEBUG Engine               - isLinux: false
21:22:40.934 [FXGL Background Thread 3 ] DEBUG Engine               - isMac: false
21:22:40.934 [FXGL Background Thread 3 ] DEBUG Engine               - isMainMenuEnabled: false
21:22:40.934 [FXGL Background Thread 3 ] DEBUG Engine               - isManualResizeEnabled: false
21:22:40.934 [FXGL Background Thread 3 ] DEBUG Engine               - isMobile: false
21:22:40.934 [FXGL Background Thread 3 ] DEBUG Engine               - isNative: false
21:22:40.934 [FXGL Background Thread 3 ] DEBUG Engine               - isPauseMusicWhenMinimized: true
21:22:40.934 [FXGL Background Thread 3 ] DEBUG Engine               - isPreserveResizeRatio: false
21:22:40.934 [FXGL Background Thread 3 ] DEBUG Engine               - isProfilingEnabled: false
21:22:40.934 [FXGL Background Thread 3 ] DEBUG Engine               - isScaleAffectedOnResize: true
21:22:40.935 [FXGL Background Thread 3 ] DEBUG Engine               - isSingleStep: false
21:22:40.935 [FXGL Background Thread 3 ] DEBUG Engine               - isUserProfileEnabled: false
21:22:40.935 [FXGL Background Thread 3 ] DEBUG Engine               - isWindows: true
21:22:40.935 [FXGL Background Thread 3 ] DEBUG Engine               - language: ObjectProperty [value: ENGLISH]
21:22:40.935 [FXGL Background Thread 3 ] DEBUG Engine               - menuKey: ESCAPE
21:22:40.935 [FXGL Background Thread 3 ] DEBUG Engine               - mouseSensitivity: 0.2
21:22:40.935 [FXGL Background Thread 3 ] DEBUG Engine               - notificationViewClass: class com.almasb.fxgl.notification.view.XboxNotificationView
21:22:40.935 [FXGL Background Thread 3 ] DEBUG Engine               - pixelsPerMeter: 50.0
21:22:40.935 [FXGL Background Thread 3 ] DEBUG Engine               - platform: WINDOWS
21:22:40.935 [FXGL Background Thread 3 ] DEBUG Engine               - prefHeightProperty: ReadOnlyDoubleProperty [value: 1080.0]
21:22:40.935 [FXGL Background Thread 3 ] DEBUG Engine               - prefWidthProperty: ReadOnlyDoubleProperty [value: 1920.0]
21:22:40.935 [FXGL Background Thread 3 ] DEBUG Engine               - profileDir: profiles/
21:22:40.935 [FXGL Background Thread 3 ] DEBUG Engine               - profileName: StringProperty [value: DEFAULT]
21:22:40.935 [FXGL Background Thread 3 ] DEBUG Engine               - randomSeed: -1
21:22:40.936 [FXGL Background Thread 3 ] DEBUG Engine               - runtimeInfo: RuntimeInfo(platform=WINDOWS, version=17, build=31.12.2021 18.16)
21:22:40.938 [FXGL Background Thread 3 ] DEBUG Engine               - saveFileExt: sav
21:22:40.938 [FXGL Background Thread 3 ] DEBUG Engine               - scaledHeightProp$fxgl: DoubleProperty [bound, value: 815.0]
21:22:40.939 [FXGL Background Thread 3 ] DEBUG Engine               - scaledWidthProp$fxgl: DoubleProperty [bound, value: 1425.0]
21:22:40.939 [FXGL Background Thread 3 ] DEBUG Engine               - sceneFactory: com.almasb.fxgl.app.scene.SceneFactory@2ab3310e
21:22:40.939 [FXGL Background Thread 3 ] DEBUG Engine               - secondsIn24h: 60
21:22:40.939 [FXGL Background Thread 3 ] DEBUG Engine               - soundMenuBack: menu/back.wav
21:22:40.939 [FXGL Background Thread 3 ] DEBUG Engine               - soundMenuPress: menu/press.wav
21:22:40.939 [FXGL Background Thread 3 ] DEBUG Engine               - soundMenuSelect: menu/select.wav
21:22:40.939 [FXGL Background Thread 3 ] DEBUG Engine               - soundNotification: core/notification.wav
21:22:40.939 [FXGL Background Thread 3 ] DEBUG Engine               - stageStyle: DECORATED
21:22:40.939 [FXGL Background Thread 3 ] DEBUG Engine               - supportedLanguages: [ENGLISH, FRENCH, GERMAN, HUNGARIAN, RUSSIAN]
21:22:40.939 [FXGL Background Thread 3 ] DEBUG Engine               - ticksPerSecond: -1
21:22:40.940 [FXGL Background Thread 3 ] DEBUG Engine               - title: 坦克大战
21:22:40.940 [FXGL Background Thread 3 ] DEBUG Engine               - urlGithub: https://github.com/AlmasB/FXGL
21:22:40.940 [FXGL Background Thread 3 ] DEBUG Engine               - urlLeaderboard: http://fxgl-top.herokuapp.com/
21:22:40.940 [FXGL Background Thread 3 ] DEBUG Engine               - urlPOM: https://raw.githubusercontent.com/AlmasB/FXGL/release/README.md
21:22:40.940 [FXGL Background Thread 3 ] DEBUG Engine               - userAppClass: class com.alatus.fxgl.TankWarApp
21:22:40.940 [FXGL Background Thread 3 ] DEBUG Engine               - version: 1.0
21:22:40.940 [FXGL Background Thread 3 ] DEBUG Engine               - versionCheckDays: 7
21:22:40.940 [FXGL Background Thread 3 ] DEBUG Engine               - width: 1920
21:22:40.941 [FXGL Background Thread 3 ] DEBUG Engine               - Logging services
21:22:40.941 [FXGL Background Thread 3 ] DEBUG Engine               - class com.almasb.fxgl.app.services.FXGLAssetLoaderService
21:22:40.941 [FXGL Background Thread 3 ] DEBUG Engine               - class com.almasb.fxgl.app.FXGLApplication$GameApplicationService
21:22:40.941 [FXGL Background Thread 3 ] DEBUG Engine               - class com.almasb.fxgl.app.services.FXGLDialogService
21:22:40.941 [FXGL Background Thread 3 ] DEBUG Engine               - class com.almasb.fxgl.app.services.IOTaskExecutorService
21:22:40.941 [FXGL Background Thread 3 ] DEBUG Engine               - class com.almasb.fxgl.io.FileSystemService
21:22:40.941 [FXGL Background Thread 3 ] DEBUG Engine               - class com.almasb.fxgl.localization.LocalizationService
21:22:40.941 [FXGL Background Thread 3 ] DEBUG Engine               - class com.almasb.fxgl.app.services.SystemBundleService
21:22:40.941 [FXGL Background Thread 3 ] DEBUG Engine               - class com.almasb.fxgl.profile.SaveLoadService
21:22:40.941 [FXGL Background Thread 3 ] DEBUG Engine               - class com.almasb.fxgl.ui.FXGLUIFactoryServiceProvider
21:22:40.941 [FXGL Background Thread 3 ] DEBUG Engine               - class com.almasb.fxgl.ui.FXGLDialogFactoryServiceProvider
21:22:40.941 [FXGL Background Thread 3 ] DEBUG Engine               - class com.almasb.fxgl.audio.AudioPlayer
21:22:40.941 [FXGL Background Thread 3 ] DEBUG Engine               - class com.almasb.fxgl.notification.impl.NotificationServiceProvider
21:22:40.941 [FXGL Background Thread 3 ] DEBUG Engine               - class com.almasb.fxgl.achievement.AchievementService
21:22:40.941 [FXGL Background Thread 3 ] DEBUG Engine               - class com.almasb.fxgl.cutscene.CutsceneService
21:22:40.941 [FXGL Background Thread 3 ] DEBUG Engine               - class com.almasb.fxgl.minigames.MiniGameService
21:22:40.941 [FXGL Background Thread 3 ] DEBUG Engine               - class com.almasb.fxgl.net.NetService
21:22:40.942 [FXGL Background Thread 3 ] DEBUG Engine               - class com.almasb.fxgl.app.services.UpdaterService
21:22:40.942 [FXGL Background Thread 3 ] DEBUG Engine               - class com.almasb.fxgl.dev.DevService
21:22:46.266 [JavaFX Application Thread] DEBUG FXGLAssetLoaderServi - Loading from file system: file:/C:/Users/15713/IdeaProjects/FXGL/target/classes/assets/sounds/fire.wav
21:22:50.474 [JavaFX Application Thread] DEBUG FXGLAssetLoaderServi - Loading from file system: file:/C:/Users/15713/IdeaProjects/FXGL/target/classes/assets/sounds/strike.wav
21:22:50.841 [JavaFX Application Thread] WARN  GameWorld            - Attempted to remove entity which is not active
21:22:56.065 [JavaFX Application Thread] DEBUG FXGLApplication      - Exiting FXGL
21:22:56.066 [JavaFX Application Thread] DEBUG LoopRunner           - Stopping loop
21:22:56.066 [JavaFX Application Thread] DEBUG SystemBundleService  - Saving FXGL system data
21:22:56.067 [JavaFX Application Thread] DEBUG FileSystemAccess     - Writing to: C:\Users\15713\IdeaProjects\FXGL\system\fxgl.bundle
21:22:56.070 [JavaFX Application Thread] DEBUG Async                - Shutting down background threads
21:22:56.071 [JavaFX Application Thread] DEBUG PrimaryStageWindow   - Closing main window
21:22:56.094 [JavaFX Application Thread] DEBUG Logger               - Closing Logger
