22:17:10.402 [main                     ] DEBUG Logger               - Configured Logger
22:17:10.488 [main                     ] DEBUG GameApplication      - Logging settings
Title: 坦克大战
Version: 1.0
Width: 1920
Height: 1080
Fullscreen: false
Intro: false
Profiling: false
Single step:false
App Mode: DEVELOPER
Menu Key: ESCAPE
Stage Style: DECORATED
Scene Factory: class com.almasb.fxgl.app.scene.SceneFactory

22:17:11.731 [JavaFX Application Thread] DEBUG FXGLApplication      - Initializing FXGL
22:17:11.743 [JavaFX Application Thread] INFO  Engine               - FXGL-17 (31.12.2021 18.16) on WINDOWS (J:17.0.10 FX:17.0.0.1)
22:17:11.743 [JavaFX Application Thread] DEBUG Engine               - JRE Vendor Name: Oracle Corporation
22:17:11.744 [JavaFX Application Thread] DEBUG Engine               - Running on OS: Windows 11 version 10.0
22:17:11.744 [JavaFX Application Thread] DEBUG Engine               - Architecture: amd64
22:17:11.744 [JavaFX Application Thread] INFO  Engine               - Source code and latest versions at: https://github.com/AlmasB/FXGL
22:17:11.745 [JavaFX Application Thread] INFO  Engine               -       Ask questions and discuss at: https://github.com/AlmasB/FXGL/discussions
22:17:11.745 [JavaFX Application Thread] INFO  Engine               -              Join the FXGL chat at: https://gitter.im/AlmasB/FXGL
22:17:11.878 [JavaFX Application Thread] DEBUG PrimaryStageWindow   - Creating a JavaFX scene
22:17:11.879 [JavaFX Application Thread] DEBUG PrimaryStageWindow   - Target size > screen size
22:17:11.942 [JavaFX Application Thread] DEBUG PrimaryStageWindow   - Target settings size: 1920.0 x 1080.0
22:17:11.943 [JavaFX Application Thread] DEBUG PrimaryStageWindow   - Scaled scene size:    1425.0 x 815.0
22:17:11.943 [JavaFX Application Thread] DEBUG PrimaryStageWindow   - Scaled ratio: (0.7421875, 0.7546296296296297)
22:17:11.945 [JavaFX Application Thread] DEBUG PrimaryStageWindow   - Set initial scene to FXGLStartupScene
22:17:11.958 [JavaFX Application Thread] DEBUG PrimaryStageWindow   - Opening main window
22:17:12.122 [JavaFX Application Thread] DEBUG PrimaryStageWindow   - Window border size: (15.0, 37.79998779296875)
22:17:12.123 [JavaFX Application Thread] DEBUG PrimaryStageWindow   - Scaled size: 1425.0 x 815.0
22:17:12.124 [JavaFX Application Thread] DEBUG PrimaryStageWindow   - Scaled ratio: (0.7421875, 0.7546296296296297)
22:17:12.125 [JavaFX Application Thread] DEBUG PrimaryStageWindow   - Scene size: 1425.0 x 815.0
22:17:12.127 [JavaFX Application Thread] DEBUG PrimaryStageWindow   - Stage size: 1440.0 x 852.7999877929688
22:17:12.138 [FXGL Background Thread 1 ] DEBUG Engine               - Initializing environment variables
22:17:12.201 [FXGL Background Thread 1 ] DEBUG FXGLAssetLoaderServi - User app class for loading assets: class com.alatus.fxgl.TankWarApp
22:17:12.202 [FXGL Background Thread 1 ] DEBUG GameApplicationServi - Applying CSS: fxgl_dark.css
22:17:12.203 [FXGL Background Thread 1 ] DEBUG FXGLAssetLoaderServi - Loading from file system: jar:file:///C:/Maven/repository/com/github/almasb/fxgl/17/fxgl-17.jar!/fxglassets/ui/css/fxgl_dark.css
22:17:12.268 [FXGL Background Thread 1 ] DEBUG GameApplicationServi - Initializing application scenes
22:17:12.395 [FXGL Background Thread 1 ] DEBUG GameWorld            - Game world initialized
22:17:12.516 [FXGL Background Thread 1 ] DEBUG PhysicsWorld         - Physics world initialized: appHeight=1080, physics.ppm=50.0
22:17:12.517 [FXGL Background Thread 1 ] DEBUG PhysicsWorld         - Using strategy: BRUTE_FORCE
22:17:12.524 [FXGL Background Thread 1 ] DEBUG GameScene            - Game scene initialized: 1920x1080
22:17:12.549 [FXGL Background Thread 1 ] DEBUG FXGL.DefaultMenu     - createMenuBodyGameMenu()
22:17:12.583 [FXGL Background Thread 1 ] DEBUG FXGL.DefaultMenu     - createOptionsMenu()
22:17:12.601 [FXGL Background Thread 1 ] DEBUG FXGLAssetLoaderServi - Loading from file system: jar:file:///C:/Maven/repository/com/github/almasb/fxgl/17/fxgl-17.jar!/fxglassets/textures/particles/smoke.png
22:17:12.770 [FXGL Background Thread 1 ] DEBUG FXGLAssetLoaderServi - Loading from file system: jar:file:///C:/Maven/repository/com/github/almasb/fxgl/17/fxgl-17.jar!/fxglassets/textures/particles/trace_horizontal.png
22:17:12.816 [FXGL Background Thread 1 ] DEBUG GameApplicationServi - Application scenes initialized
22:17:12.839 [FXGL Background Thread 1 ] DEBUG SystemBundleService  - Loading FXGL system data
22:17:12.847 [FXGL Background Thread 1 ] DEBUG FileSystemAccess     - Reading from: C:\Users\15713\IdeaProjects\FXGL\system\fxgl.bundle
22:17:12.858 [FXGL Background Thread 1 ] DEBUG SystemBundleService  - Bundle FXGL: {}
22:17:12.859 [FXGL Background Thread 1 ] DEBUG UpdaterService       - Checking for updates
22:17:12.866 [FXGL Background Thread 4 ] DEBUG FXGLApplication      - Loading fonts
22:17:12.867 [FXGL Background Thread 4 ] DEBUG FXGLAssetLoaderServi - Loading from file system: jar:file:///C:/Maven/repository/com/github/almasb/fxgl/17/fxgl-17.jar!/fxglassets/ui/fonts/VarelaRound-Regular.ttf
22:17:12.867 [FXGL Background Thread 1 ] DEBUG FXGLApplication      - Loading default localization
22:17:12.869 [FXGL Background Thread 1 ] DEBUG FXGLAssetLoaderServi - Loading from file system: file:/C:/Users/15713/IdeaProjects/FXGL/target/classes/assets/languages/chinese.lang
22:17:12.945 [FXGL Background Thread 1 ] INFO  FXGLApplication      - FXGL initialization took: 0.806 sec
22:17:12.972 [JavaFX Application Thread] DEBUG Input                - Registered new binding: 向上 - Up
22:17:12.972 [JavaFX Application Thread] DEBUG Input                - Registered new binding: 向下 - Down
22:17:12.973 [JavaFX Application Thread] DEBUG Input                - Registered new binding: 向左 - Left
22:17:12.973 [JavaFX Application Thread] DEBUG Input                - Registered new binding: 向右 - Right
22:17:12.974 [JavaFX Application Thread] DEBUG Input                - Registered new binding: 发射子弹 - Space
22:17:12.975 [JavaFX Application Thread] DEBUG FXGLAssetLoaderServi - Loading from file system: file:/C:/Users/15713/IdeaProjects/FXGL/target/classes/assets/music/music.mp3
22:17:13.071 [FXGL Background Thread 4 ] DEBUG FXGLAssetLoaderServi - Loading from file system: jar:file:///C:/Maven/repository/com/github/almasb/fxgl/17/fxgl-17.jar!/fxglassets/ui/fonts/Abel-Regular.ttf
22:17:13.078 [FXGL Background Thread 4 ] DEBUG FXGLAssetLoaderServi - Loading from file system: jar:file:///C:/Maven/repository/com/github/almasb/fxgl/17/fxgl-17.jar!/fxglassets/ui/fonts/TerminalLandMono-Regular.otf
22:17:13.085 [FXGL Background Thread 4 ] DEBUG FXGLAssetLoaderServi - Loading from file system: jar:file:///C:/Maven/repository/com/github/almasb/fxgl/17/fxgl-17.jar!/fxglassets/ui/fonts/Courier-Prime.ttf
22:17:13.261 [JavaFX Application Thread] DEBUG AudioPlayer          - Playing music com.almasb.fxgl.audio.Music@4436f6c5
22:17:13.263 [JavaFX Application Thread] DEBUG FXGLAssetLoaderServi - Loading from file system: file:/C:/Users/15713/IdeaProjects/FXGL/target/classes/assets/textures/tank.PNG
22:17:13.281 [FXGL Background Thread 2 ] WARN  UpdaterService       - Failed to find updates: java.net.UnknownHostException: raw.githubusercontent.com
22:17:13.634 [JavaFX Application Thread] DEBUG FXGLAssetLoaderServi - Loading from file system: jar:file:///C:/Maven/repository/com/github/almasb/fxgl/17/fxgl-17.jar!/fxglassets/textures/fxgl_default_cursor.png
22:17:13.636 [JavaFX Application Thread] DEBUG Input                - Registered new binding: Screenshot - CTRL+8
22:17:13.637 [JavaFX Application Thread] DEBUG Input                - Registered new binding: System info dump - CTRL+9
22:17:13.638 [JavaFX Application Thread] DEBUG Input                - Registered new binding: Restart - CTRL+R
22:17:13.638 [JavaFX Application Thread] DEBUG Input                - Registered new binding: Toggle Debug Camera - CTRL+7
22:17:13.641 [JavaFX Application Thread] DEBUG LoopRunner           - Starting loop
22:17:13.641 [JavaFX Application Thread] DEBUG LoopRunner           - Initializing JavaFX AnimationTimerLoop
22:17:13.643 [JavaFX Application Thread] DEBUG GameApplicationServi - Starting new game
22:17:13.643 [JavaFX Application Thread] DEBUG Input                - Clearing active input actions
22:17:13.669 [JavaFX Application Thread] DEBUG GameApplicationServi - Removing overlay from FXGLStartupScene and adding to FXGLLoadingScene
22:17:13.669 [JavaFX Application Thread] DEBUG PrimaryStageWindow   - FXGLStartupScene -> FXGLLoadingScene
22:17:13.669 [JavaFX Application Thread] DEBUG GameApplicationServi - Clearing previous game
22:17:13.670 [JavaFX Application Thread] DEBUG GameScene            - Clearing game scene
22:17:13.670 [JavaFX Application Thread] DEBUG GameWorld            - Clearing game world
22:17:13.670 [JavaFX Application Thread] DEBUG PhysicsWorld         - Clearing physics world
22:17:13.675 [FXGL Background Thread 2 ] DEBUG FXGLApplication      - Initializing game
22:17:13.678 [JavaFX Application Thread] DEBUG FXGLApplication      - Registering font factories with UI factory
22:17:13.725 [FXGL Background Thread 2 ] INFO  FXGLApplication      - Game initialization took: 0.049 sec
22:17:13.753 [JavaFX Application Thread] DEBUG Input                - Clearing active input actions
22:17:13.767 [JavaFX Application Thread] DEBUG GameApplicationServi - Removing overlay from FXGLLoadingScene and adding to GameScene
22:17:13.768 [JavaFX Application Thread] DEBUG PrimaryStageWindow   - FXGLLoadingScene -> GameScene
22:17:15.650 [JavaFX Application Thread] DEBUG PrimaryStageWindow   - Push state: FXGLDefaultMenu
22:17:15.663 [JavaFX Application Thread] DEBUG Input                - Clearing active input actions
22:17:15.670 [JavaFX Application Thread] DEBUG GameApplicationServi - Removing overlay from GameScene and adding to FXGLDefaultMenu
22:17:15.670 [JavaFX Application Thread] DEBUG PrimaryStageWindow   - GameScene -> FXGLDefaultMenu
22:17:15.864 [FXGL Background Thread 3 ] DEBUG Engine               - Logging environment variables
22:17:15.864 [FXGL Background Thread 3 ] DEBUG Engine               - achievements: []
22:17:15.864 [FXGL Background Thread 3 ] DEBUG Engine               - actualHeight: 815.0
22:17:15.865 [FXGL Background Thread 3 ] DEBUG Engine               - actualHeightProperty: ReadOnlyDoubleProperty [value: 815.0]
22:17:15.865 [FXGL Background Thread 3 ] DEBUG Engine               - actualWidth: 1425.0
22:17:15.865 [FXGL Background Thread 3 ] DEBUG Engine               - actualWidthProperty: ReadOnlyDoubleProperty [value: 1425.0]
22:17:15.865 [FXGL Background Thread 3 ] DEBUG Engine               - appIcon: tank.PNG
22:17:15.865 [FXGL Background Thread 3 ] DEBUG Engine               - applicationMode: DEVELOPER
22:17:15.865 [FXGL Background Thread 3 ] DEBUG Engine               - cSSList: [fxgl_dark.css]
22:17:15.865 [FXGL Background Thread 3 ] DEBUG Engine               - collisionDetectionStrategy: BRUTE_FORCE
22:17:15.865 [FXGL Background Thread 3 ] DEBUG Engine               - configClass: Optional.empty
22:17:15.865 [FXGL Background Thread 3 ] DEBUG Engine               - credits: []
22:17:15.867 [FXGL Background Thread 3 ] DEBUG Engine               - defaultCursor: CursorInfo(imageName=fxgl_default_cursor.png, hotspotX=7.0, hotspotY=6.0)
22:17:15.867 [FXGL Background Thread 3 ] DEBUG Engine               - devBBoxColorProperty: ObjectProperty [value: 0xff0000ff]
22:17:15.867 [FXGL Background Thread 3 ] DEBUG Engine               - devEnableDebugCameraProperty: BooleanProperty [value: false]
22:17:15.867 [FXGL Background Thread 3 ] DEBUG Engine               - devSensorColorProperty: ObjectProperty [value: 0xffff00ff]
22:17:15.867 [FXGL Background Thread 3 ] DEBUG Engine               - devShowBBoxProperty: BooleanProperty [value: false]
22:17:15.867 [FXGL Background Thread 3 ] DEBUG Engine               - devShowPositionProperty: BooleanProperty [value: false]
22:17:15.868 [FXGL Background Thread 3 ] DEBUG Engine               - enabledMenuItems: []
22:17:15.868 [FXGL Background Thread 3 ] DEBUG Engine               - engineServices: [class com.almasb.fxgl.app.services.FXGLAssetLoaderService, class com.almasb.fxgl.app.FXGLApplication$GameApplicationService, class com.almasb.fxgl.app.services.FXGLDialogService, class com.almasb.fxgl.app.services.IOTaskExecutorService, class com.almasb.fxgl.io.FileSystemService, class com.almasb.fxgl.localization.LocalizationService, class com.almasb.fxgl.app.services.SystemBundleService, class com.almasb.fxgl.profile.SaveLoadService, class com.almasb.fxgl.ui.FXGLUIFactoryServiceProvider, class com.almasb.fxgl.ui.FXGLDialogFactoryServiceProvider, class com.almasb.fxgl.audio.AudioPlayer, class com.almasb.fxgl.notification.impl.NotificationServiceProvider, class com.almasb.fxgl.achievement.AchievementService, class com.almasb.fxgl.cutscene.CutsceneService, class com.almasb.fxgl.minigames.MiniGameService, class com.almasb.fxgl.net.NetService, class com.almasb.fxgl.app.services.UpdaterService, class com.almasb.fxgl.dev.DevService]
22:17:15.868 [FXGL Background Thread 3 ] DEBUG Engine               - fontGame: Abel-Regular.ttf
22:17:15.868 [FXGL Background Thread 3 ] DEBUG Engine               - fontMono: TerminalLandMono-Regular.otf
22:17:15.868 [FXGL Background Thread 3 ] DEBUG Engine               - fontText: Courier-Prime.ttf
22:17:15.868 [FXGL Background Thread 3 ] DEBUG Engine               - fontUI: VarelaRound-Regular.ttf
22:17:15.868 [FXGL Background Thread 3 ] DEBUG Engine               - fullScreen: BooleanProperty [value: false]
22:17:15.868 [FXGL Background Thread 3 ] DEBUG Engine               - gameDifficulty: MEDIUM
22:17:15.868 [FXGL Background Thread 3 ] DEBUG Engine               - gameDifficultyProperty: ObjectProperty [value: MEDIUM]
22:17:15.868 [FXGL Background Thread 3 ] DEBUG Engine               - globalMusicVolume: 0.5
22:17:15.868 [FXGL Background Thread 3 ] DEBUG Engine               - globalMusicVolumeProperty: DoubleProperty [value: 0.3]
22:17:15.868 [FXGL Background Thread 3 ] DEBUG Engine               - globalSoundVolume: 0.5
22:17:15.870 [FXGL Background Thread 3 ] DEBUG Engine               - globalSoundVolumeProperty: DoubleProperty [value: 0.5]
22:17:15.870 [FXGL Background Thread 3 ] DEBUG Engine               - height: 1080
22:17:15.870 [FXGL Background Thread 3 ] DEBUG Engine               - is3D: false
22:17:15.870 [FXGL Background Thread 3 ] DEBUG Engine               - isAndroid: false
22:17:15.870 [FXGL Background Thread 3 ] DEBUG Engine               - isBrowser: false
22:17:15.870 [FXGL Background Thread 3 ] DEBUG Engine               - isClickFeedbackEnabled: false
22:17:15.870 [FXGL Background Thread 3 ] DEBUG Engine               - isCloseConfirmation: false
22:17:15.871 [FXGL Background Thread 3 ] DEBUG Engine               - isDesktop: true
22:17:15.871 [FXGL Background Thread 3 ] DEBUG Engine               - isDeveloperMenuEnabled: false
22:17:15.871 [FXGL Background Thread 3 ] DEBUG Engine               - isEmbedded: false
22:17:15.871 [FXGL Background Thread 3 ] DEBUG Engine               - isEntityPreloadEnabled: true
22:17:15.871 [FXGL Background Thread 3 ] DEBUG Engine               - isExperimentalTiledLargeMap: false
22:17:15.871 [FXGL Background Thread 3 ] DEBUG Engine               - isFileSystemWriteAllowed: true
22:17:15.871 [FXGL Background Thread 3 ] DEBUG Engine               - isFullScreenAllowed: false
22:17:15.872 [FXGL Background Thread 3 ] DEBUG Engine               - isFullScreenFromStart: false
22:17:15.872 [FXGL Background Thread 3 ] DEBUG Engine               - isGameMenuEnabled: true
22:17:15.872 [FXGL Background Thread 3 ] DEBUG Engine               - isIOS: false
22:17:15.872 [FXGL Background Thread 3 ] DEBUG Engine               - isIntroEnabled: false
22:17:15.873 [FXGL Background Thread 3 ] DEBUG Engine               - isLinux: false
22:17:15.873 [FXGL Background Thread 3 ] DEBUG Engine               - isMac: false
22:17:15.873 [FXGL Background Thread 3 ] DEBUG Engine               - isMainMenuEnabled: false
22:17:15.873 [FXGL Background Thread 3 ] DEBUG Engine               - isManualResizeEnabled: false
22:17:15.873 [FXGL Background Thread 3 ] DEBUG Engine               - isMobile: false
22:17:15.873 [FXGL Background Thread 3 ] DEBUG Engine               - isNative: false
22:17:15.873 [FXGL Background Thread 3 ] DEBUG Engine               - isPauseMusicWhenMinimized: true
22:17:15.873 [FXGL Background Thread 3 ] DEBUG Engine               - isPreserveResizeRatio: false
22:17:15.874 [FXGL Background Thread 3 ] DEBUG Engine               - isProfilingEnabled: false
22:17:15.874 [FXGL Background Thread 3 ] DEBUG Engine               - isScaleAffectedOnResize: true
22:17:15.874 [FXGL Background Thread 3 ] DEBUG Engine               - isSingleStep: false
22:17:15.874 [FXGL Background Thread 3 ] DEBUG Engine               - isUserProfileEnabled: false
22:17:15.874 [FXGL Background Thread 3 ] DEBUG Engine               - isWindows: true
22:17:15.874 [FXGL Background Thread 3 ] DEBUG Engine               - language: ObjectProperty [value: CHINESE]
22:17:15.874 [FXGL Background Thread 3 ] DEBUG Engine               - menuKey: ESCAPE
22:17:15.874 [FXGL Background Thread 3 ] DEBUG Engine               - mouseSensitivity: 0.2
22:17:15.874 [FXGL Background Thread 3 ] DEBUG Engine               - notificationViewClass: class com.almasb.fxgl.notification.view.XboxNotificationView
22:17:15.874 [FXGL Background Thread 3 ] DEBUG Engine               - pixelsPerMeter: 50.0
22:17:15.874 [FXGL Background Thread 3 ] DEBUG Engine               - platform: WINDOWS
22:17:15.874 [FXGL Background Thread 3 ] DEBUG Engine               - prefHeightProperty: ReadOnlyDoubleProperty [value: 1080.0]
22:17:15.874 [FXGL Background Thread 3 ] DEBUG Engine               - prefWidthProperty: ReadOnlyDoubleProperty [value: 1920.0]
22:17:15.875 [FXGL Background Thread 3 ] DEBUG Engine               - profileDir: profiles/
22:17:15.875 [FXGL Background Thread 3 ] DEBUG Engine               - profileName: StringProperty [value: DEFAULT]
22:17:15.875 [FXGL Background Thread 3 ] DEBUG Engine               - randomSeed: -1
22:17:15.875 [FXGL Background Thread 3 ] DEBUG Engine               - runtimeInfo: RuntimeInfo(platform=WINDOWS, version=17, build=31.12.2021 18.16)
22:17:15.875 [FXGL Background Thread 3 ] DEBUG Engine               - saveFileExt: sav
22:17:15.875 [FXGL Background Thread 3 ] DEBUG Engine               - scaledHeightProp$fxgl: DoubleProperty [bound, value: 815.0]
22:17:15.875 [FXGL Background Thread 3 ] DEBUG Engine               - scaledWidthProp$fxgl: DoubleProperty [bound, value: 1425.0]
22:17:15.875 [FXGL Background Thread 3 ] DEBUG Engine               - sceneFactory: com.almasb.fxgl.app.scene.SceneFactory@30e8df63
22:17:15.875 [FXGL Background Thread 3 ] DEBUG Engine               - secondsIn24h: 60
22:17:15.875 [FXGL Background Thread 3 ] DEBUG Engine               - soundMenuBack: menu/back.wav
22:17:15.875 [FXGL Background Thread 3 ] DEBUG Engine               - soundMenuPress: menu/press.wav
22:17:15.876 [FXGL Background Thread 3 ] DEBUG Engine               - soundMenuSelect: menu/select.wav
22:17:15.876 [FXGL Background Thread 3 ] DEBUG Engine               - soundNotification: core/notification.wav
22:17:15.876 [FXGL Background Thread 3 ] DEBUG Engine               - stageStyle: DECORATED
22:17:15.876 [FXGL Background Thread 3 ] DEBUG Engine               - supportedLanguages: [CHINESE, ENGLISH, FRENCH, GERMAN, HUNGARIAN, RUSSIAN]
22:17:15.876 [FXGL Background Thread 3 ] DEBUG Engine               - ticksPerSecond: -1
22:17:15.876 [FXGL Background Thread 3 ] DEBUG Engine               - title: 坦克大战
22:17:15.876 [FXGL Background Thread 3 ] DEBUG Engine               - urlGithub: https://github.com/AlmasB/FXGL
22:17:15.876 [FXGL Background Thread 3 ] DEBUG Engine               - urlLeaderboard: http://fxgl-top.herokuapp.com/
22:17:15.876 [FXGL Background Thread 3 ] DEBUG Engine               - urlPOM: https://raw.githubusercontent.com/AlmasB/FXGL/release/README.md
22:17:15.876 [FXGL Background Thread 3 ] DEBUG Engine               - userAppClass: class com.alatus.fxgl.TankWarApp
22:17:15.876 [FXGL Background Thread 3 ] DEBUG Engine               - version: 1.0
22:17:15.876 [FXGL Background Thread 3 ] DEBUG Engine               - versionCheckDays: 7
22:17:15.876 [FXGL Background Thread 3 ] DEBUG Engine               - width: 1920
22:17:15.876 [FXGL Background Thread 3 ] DEBUG Engine               - Logging services
22:17:15.876 [FXGL Background Thread 3 ] DEBUG Engine               - class com.almasb.fxgl.app.services.FXGLAssetLoaderService
22:17:15.877 [FXGL Background Thread 3 ] DEBUG Engine               - class com.almasb.fxgl.app.FXGLApplication$GameApplicationService
22:17:15.877 [FXGL Background Thread 3 ] DEBUG Engine               - class com.almasb.fxgl.app.services.FXGLDialogService
22:17:15.877 [FXGL Background Thread 3 ] DEBUG Engine               - class com.almasb.fxgl.app.services.IOTaskExecutorService
22:17:15.877 [FXGL Background Thread 3 ] DEBUG Engine               - class com.almasb.fxgl.io.FileSystemService
22:17:15.877 [FXGL Background Thread 3 ] DEBUG Engine               - class com.almasb.fxgl.localization.LocalizationService
22:17:15.877 [FXGL Background Thread 3 ] DEBUG Engine               - class com.almasb.fxgl.app.services.SystemBundleService
22:17:15.877 [FXGL Background Thread 3 ] DEBUG Engine               - class com.almasb.fxgl.profile.SaveLoadService
22:17:15.877 [FXGL Background Thread 3 ] DEBUG Engine               - class com.almasb.fxgl.ui.FXGLUIFactoryServiceProvider
22:17:15.877 [FXGL Background Thread 3 ] DEBUG Engine               - class com.almasb.fxgl.ui.FXGLDialogFactoryServiceProvider
22:17:15.877 [FXGL Background Thread 3 ] DEBUG Engine               - class com.almasb.fxgl.audio.AudioPlayer
22:17:15.877 [FXGL Background Thread 3 ] DEBUG Engine               - class com.almasb.fxgl.notification.impl.NotificationServiceProvider
22:17:15.877 [FXGL Background Thread 3 ] DEBUG Engine               - class com.almasb.fxgl.achievement.AchievementService
22:17:15.877 [FXGL Background Thread 3 ] DEBUG Engine               - class com.almasb.fxgl.cutscene.CutsceneService
22:17:15.877 [FXGL Background Thread 3 ] DEBUG Engine               - class com.almasb.fxgl.minigames.MiniGameService
22:17:15.877 [FXGL Background Thread 3 ] DEBUG Engine               - class com.almasb.fxgl.net.NetService
22:17:15.877 [FXGL Background Thread 3 ] DEBUG Engine               - class com.almasb.fxgl.app.services.UpdaterService
22:17:15.877 [FXGL Background Thread 3 ] DEBUG Engine               - class com.almasb.fxgl.dev.DevService
22:17:19.909 [JavaFX Application Thread] DEBUG FXGL.DefaultMenu     - createContentGameplay()
22:17:21.990 [JavaFX Application Thread] DEBUG FXGL.DefaultMenu     - createContentVideo()
22:17:23.038 [JavaFX Application Thread] DEBUG FXGL.DefaultMenu     - createContentAudio()
22:17:28.952 [JavaFX Application Thread] DEBUG FXGL.DefaultMenu     - createContentControls()
22:17:35.216 [JavaFX Application Thread] DEBUG Menu                 - fireResume()
22:17:35.217 [JavaFX Application Thread] DEBUG PrimaryStageWindow   - Pop state: FXGLDefaultMenu
22:17:35.217 [JavaFX Application Thread] DEBUG Input                - Clearing active input actions
22:17:35.217 [JavaFX Application Thread] DEBUG GameApplicationServi - Removing overlay from FXGLDefaultMenu and adding to GameScene
22:17:35.218 [JavaFX Application Thread] DEBUG PrimaryStageWindow   - GameScene <- FXGLDefaultMenu
22:17:37.025 [JavaFX Application Thread] DEBUG FXGLAssetLoaderServi - Loading from file system: file:/C:/Users/15713/IdeaProjects/FXGL/target/classes/assets/sounds/fire.wav
22:17:37.912 [JavaFX Application Thread] DEBUG FXGLAssetLoaderServi - Loading from file system: file:/C:/Users/15713/IdeaProjects/FXGL/target/classes/assets/sounds/strike.wav
22:17:53.072 [JavaFX Application Thread] WARN  GameWorld            - Attempted to remove entity which is not active
22:18:07.426 [JavaFX Application Thread] DEBUG FXGLApplication      - Exiting FXGL
22:18:07.427 [JavaFX Application Thread] DEBUG LoopRunner           - Stopping loop
22:18:07.427 [JavaFX Application Thread] DEBUG SystemBundleService  - Saving FXGL system data
22:18:07.429 [JavaFX Application Thread] DEBUG FileSystemAccess     - Writing to: C:\Users\15713\IdeaProjects\FXGL\system\fxgl.bundle
22:18:07.431 [JavaFX Application Thread] DEBUG Async                - Shutting down background threads
22:18:07.431 [JavaFX Application Thread] DEBUG PrimaryStageWindow   - Closing main window
22:18:07.456 [JavaFX Application Thread] DEBUG Logger               - Closing Logger
