16:16:21.901 [main                     ] DEBUG Logger               - Configured Logger
16:16:21.963 [main                     ] DEBUG GameApplication      - Logging settings
Title: Untitled
Version: 0.0
Width: 800
Height: 600
Fullscreen: false
Intro: false
Profiling: false
Single step:false
App Mode: DEVELOPER
Menu Key: ESCAPE
Stage Style: DECORATED
Scene Factory: class com.almasb.fxgl.app.scene.SceneFactory

16:16:23.288 [JavaFX Application Thread] DEBUG FXGLApplication      - Initializing FXGL
16:16:23.300 [JavaFX Application Thread] INFO  Engine               - FXGL-17.1 (24.03.2022 17.34) on WINDOWS (J:17.0.10 FX:18)
16:16:23.301 [JavaFX Application Thread] DEBUG Engine               - JRE Vendor Name: Oracle Corporation
16:16:23.301 [JavaFX Application Thread] DEBUG Engine               - Running on OS: Windows 11 version 10.0
16:16:23.302 [JavaFX Application Thread] DEBUG Engine               - Architecture: amd64
16:16:23.302 [JavaFX Application Thread] INFO  Engine               - Source code and latest versions at: https://github.com/AlmasB/FXGL
16:16:23.302 [JavaFX Application Thread] INFO  Engine               -       Ask questions and discuss at: https://github.com/AlmasB/FXGL/discussions
16:16:23.302 [JavaFX Application Thread] INFO  Engine               -              Join the FXGL chat at: https://gitter.im/AlmasB/FXGL
16:16:23.507 [JavaFX Application Thread] DEBUG PrimaryStageWindow   - Creating a JavaFX scene
16:16:23.600 [JavaFX Application Thread] DEBUG PrimaryStageWindow   - Target settings size: 800.0 x 600.0
16:16:23.601 [JavaFX Application Thread] DEBUG PrimaryStageWindow   - Scaled scene size:    800.0 x 600.0
16:16:23.602 [JavaFX Application Thread] DEBUG PrimaryStageWindow   - Scaled ratio: (1.0, 1.0)
16:16:23.605 [JavaFX Application Thread] DEBUG PrimaryStageWindow   - Set initial scene to FXGLStartupScene
16:16:23.620 [JavaFX Application Thread] DEBUG PrimaryStageWindow   - Opening main window
16:16:23.791 [JavaFX Application Thread] DEBUG PrimaryStageWindow   - Window border size: (14.4000244140625, 37.5999755859375)
16:16:23.792 [JavaFX Application Thread] DEBUG PrimaryStageWindow   - Scaled size: 800.0 x 600.0
16:16:23.793 [JavaFX Application Thread] DEBUG PrimaryStageWindow   - Scaled ratio: (1.0, 1.0)
16:16:23.794 [JavaFX Application Thread] DEBUG PrimaryStageWindow   - Scene size: 800.0 x 600.0
16:16:23.794 [JavaFX Application Thread] DEBUG PrimaryStageWindow   - Stage size: 814.4000244140625 x 637.5999755859375
16:16:23.813 [FXGL Background Thread 1 ] DEBUG Engine               - Initializing environment variables
16:16:23.899 [FXGL Background Thread 1 ] DEBUG FXGLAssetLoaderServi - User app class for loading assets: class com.alatus.game.HeroGame
16:16:23.900 [FXGL Background Thread 1 ] DEBUG GameApplicationServi - Applying CSS: fxgl_dark.css
16:16:23.902 [FXGL Background Thread 1 ] DEBUG FXGLAssetLoaderServi - Loading from file system: jar:file:///C:/Maven/repository/com/github/almasb/fxgl/17.1/fxgl-17.1.jar!/fxglassets/ui/css/fxgl_dark.css
16:16:24.026 [FXGL Background Thread 1 ] DEBUG GameApplicationServi - Initializing application scenes
16:16:24.223 [FXGL Background Thread 1 ] DEBUG GameWorld            - Game world initialized
16:16:24.360 [FXGL Background Thread 1 ] DEBUG PhysicsWorld         - Physics world initialized: appHeight=600, physics.ppm=50.0
16:16:24.360 [FXGL Background Thread 1 ] DEBUG PhysicsWorld         - Using strategy: BRUTE_FORCE
16:16:24.370 [FXGL Background Thread 1 ] DEBUG GameScene            - Game scene initialized: 800x600
16:16:24.403 [FXGL Background Thread 1 ] DEBUG FXGL.DefaultMenu     - createMenuBodyGameMenu()
16:16:24.436 [FXGL Background Thread 1 ] DEBUG FXGL.DefaultMenu     - createOptionsMenu()
16:16:24.465 [FXGL Background Thread 1 ] DEBUG FXGLAssetLoaderServi - Loading from file system: jar:file:///C:/Maven/repository/com/github/almasb/fxgl/17.1/fxgl-17.1.jar!/fxglassets/textures/particles/smoke.png
16:16:24.673 [FXGL Background Thread 1 ] DEBUG FXGLAssetLoaderServi - Loading from file system: jar:file:///C:/Maven/repository/com/github/almasb/fxgl/17.1/fxgl-17.1.jar!/fxglassets/textures/particles/trace_horizontal.png
16:16:24.739 [FXGL Background Thread 1 ] DEBUG GameApplicationServi - Application scenes initialized
16:16:24.767 [FXGL Background Thread 1 ] DEBUG SystemBundleService  - Loading FXGL system data
16:16:24.775 [FXGL Background Thread 1 ] DEBUG FileSystemAccess     - Reading from: C:\Users\15713\IdeaProjects\FXGL\system\fxgl.bundle
16:16:24.787 [FXGL Background Thread 1 ] DEBUG SystemBundleService  - Bundle FXGL: {}
16:16:24.787 [FXGL Background Thread 1 ] DEBUG UpdaterService       - Checking for updates
16:16:24.797 [FXGL Background Thread 4 ] DEBUG FXGLApplication      - Loading fonts
16:16:24.797 [FXGL Background Thread 4 ] DEBUG FXGLAssetLoaderServi - Loading from file system: jar:file:///C:/Maven/repository/com/github/almasb/fxgl/17.1/fxgl-17.1.jar!/fxglassets/ui/fonts/VarelaRound-Regular.ttf
16:16:24.798 [FXGL Background Thread 1 ] DEBUG FXGLApplication      - Loading default localization
16:16:24.799 [FXGL Background Thread 1 ] DEBUG FXGLAssetLoaderServi - Loading from file system: jar:file:///C:/Maven/repository/com/github/almasb/fxgl/17.1/fxgl-17.1.jar!/fxglassets/languages/english.lang
16:16:24.879 [FXGL Background Thread 1 ] INFO  FXGLApplication      - FXGL initialization took: 1.065 sec
16:16:24.882 [JavaFX Application Thread] DEBUG FXGLAssetLoaderServi - Loading from file system: jar:file:///C:/Maven/repository/com/github/almasb/fxgl/17.1/fxgl-17.1.jar!/fxglassets/textures/fxgl_icon.png
16:16:24.936 [JavaFX Application Thread] DEBUG FXGLAssetLoaderServi - Loading from file system: jar:file:///C:/Maven/repository/com/github/almasb/fxgl/17.1/fxgl-17.1.jar!/fxglassets/textures/fxgl_default_cursor.png
16:16:24.985 [JavaFX Application Thread] DEBUG Input                - Registered new binding: Screenshot - CTRL+8
16:16:24.986 [JavaFX Application Thread] DEBUG Input                - Registered new binding: System info dump - CTRL+9
16:16:24.989 [JavaFX Application Thread] DEBUG Input                - Registered new binding: Restart - CTRL+R
16:16:24.992 [JavaFX Application Thread] DEBUG Input                - Registered new binding: Toggle Debug Camera - CTRL+7
16:16:25.001 [JavaFX Application Thread] DEBUG LoopRunner           - Starting loop
16:16:25.001 [JavaFX Application Thread] DEBUG LoopRunner           - Initializing JavaFX AnimationTimerLoop
16:16:25.008 [JavaFX Application Thread] DEBUG GameApplicationServi - Starting new game
16:16:25.009 [JavaFX Application Thread] DEBUG Input                - Clearing active input actions
16:16:25.055 [JavaFX Application Thread] DEBUG GameApplicationServi - Removing overlay from FXGLStartupScene and adding to FXGLLoadingScene
16:16:25.058 [JavaFX Application Thread] DEBUG PrimaryStageWindow   - FXGLStartupScene -> FXGLLoadingScene
16:16:25.058 [JavaFX Application Thread] DEBUG GameApplicationServi - Clearing previous game
16:16:25.058 [JavaFX Application Thread] DEBUG GameScene            - Clearing game scene
16:16:25.058 [JavaFX Application Thread] DEBUG GameWorld            - Clearing game world
16:16:25.059 [JavaFX Application Thread] DEBUG PhysicsWorld         - Clearing physics world
16:16:25.067 [FXGL Background Thread 1 ] DEBUG FXGLApplication      - Initializing game
16:16:25.166 [FXGL Background Thread 1 ] DEBUG FXGLAssetLoaderServi - Loading from file system: file:/C:/Users/15713/IdeaProjects/FXGL/ImageGame/target/classes/assets/textures/Hero.png
16:16:25.251 [FXGL Background Thread 4 ] DEBUG FXGLAssetLoaderServi - Loading from file system: jar:file:///C:/Maven/repository/com/github/almasb/fxgl/17.1/fxgl-17.1.jar!/fxglassets/ui/fonts/Abel-Regular.ttf
16:16:25.273 [FXGL Background Thread 4 ] DEBUG FXGLAssetLoaderServi - Loading from file system: jar:file:///C:/Maven/repository/com/github/almasb/fxgl/17.1/fxgl-17.1.jar!/fxglassets/ui/fonts/TerminalLandMono-Regular.otf
16:16:25.292 [FXGL Background Thread 4 ] DEBUG FXGLAssetLoaderServi - Loading from file system: jar:file:///C:/Maven/repository/com/github/almasb/fxgl/17.1/fxgl-17.1.jar!/fxglassets/ui/fonts/Courier-Prime.ttf
16:16:25.499 [JavaFX Application Thread] DEBUG FXGLApplication      - Registering font factories with UI factory
16:16:25.684 [FXGL Background Thread 1 ] INFO  FXGLApplication      - Game initialization took: 0.616 sec
16:16:25.685 [JavaFX Application Thread] DEBUG Input                - Clearing active input actions
16:16:25.702 [JavaFX Application Thread] DEBUG GameApplicationServi - Removing overlay from FXGLLoadingScene and adding to GameScene
16:16:25.703 [JavaFX Application Thread] DEBUG PrimaryStageWindow   - FXGLLoadingScene -> GameScene
16:16:26.381 [JavaFX Application Thread] DEBUG FXGLApplication      - Exiting FXGL
16:16:26.381 [JavaFX Application Thread] DEBUG LoopRunner           - Stopping loop
16:16:26.381 [JavaFX Application Thread] DEBUG SystemBundleService  - Saving FXGL system data
16:16:26.384 [JavaFX Application Thread] DEBUG FileSystemAccess     - Writing to: C:\Users\15713\IdeaProjects\FXGL\system\fxgl.bundle
16:16:26.388 [JavaFX Application Thread] DEBUG Async                - Shutting down background threads
16:16:26.388 [JavaFX Application Thread] DEBUG PrimaryStageWindow   - Closing main window
16:16:26.425 [JavaFX Application Thread] DEBUG Logger               - Closing Logger
